{"total": {"lines":{"total":2658,"covered":2431,"skipped":0,"pct":91.45},"statements":{"total":3365,"covered":2981,"skipped":0,"pct":88.58},"functions":{"total":367,"covered":338,"skipped":0,"pct":92.09},"branches":{"total":2958,"covered":2344,"skipped":0,"pct":79.24},"branchesTrue":{"total":0,"covered":0,"skipped":0,"pct":100}}
,"P:\\GITHUB\\betanet-linter\\src\\analyzer.ts": {"lines":{"total":337,"covered":269,"skipped":0,"pct":79.82},"functions":{"total":65,"covered":54,"skipped":0,"pct":83.07},"statements":{"total":395,"covered":308,"skipped":0,"pct":77.97},"branches":{"total":149,"covered":80,"skipped":0,"pct":53.69}}
,"P:\\GITHUB\\betanet-linter\\src\\binary-introspect.ts": {"lines":{"total":22,"covered":22,"skipped":0,"pct":100},"functions":{"total":4,"covered":4,"skipped":0,"pct":100},"statements":{"total":30,"covered":29,"skipped":0,"pct":96.66},"branches":{"total":17,"covered":16,"skipped":0,"pct":94.11}}
,"P:\\GITHUB\\betanet-linter\\src\\check-registry.ts": {"lines":{"total":1284,"covered":1244,"skipped":0,"pct":96.88},"functions":{"total":132,"covered":127,"skipped":0,"pct":96.21},"statements":{"total":1644,"covered":1538,"skipped":0,"pct":93.55},"branches":{"total":1946,"covered":1635,"skipped":0,"pct":84.01}}
,"P:\\GITHUB\\betanet-linter\\src\\constants.ts": {"lines":{"total":50,"covered":50,"skipped":0,"pct":100},"functions":{"total":7,"covered":7,"skipped":0,"pct":100},"statements":{"total":64,"covered":61,"skipped":0,"pct":95.31},"branches":{"total":23,"covered":17,"skipped":0,"pct":73.91}}
,"P:\\GITHUB\\betanet-linter\\src\\format.ts": {"lines":{"total":2,"covered":2,"skipped":0,"pct":100},"functions":{"total":1,"covered":1,"skipped":0,"pct":100},"statements":{"total":2,"covered":2,"skipped":0,"pct":100},"branches":{"total":0,"covered":0,"skipped":0,"pct":100}}
,"P:\\GITHUB\\betanet-linter\\src\\governance-parser.ts": {"lines":{"total":103,"covered":99,"skipped":0,"pct":96.11},"functions":{"total":13,"covered":13,"skipped":0,"pct":100},"statements":{"total":129,"covered":116,"skipped":0,"pct":89.92},"branches":{"total":92,"covered":64,"skipped":0,"pct":69.56}}
,"P:\\GITHUB\\betanet-linter\\src\\heuristics.ts": {"lines":{"total":77,"covered":77,"skipped":0,"pct":100},"functions":{"total":14,"covered":14,"skipped":0,"pct":100},"statements":{"total":87,"covered":87,"skipped":0,"pct":100},"branches":{"total":52,"covered":52,"skipped":0,"pct":100}}
,"P:\\GITHUB\\betanet-linter\\src\\index.ts": {"lines":{"total":607,"covered":497,"skipped":0,"pct":81.87},"functions":{"total":98,"covered":85,"skipped":0,"pct":86.73},"statements":{"total":778,"covered":629,"skipped":0,"pct":80.84},"branches":{"total":522,"covered":366,"skipped":0,"pct":70.11}}
,"P:\\GITHUB\\betanet-linter\\src\\safe-exec.ts": {"lines":{"total":20,"covered":17,"skipped":0,"pct":85},"functions":{"total":4,"covered":4,"skipped":0,"pct":100},"statements":{"total":20,"covered":17,"skipped":0,"pct":85},"branches":{"total":36,"covered":20,"skipped":0,"pct":55.55}}
,"P:\\GITHUB\\betanet-linter\\src\\static-parsers.ts": {"lines":{"total":95,"covered":95,"skipped":0,"pct":100},"functions":{"total":16,"covered":16,"skipped":0,"pct":100},"statements":{"total":121,"covered":121,"skipped":0,"pct":100},"branches":{"total":70,"covered":67,"skipped":0,"pct":95.71}}
,"P:\\GITHUB\\betanet-linter\\src\\sbom\\sbom-validators.ts": {"lines":{"total":61,"covered":59,"skipped":0,"pct":96.72},"functions":{"total":13,"covered":13,"skipped":0,"pct":100},"statements":{"total":95,"covered":73,"skipped":0,"pct":76.84},"branches":{"total":51,"covered":27,"skipped":0,"pct":52.94}}
}
