{"total": {"lines":{"total":2720,"covered":2492,"skipped":0,"pct":91.61},"statements":{"total":3463,"covered":3064,"skipped":0,"pct":88.47},"functions":{"total":367,"covered":339,"skipped":0,"pct":92.37},"branches":{"total":3033,"covered":2408,"skipped":0,"pct":79.39},"branchesTrue":{"total":0,"covered":0,"skipped":0,"pct":100}}
,"P:\\GITHUB\\betanet-linter\\src\\analyzer.ts": {"lines":{"total":337,"covered":269,"skipped":0,"pct":79.82},"functions":{"total":65,"covered":54,"skipped":0,"pct":83.07},"statements":{"total":395,"covered":308,"skipped":0,"pct":77.97},"branches":{"total":149,"covered":80,"skipped":0,"pct":53.69}}
,"P:\\GITHUB\\betanet-linter\\src\\binary-introspect.ts": {"lines":{"total":22,"covered":22,"skipped":0,"pct":100},"functions":{"total":4,"covered":4,"skipped":0,"pct":100},"statements":{"total":30,"covered":29,"skipped":0,"pct":96.66},"branches":{"total":17,"covered":16,"skipped":0,"pct":94.11}}
,"P:\\GITHUB\\betanet-linter\\src\\check-registry.ts": {"lines":{"total":1293,"covered":1253,"skipped":0,"pct":96.9},"functions":{"total":132,"covered":127,"skipped":0,"pct":96.21},"statements":{"total":1657,"covered":1549,"skipped":0,"pct":93.48},"branches":{"total":1970,"covered":1656,"skipped":0,"pct":84.06}}
,"P:\\GITHUB\\betanet-linter\\src\\constants.ts": {"lines":{"total":50,"covered":50,"skipped":0,"pct":100},"functions":{"total":7,"covered":7,"skipped":0,"pct":100},"statements":{"total":64,"covered":61,"skipped":0,"pct":95.31},"branches":{"total":23,"covered":17,"skipped":0,"pct":73.91}}
,"P:\\GITHUB\\betanet-linter\\src\\format.ts": {"lines":{"total":2,"covered":2,"skipped":0,"pct":100},"functions":{"total":1,"covered":1,"skipped":0,"pct":100},"statements":{"total":2,"covered":2,"skipped":0,"pct":100},"branches":{"total":0,"covered":0,"skipped":0,"pct":100}}
,"P:\\GITHUB\\betanet-linter\\src\\governance-parser.ts": {"lines":{"total":103,"covered":99,"skipped":0,"pct":96.11},"functions":{"total":13,"covered":13,"skipped":0,"pct":100},"statements":{"total":129,"covered":116,"skipped":0,"pct":89.92},"branches":{"total":92,"covered":64,"skipped":0,"pct":69.56}}
,"P:\\GITHUB\\betanet-linter\\src\\heuristics.ts": {"lines":{"total":77,"covered":77,"skipped":0,"pct":100},"functions":{"total":14,"covered":14,"skipped":0,"pct":100},"statements":{"total":87,"covered":87,"skipped":0,"pct":100},"branches":{"total":52,"covered":52,"skipped":0,"pct":100}}
,"P:\\GITHUB\\betanet-linter\\src\\index.ts": {"lines":{"total":660,"covered":549,"skipped":0,"pct":83.18},"functions":{"total":98,"covered":86,"skipped":0,"pct":87.75},"statements":{"total":863,"covered":701,"skipped":0,"pct":81.22},"branches":{"total":573,"covered":409,"skipped":0,"pct":71.37}}
,"P:\\GITHUB\\betanet-linter\\src\\safe-exec.ts": {"lines":{"total":20,"covered":17,"skipped":0,"pct":85},"functions":{"total":4,"covered":4,"skipped":0,"pct":100},"statements":{"total":20,"covered":17,"skipped":0,"pct":85},"branches":{"total":36,"covered":20,"skipped":0,"pct":55.55}}
,"P:\\GITHUB\\betanet-linter\\src\\static-parsers.ts": {"lines":{"total":95,"covered":95,"skipped":0,"pct":100},"functions":{"total":16,"covered":16,"skipped":0,"pct":100},"statements":{"total":121,"covered":121,"skipped":0,"pct":100},"branches":{"total":70,"covered":67,"skipped":0,"pct":95.71}}
,"P:\\GITHUB\\betanet-linter\\src\\sbom\\sbom-validators.ts": {"lines":{"total":61,"covered":59,"skipped":0,"pct":96.72},"functions":{"total":13,"covered":13,"skipped":0,"pct":100},"statements":{"total":95,"covered":73,"skipped":0,"pct":76.84},"branches":{"total":51,"covered":27,"skipped":0,"pct":52.94}}
}
