TN:
SF:src\analyzer.ts
FN:40,(anonymous_9)
FN:47,(anonymous_10)
FN:48,(anonymous_11)
FN:49,(anonymous_12)
FN:55,(anonymous_13)
FN:58,(anonymous_14)
FN:66,(anonymous_15)
FN:94,(anonymous_16)
FN:96,(anonymous_17)
FN:101,(anonymous_18)
FN:103,(anonymous_19)
FN:140,(anonymous_20)
FN:145,(anonymous_21)
FN:149,(anonymous_22)
FN:150,(anonymous_23)
FN:157,(anonymous_24)
FN:163,(anonymous_25)
FN:202,(anonymous_26)
FN:205,(anonymous_27)
FN:205,(anonymous_28)
FN:206,(anonymous_29)
FN:206,(anonymous_30)
FN:223,(anonymous_31)
FN:224,(anonymous_32)
FN:224,(anonymous_33)
FN:232,(anonymous_34)
FN:236,(anonymous_35)
FN:241,(anonymous_36)
FN:253,(anonymous_37)
FN:277,(anonymous_38)
FN:280,(anonymous_39)
FN:280,(anonymous_40)
FN:281,(anonymous_41)
FN:288,(anonymous_42)
FN:302,(anonymous_43)
FN:320,(anonymous_44)
FN:327,(anonymous_45)
FN:363,flush
FN:368,appendChar
FN:373,isAcceptableCodePoint
FN:382,(anonymous_49)
FN:384,(anonymous_50)
FN:439,(anonymous_51)
FN:440,(anonymous_52)
FN:466,(anonymous_53)
FN:471,(anonymous_54)
FN:472,(anonymous_55)
FN:473,(anonymous_56)
FN:484,(anonymous_57)
FN:485,(anonymous_58)
FN:486,(anonymous_59)
FN:500,(anonymous_60)
FN:509,(anonymous_61)
FN:518,(anonymous_62)
FN:530,(anonymous_63)
FN:531,(anonymous_64)
FN:532,(anonymous_65)
FN:543,(anonymous_66)
FN:548,(anonymous_67)
FN:560,(anonymous_68)
FN:573,(anonymous_69)
FN:583,(anonymous_70)
FN:595,(anonymous_71)
FN:604,(anonymous_72)
FN:616,(anonymous_73)
FNF:65
FNH:54
FNDA:55,(anonymous_9)
FNDA:9,(anonymous_10)
FNDA:70,(anonymous_11)
FNDA:57,(anonymous_12)
FNDA:3,(anonymous_13)
FNDA:45,(anonymous_14)
FNDA:14,(anonymous_15)
FNDA:38,(anonymous_16)
FNDA:4,(anonymous_17)
FNDA:5,(anonymous_18)
FNDA:5,(anonymous_19)
FNDA:3,(anonymous_20)
FNDA:24,(anonymous_21)
FNDA:24,(anonymous_22)
FNDA:24,(anonymous_23)
FNDA:24,(anonymous_24)
FNDA:380,(anonymous_25)
FNDA:139,(anonymous_26)
FNDA:556,(anonymous_27)
FNDA:556,(anonymous_28)
FNDA:834,(anonymous_29)
FNDA:834,(anonymous_30)
FNDA:280,(anonymous_31)
FNDA:692,(anonymous_32)
FNDA:560,(anonymous_33)
FNDA:1,(anonymous_34)
FNDA:1507,(anonymous_35)
FNDA:55,(anonymous_36)
FNDA:330,(anonymous_37)
FNDA:324,(anonymous_38)
FNDA:324,(anonymous_39)
FNDA:11,(anonymous_40)
FNDA:324,(anonymous_41)
FNDA:858,(anonymous_42)
FNDA:49,(anonymous_43)
FNDA:47,(anonymous_44)
FNDA:0,(anonymous_45)
FNDA:1449,flush
FNDA:106391,appendChar
FNDA:6,isAcceptableCodePoint
FNDA:47,(anonymous_49)
FNDA:48,(anonymous_50)
FNDA:47,(anonymous_51)
FNDA:0,(anonymous_52)
FNDA:47,(anonymous_53)
FNDA:0,(anonymous_54)
FNDA:0,(anonymous_55)
FNDA:0,(anonymous_56)
FNDA:0,(anonymous_57)
FNDA:0,(anonymous_58)
FNDA:0,(anonymous_59)
FNDA:47,(anonymous_60)
FNDA:47,(anonymous_61)
FNDA:47,(anonymous_62)
FNDA:0,(anonymous_63)
FNDA:0,(anonymous_64)
FNDA:0,(anonymous_65)
FNDA:47,(anonymous_66)
FNDA:40,(anonymous_67)
FNDA:104,(anonymous_68)
FNDA:37,(anonymous_69)
FNDA:38,(anonymous_70)
FNDA:37,(anonymous_71)
FNDA:38,(anonymous_72)
FNDA:37,(anonymous_73)
DA:1,20
DA:3,20
DA:4,20
DA:5,20
DA:6,20
DA:7,20
DA:8,20
DA:11,20
DA:14,55
DA:15,55
DA:23,55
DA:28,55
DA:30,55
DA:31,55
DA:32,55
DA:33,55
DA:34,55
DA:35,55
DA:36,55
DA:38,55
DA:41,55
DA:42,55
DA:43,55
DA:48,70
DA:49,9
DA:50,57
DA:51,33
DA:52,8
DA:54,24
DA:55,3
DA:57,21
DA:58,45
DA:60,9
DA:61,9
DA:62,9
DA:67,14
DA:68,14
DA:69,14
DA:70,3
DA:71,3
DA:73,11
DA:74,11
DA:75,11
DA:76,11
DA:77,9
DA:78,9
DA:80,0
DA:81,0
DA:83,9
DA:86,2
DA:88,0
DA:89,11
DA:90,11
DA:95,38
DA:96,38
DA:97,38
DA:102,5
DA:103,5
DA:104,5
DA:105,1
DA:106,1
DA:107,1
DA:108,1
DA:110,4
DA:111,1
DA:112,1
DA:113,1
DA:114,1
DA:116,3
DA:117,3
DA:121,3
DA:122,6
DA:123,6
DA:124,2
DA:125,2
DA:126,2
DA:127,2
DA:129,4
DA:130,4
DA:131,4
DA:132,1
DA:133,1
DA:134,1
DA:135,1
DA:138,3
DA:139,3
DA:140,3
DA:146,24
DA:147,24
DA:148,24
DA:149,24
DA:150,24
DA:151,24
DA:152,0
DA:154,24
DA:157,24
DA:158,24
DA:160,24
DA:164,380
DA:165,366
DA:166,366
DA:168,366
DA:169,366
DA:171,0
DA:174,366
DA:175,357
DA:176,357
DA:177,357
DA:178,357
DA:180,357
DA:181,346
DA:189,346
DA:190,3
DA:191,3
DA:192,3
DA:199,346
DA:200,139
DA:202,139
DA:203,139
DA:204,139
DA:205,556
DA:206,834
DA:207,139
DA:213,346
DA:214,0
DA:217,346
DA:218,3
DA:221,346
DA:222,346
DA:223,346
DA:224,692
DA:225,346
DA:227,357
DA:229,366
DA:233,1
DA:237,1507
DA:238,1507
DA:242,55
DA:243,55
DA:244,55
DA:245,55
DA:253,55
DA:254,330
DA:255,330
DA:256,330
DA:257,11
DA:258,11
DA:259,11
DA:260,11
DA:262,319
DA:263,307
DA:264,0
DA:266,307
DA:267,307
DA:268,4
DA:272,0
DA:273,0
DA:276,55
DA:277,324
DA:278,53
DA:279,53
DA:280,324
DA:281,324
DA:282,53
DA:284,53
DA:285,53
DA:290,858
DA:291,858
DA:293,858
DA:294,809
DA:295,809
DA:297,49
DA:298,0
DA:300,49
DA:301,49
DA:302,49
DA:303,49
DA:311,49
DA:312,49
DA:313,49
DA:315,49
DA:317,49
DA:321,47
DA:322,47
DA:324,46
DA:325,46
DA:326,46
DA:327,0
DA:328,0
DA:329,0
DA:333,0
DA:334,0
DA:335,0
DA:336,0
DA:337,0
DA:342,0
DA:344,46
DA:345,46
DA:346,46
DA:349,0
DA:350,0
DA:351,0
DA:356,47
DA:357,47
DA:358,47
DA:359,47
DA:360,47
DA:361,47
DA:364,1449
DA:365,1449
DA:369,106391
DA:370,106391
DA:374,6
DA:375,6
DA:376,6
DA:377,6
DA:378,6
DA:381,47
DA:382,47
DA:383,47
DA:384,47
DA:385,48
DA:386,48
DA:387,48
DA:388,48
DA:389,107792
DA:390,107792
DA:391,107786
DA:392,106385
DA:394,1401
DA:396,107786
DA:399,6
DA:400,6
DA:401,3
DA:402,0
DA:405,0
DA:406,0
DA:408,6
DA:410,0
DA:411,0
DA:413,6
DA:414,6
DA:415,6
DA:416,9
DA:417,9
DA:418,9
DA:420,6
DA:421,0
DA:422,0
DA:423,0
DA:425,6
DA:426,6
DA:427,6
DA:428,6
DA:429,0
DA:431,0
DA:434,48
DA:435,0
DA:436,0
DA:439,47
DA:440,47
DA:443,0
DA:444,0
DA:446,47
DA:447,0
DA:448,0
DA:450,47
DA:451,47
DA:452,1
DA:456,1
DA:457,2
DA:458,2
DA:459,2
DA:463,47
DA:467,47
DA:468,47
DA:469,47
DA:470,0
DA:471,0
DA:472,0
DA:473,0
DA:476,0
DA:477,0
DA:480,0
DA:481,0
DA:482,0
DA:483,0
DA:484,0
DA:485,0
DA:486,0
DA:489,0
DA:490,0
DA:492,0
DA:493,0
DA:494,0
DA:497,47
DA:501,47
DA:502,47
DA:503,47
DA:505,0
DA:510,47
DA:511,47
DA:512,47
DA:514,0
DA:519,47
DA:520,47
DA:521,47
DA:522,47
DA:523,0
DA:525,47
DA:526,47
DA:527,47
DA:529,0
DA:530,0
DA:531,0
DA:532,0
DA:534,0
DA:535,0
DA:537,0
DA:538,0
DA:539,0
DA:544,47
DA:545,47
DA:556,40
DA:557,40
DA:569,104
DA:570,104
DA:579,37
DA:580,37
DA:591,38
DA:592,38
DA:600,37
DA:601,37
DA:612,38
DA:613,38
DA:621,37
DA:622,37
LF:337
LH:269
BRDA:40,0,0,41
BRDA:50,1,0,33
BRDA:50,2,0,57
BRDA:50,2,1,57
BRDA:51,3,0,25
BRDA:54,4,0,3
BRDA:69,5,0,3
BRDA:70,6,0,3
BRDA:70,6,1,3
BRDA:73,7,0,11
BRDA:73,7,1,9
BRDA:76,8,0,9
BRDA:76,8,1,2
BRDA:78,9,0,0
BRDA:96,10,0,4
BRDA:96,10,1,34
BRDA:96,11,0,38
BRDA:96,11,1,4
BRDA:101,12,0,2
BRDA:104,13,0,1
BRDA:107,14,0,0
BRDA:110,15,0,1
BRDA:110,16,0,4
BRDA:110,16,1,4
BRDA:110,16,2,4
BRDA:113,17,0,0
BRDA:123,18,0,6
BRDA:123,18,1,0
BRDA:131,19,0,1
BRDA:146,20,0,0
BRDA:151,21,0,0
BRDA:151,21,1,24
BRDA:164,22,0,14
BRDA:174,23,0,357
BRDA:177,24,0,357
BRDA:177,24,1,10
BRDA:189,25,0,3
BRDA:191,26,0,3
BRDA:191,26,1,0
BRDA:199,27,0,139
BRDA:205,28,0,272
BRDA:206,29,0,411
BRDA:213,30,0,0
BRDA:217,31,0,3
BRDA:224,32,0,0
BRDA:256,33,0,11
BRDA:259,34,0,11
BRDA:259,34,1,7
BRDA:263,35,0,0
BRDA:263,35,1,307
BRDA:267,36,0,4
BRDA:268,37,0,4
BRDA:268,37,1,3
BRDA:273,38,0,0
BRDA:273,38,1,0
BRDA:278,39,0,53
BRDA:282,40,0,53
BRDA:284,41,0,53
BRDA:285,42,0,53
BRDA:290,43,0,858
BRDA:293,44,0,809
BRDA:297,45,0,0
BRDA:311,46,0,49
BRDA:322,47,0,46
BRDA:326,48,0,0
BRDA:326,48,1,46
BRDA:328,49,0,0
BRDA:336,50,0,0
BRDA:336,51,0,0
BRDA:336,51,1,0
BRDA:344,52,0,0
BRDA:346,53,0,46
BRDA:346,53,1,0
BRDA:349,54,0,0
BRDA:351,55,0,0
BRDA:351,55,1,0
BRDA:364,56,0,1365
BRDA:370,57,0,1
BRDA:374,58,0,0
BRDA:375,59,0,0
BRDA:375,60,0,6
BRDA:375,60,1,0
BRDA:376,61,0,0
BRDA:377,62,0,0
BRDA:385,63,0,0
BRDA:386,64,0,48
BRDA:386,64,1,0
BRDA:390,65,0,107786
BRDA:391,66,0,106385
BRDA:391,66,1,1401
BRDA:391,67,0,107786
BRDA:391,67,1,106385
BRDA:400,68,0,3
BRDA:400,68,1,3
BRDA:400,69,0,6
BRDA:400,69,1,6
BRDA:401,70,0,3
BRDA:401,70,1,0
BRDA:401,71,0,3
BRDA:401,71,1,3
BRDA:402,72,0,0
BRDA:402,72,1,0
BRDA:402,73,0,0
BRDA:402,73,1,0
BRDA:408,74,0,0
BRDA:413,75,0,3
BRDA:413,75,1,3
BRDA:413,76,0,3
BRDA:413,76,1,0
BRDA:417,77,0,0
BRDA:420,78,0,0
BRDA:426,79,0,6
BRDA:426,79,1,0
BRDA:434,80,0,0
BRDA:443,81,0,0
BRDA:444,82,0,0
BRDA:444,82,1,0
BRDA:446,83,0,0
BRDA:447,84,0,0
BRDA:447,84,1,0
BRDA:451,85,0,1
BRDA:459,86,0,0
BRDA:459,87,0,2
BRDA:459,87,1,2
BRDA:469,88,0,0
BRDA:472,89,0,0
BRDA:472,89,1,0
BRDA:476,90,0,0
BRDA:482,91,0,0
BRDA:485,92,0,0
BRDA:485,92,1,0
BRDA:489,93,0,0
BRDA:493,94,0,0
BRDA:493,94,1,0
BRDA:503,95,0,47
BRDA:503,95,1,0
BRDA:512,96,0,47
BRDA:512,96,1,0
BRDA:521,97,0,47
BRDA:522,98,0,0
BRDA:526,99,0,47
BRDA:526,99,1,0
BRDA:531,100,0,0
BRDA:531,100,1,0
BRDA:532,101,0,0
BRDA:532,101,1,0
BRDA:534,102,0,0
BRDA:538,103,0,0
BRDA:538,103,1,0
BRF:149
BRH:80
end_of_record
TN:
SF:src\binary-introspect.ts
FN:15,detectFormat
FN:26,introspectBinary
FN:33,(anonymous_11)
FN:42,(anonymous_12)
FNF:4
FNH:4
FNDA:350,detectFormat
FNDA:361,introspectBinary
FNDA:3123,(anonymous_11)
FNDA:284,(anonymous_12)
DA:4,21
DA:16,350
DA:17,283
DA:18,282
DA:19,281
DA:20,281
DA:21,281
DA:23,347
DA:26,21
DA:27,361
DA:28,350
DA:29,350
DA:30,350
DA:32,350
DA:33,3850
DA:35,350
DA:36,350
DA:37,284
DA:38,1
DA:39,1
DA:42,350
DA:43,350
LF:22
LH:22
BRDA:16,0,0,283
BRDA:17,1,0,1
BRDA:17,2,0,283
BRDA:17,2,1,1
BRDA:17,2,2,1
BRDA:17,2,3,1
BRDA:18,3,0,1
BRDA:18,4,0,282
BRDA:18,4,1,1
BRDA:21,5,0,1
BRDA:33,6,0,2
BRDA:33,7,0,3850
BRDA:33,7,1,2
BRDA:37,8,0,1
BRDA:37,9,0,284
BRDA:37,9,1,110
BRDA:39,10,0,0
BRF:17
BRH:16
end_of_record
TN:
SF:src\check-registry.ts
FN:34,(anonymous_9)
FN:64,(anonymous_10)
FN:84,(anonymous_11)
FN:113,(anonymous_12)
FN:114,(anonymous_13)
FN:118,(anonymous_14)
FN:140,(anonymous_15)
FN:207,(anonymous_16)
FN:251,(anonymous_17)
FN:276,(anonymous_18)
FN:307,(anonymous_19)
FN:310,(anonymous_20)
FN:311,(anonymous_21)
FN:312,(anonymous_22)
FN:321,(anonymous_23)
FN:333,(anonymous_24)
FN:358,(anonymous_25)
FN:402,(anonymous_26)
FN:428,(anonymous_27)
FN:438,(anonymous_28)
FN:459,(anonymous_29)
FN:460,(anonymous_30)
FN:499,(anonymous_31)
FN:539,(anonymous_32)
FN:541,(anonymous_33)
FN:621,(anonymous_34)
FN:659,(anonymous_35)
FN:700,(anonymous_36)
FN:733,(anonymous_37)
FN:757,(anonymous_38)
FN:772,(anonymous_39)
FN:781,(anonymous_40)
FN:796,(anonymous_41)
FN:831,(anonymous_42)
FN:882,(anonymous_43)
FN:897,(anonymous_44)
FN:897,(anonymous_45)
FN:902,(anonymous_46)
FN:920,(anonymous_47)
FN:926,(anonymous_48)
FN:926,(anonymous_49)
FN:940,(anonymous_50)
FN:940,(anonymous_51)
FN:947,(anonymous_52)
FN:953,(anonymous_53)
FN:988,(anonymous_54)
FN:1001,(anonymous_55)
FN:1002,(anonymous_56)
FN:1003,(anonymous_57)
FN:1010,(anonymous_58)
FN:1024,(anonymous_59)
FN:1026,(anonymous_60)
FN:1026,(anonymous_61)
FN:1026,(anonymous_62)
FN:1052,(anonymous_63)
FN:1099,(anonymous_64)
FN:1119,(anonymous_65)
FN:1141,(anonymous_66)
FN:1173,(anonymous_67)
FN:1200,(anonymous_68)
FN:1249,top1Avg
FN:1249,(anonymous_70)
FN:1302,(anonymous_71)
FN:1313,(anonymous_72)
FN:1321,(anonymous_73)
FN:1364,(anonymous_74)
FN:1387,(anonymous_75)
FN:1387,(anonymous_76)
FN:1394,(anonymous_77)
FN:1406,(anonymous_78)
FN:1429,(anonymous_79)
FN:1454,(anonymous_80)
FN:1491,(anonymous_81)
FN:1506,(anonymous_82)
FN:1531,(anonymous_83)
FN:1564,(anonymous_84)
FN:1571,(anonymous_85)
FN:1585,(anonymous_86)
FN:1595,(anonymous_87)
FN:1595,(anonymous_88)
FN:1596,(anonymous_89)
FN:1607,(anonymous_90)
FN:1637,(anonymous_91)
FN:1637,(anonymous_92)
FN:1649,cryptoLikeEqual
FN:1666,(anonymous_94)
FN:1682,(anonymous_95)
FN:1705,(anonymous_96)
FN:1706,(anonymous_97)
FN:1740,(anonymous_98)
FN:1768,(anonymous_99)
FN:1789,(anonymous_100)
FN:1797,(anonymous_101)
FN:1798,(anonymous_102)
FN:1800,(anonymous_103)
FN:1800,(anonymous_104)
FN:1801,(anonymous_105)
FN:1801,(anonymous_106)
FN:1831,(anonymous_107)
FN:1841,(anonymous_108)
FN:1842,(anonymous_109)
FN:1866,(anonymous_110)
FN:1923,(anonymous_111)
FN:1949,(anonymous_112)
FN:1973,(anonymous_113)
FN:1995,(anonymous_114)
FN:2009,(anonymous_115)
FN:2015,(anonymous_116)
FN:2045,(anonymous_117)
FN:2058,(anonymous_118)
FN:2070,(anonymous_119)
FN:2070,(anonymous_120)
FN:2070,(anonymous_121)
FN:2091,(anonymous_122)
FN:2145,(anonymous_123)
FN:2168,(anonymous_124)
FN:2208,(anonymous_125)
FN:2237,(anonymous_126)
FN:2270,(anonymous_127)
FN:2285,(anonymous_128)
FN:2292,(anonymous_129)
FN:2306,(anonymous_130)
FN:2327,(anonymous_131)
FN:2329,(anonymous_132)
FN:2351,(anonymous_133)
FN:2354,(anonymous_134)
FN:2375,(anonymous_135)
FN:2378,(anonymous_136)
FN:2381,(anonymous_137)
FN:2384,getChecksByIds
FN:2386,(anonymous_139)
FN:2386,(anonymous_140)
FNF:132
FNH:127
FNDA:207,(anonymous_9)
FNDA:3,(anonymous_10)
FNDA:207,(anonymous_11)
FNDA:19,(anonymous_12)
FNDA:40,(anonymous_13)
FNDA:2,(anonymous_14)
FNDA:208,(anonymous_15)
FNDA:207,(anonymous_16)
FNDA:208,(anonymous_17)
FNDA:207,(anonymous_18)
FNDA:207,(anonymous_19)
FNDA:391,(anonymous_20)
FNDA:392,(anonymous_21)
FNDA:204,(anonymous_22)
FNDA:39,(anonymous_23)
FNDA:1,(anonymous_24)
FNDA:207,(anonymous_25)
FNDA:207,(anonymous_26)
FNDA:207,(anonymous_27)
FNDA:55,(anonymous_28)
FNDA:26,(anonymous_29)
FNDA:13,(anonymous_30)
FNDA:207,(anonymous_31)
FNDA:0,(anonymous_32)
FNDA:0,(anonymous_33)
FNDA:206,(anonymous_34)
FNDA:207,(anonymous_35)
FNDA:209,(anonymous_36)
FNDA:5,(anonymous_37)
FNDA:591,(anonymous_38)
FNDA:207,(anonymous_39)
FNDA:3,(anonymous_40)
FNDA:207,(anonymous_41)
FNDA:207,(anonymous_42)
FNDA:207,(anonymous_43)
FNDA:116,(anonymous_44)
FNDA:116,(anonymous_45)
FNDA:116,(anonymous_46)
FNDA:140,(anonymous_47)
FNDA:40,(anonymous_48)
FNDA:56,(anonymous_49)
FNDA:33,(anonymous_50)
FNDA:33,(anonymous_51)
FNDA:17,(anonymous_52)
FNDA:7,(anonymous_53)
FNDA:207,(anonymous_54)
FNDA:32,(anonymous_55)
FNDA:32,(anonymous_56)
FNDA:32,(anonymous_57)
FNDA:37,(anonymous_58)
FNDA:18,(anonymous_59)
FNDA:14,(anonymous_60)
FNDA:12,(anonymous_61)
FNDA:12,(anonymous_62)
FNDA:30,(anonymous_63)
FNDA:207,(anonymous_64)
FNDA:207,(anonymous_65)
FNDA:207,(anonymous_66)
FNDA:207,(anonymous_67)
FNDA:207,(anonymous_68)
FNDA:0,top1Avg
FNDA:0,(anonymous_70)
FNDA:207,(anonymous_71)
FNDA:12,(anonymous_72)
FNDA:12,(anonymous_73)
FNDA:8,(anonymous_74)
FNDA:10,(anonymous_75)
FNDA:10,(anonymous_76)
FNDA:5,(anonymous_77)
FNDA:8,(anonymous_78)
FNDA:6,(anonymous_79)
FNDA:207,(anonymous_80)
FNDA:446,(anonymous_81)
FNDA:0,(anonymous_82)
FNDA:47,(anonymous_83)
FNDA:207,(anonymous_84)
FNDA:1874,(anonymous_85)
FNDA:559,(anonymous_86)
FNDA:1174,(anonymous_87)
FNDA:11819,(anonymous_88)
FNDA:236,(anonymous_89)
FNDA:1224,(anonymous_90)
FNDA:108,(anonymous_91)
FNDA:76,(anonymous_92)
FNDA:13,cryptoLikeEqual
FNDA:207,(anonymous_94)
FNDA:207,(anonymous_95)
FNDA:13,(anonymous_96)
FNDA:13,(anonymous_97)
FNDA:4,(anonymous_98)
FNDA:207,(anonymous_99)
FNDA:207,(anonymous_100)
FNDA:33,(anonymous_101)
FNDA:16,(anonymous_102)
FNDA:33,(anonymous_103)
FNDA:33,(anonymous_104)
FNDA:33,(anonymous_105)
FNDA:33,(anonymous_106)
FNDA:207,(anonymous_107)
FNDA:8,(anonymous_108)
FNDA:8,(anonymous_109)
FNDA:14,(anonymous_110)
FNDA:207,(anonymous_111)
FNDA:207,(anonymous_112)
FNDA:207,(anonymous_113)
FNDA:207,(anonymous_114)
FNDA:11,(anonymous_115)
FNDA:2,(anonymous_116)
FNDA:207,(anonymous_117)
FNDA:10,(anonymous_118)
FNDA:10,(anonymous_119)
FNDA:9,(anonymous_120)
FNDA:9,(anonymous_121)
FNDA:6,(anonymous_122)
FNDA:207,(anonymous_123)
FNDA:207,(anonymous_124)
FNDA:207,(anonymous_125)
FNDA:207,(anonymous_126)
FNDA:5,(anonymous_127)
FNDA:207,(anonymous_128)
FNDA:44,(anonymous_129)
FNDA:1,(anonymous_130)
FNDA:32,(anonymous_131)
FNDA:32,(anonymous_132)
FNDA:7,(anonymous_133)
FNDA:7,(anonymous_134)
FNDA:1428,(anonymous_135)
FNDA:1581,(anonymous_136)
FNDA:5661,(anonymous_137)
FNDA:209,getChecksByIds
FNDA:8778,(anonymous_139)
FNDA:35807,(anonymous_140)
DA:6,17
DA:7,17
DA:9,17
DA:10,17
DA:25,17
DA:35,207
DA:36,207
DA:37,207
DA:38,207
DA:39,207
DA:40,207
DA:41,207
DA:42,204
DA:43,204
DA:45,3
DA:47,3
DA:48,0
DA:50,3
DA:51,0
DA:53,3
DA:55,2
DA:56,2
DA:58,1
DA:61,3
DA:62,3
DA:64,3
DA:65,3
DA:67,3
DA:68,1
DA:70,2
DA:72,3
DA:73,3
DA:85,207
DA:86,207
DA:87,207
DA:88,200
DA:90,7
DA:91,7
DA:92,7
DA:93,7
DA:94,7
DA:95,7
DA:96,7
DA:97,7
DA:98,7
DA:100,7
DA:101,7
DA:103,7
DA:105,3
DA:106,3
DA:107,3
DA:108,1
DA:112,3
DA:113,19
DA:114,40
DA:115,3
DA:118,3
DA:119,1
DA:122,7
DA:123,7
DA:126,7
DA:129,7
DA:141,208
DA:142,136
DA:143,136
DA:144,136
DA:146,136
DA:147,136
DA:148,136
DA:150,136
DA:152,136
DA:153,136
DA:155,136
DA:156,136
DA:157,136
DA:159,27
DA:160,27
DA:161,27
DA:162,27
DA:163,27
DA:164,5
DA:167,109
DA:169,0
DA:170,0
DA:172,136
DA:173,136
DA:174,136
DA:175,136
DA:176,136
DA:177,136
DA:178,136
DA:179,136
DA:181,136
DA:182,102
DA:183,102
DA:184,102
DA:186,34
DA:188,136
DA:208,207
DA:209,204
DA:210,204
DA:211,204
DA:212,204
DA:213,204
DA:214,204
DA:215,204
DA:216,204
DA:217,204
DA:219,204
DA:220,13
DA:221,13
DA:222,13
DA:223,13
DA:224,13
DA:225,13
DA:226,13
DA:227,13
DA:235,191
DA:240,204
DA:252,208
DA:253,143
DA:254,143
DA:277,207
DA:278,132
DA:279,132
DA:280,132
DA:281,132
DA:282,132
DA:308,207
DA:309,204
DA:310,391
DA:311,392
DA:312,204
DA:314,204
DA:315,204
DA:316,204
DA:317,204
DA:319,204
DA:320,13
DA:321,39
DA:322,13
DA:323,13
DA:324,13
DA:325,13
DA:327,13
DA:328,13
DA:333,191
DA:339,204
DA:359,207
DA:360,132
DA:361,132
DA:363,132
DA:364,132
DA:366,132
DA:367,132
DA:368,14
DA:369,14
DA:370,14
DA:371,14
DA:372,14
DA:373,14
DA:375,132
DA:403,207
DA:404,135
DA:405,135
DA:429,207
DA:430,132
DA:431,132
DA:432,132
DA:433,132
DA:434,132
DA:435,132
DA:436,132
DA:437,14
DA:438,55
DA:439,14
DA:440,14
DA:441,42
DA:442,42
DA:444,14
DA:445,14
DA:446,14
DA:447,14
DA:448,14
DA:451,132
DA:452,132
DA:453,132
DA:454,132
DA:455,13
DA:456,13
DA:457,13
DA:458,13
DA:459,26
DA:460,13
DA:461,13
DA:462,13
DA:465,132
DA:466,99
DA:473,33
DA:478,33
DA:479,33
DA:480,33
DA:481,0
DA:482,33
DA:483,1
DA:485,32
DA:488,132
DA:500,207
DA:501,207
DA:502,207
DA:503,207
DA:504,207
DA:505,207
DA:506,207
DA:507,207
DA:508,207
DA:509,207
DA:510,207
DA:511,207
DA:512,207
DA:513,207
DA:514,207
DA:515,207
DA:516,207
DA:517,207
DA:518,207
DA:520,207
DA:521,207
DA:522,207
DA:523,207
DA:524,207
DA:525,207
DA:526,207
DA:527,35
DA:528,35
DA:529,33
DA:530,33
DA:533,2
DA:534,2
DA:536,172
DA:537,0
DA:538,0
DA:539,0
DA:540,0
DA:541,0
DA:542,0
DA:543,0
DA:548,207
DA:549,24
DA:550,24
DA:552,183
DA:554,207
DA:555,207
DA:556,207
DA:557,207
DA:559,0
DA:562,207
DA:563,23
DA:564,23
DA:565,23
DA:568,207
DA:569,207
DA:570,2
DA:571,2
DA:574,207
DA:575,207
DA:576,207
DA:577,207
DA:578,207
DA:580,207
DA:581,207
DA:586,207
DA:622,206
DA:624,141
DA:625,141
DA:626,141
DA:627,141
DA:628,141
DA:629,141
DA:630,141
DA:631,141
DA:632,141
DA:633,1
DA:634,1
DA:635,1
DA:640,141
DA:660,207
DA:661,204
DA:662,204
DA:663,204
DA:665,204
DA:666,204
DA:667,204
DA:668,204
DA:669,21
DA:670,21
DA:671,21
DA:672,21
DA:673,21
DA:674,21
DA:675,21
DA:676,21
DA:677,21
DA:679,204
DA:680,204
DA:701,209
DA:702,209
DA:703,209
DA:704,209
DA:705,209
DA:706,209
DA:707,209
DA:709,209
DA:710,2
DA:711,2
DA:712,2
DA:714,0
DA:716,2
DA:717,2
DA:718,2
DA:720,0
DA:722,2
DA:723,2
DA:724,2
DA:725,2
DA:726,2
DA:729,207
DA:732,209
DA:733,17
DA:734,17
DA:735,17
DA:736,17
DA:737,17
DA:738,17
DA:739,17
DA:741,192
DA:743,209
DA:744,17
DA:745,17
DA:746,17
DA:749,209
DA:750,26
DA:751,26
DA:752,26
DA:754,183
DA:756,209
DA:757,591
DA:758,209
DA:759,209
DA:760,209
DA:761,209
DA:773,207
DA:774,207
DA:775,207
DA:776,207
DA:778,207
DA:779,205
DA:781,3
DA:782,2
DA:783,2
DA:784,2
DA:797,207
DA:798,207
DA:800,207
DA:801,207
DA:802,207
DA:803,207
DA:804,207
DA:805,207
DA:806,207
DA:807,207
DA:809,207
DA:810,207
DA:811,207
DA:813,207
DA:814,207
DA:815,207
DA:816,207
DA:819,207
DA:832,207
DA:833,207
DA:835,207
DA:836,207
DA:837,207
DA:838,207
DA:839,207
DA:841,207
DA:842,1
DA:843,1
DA:844,1
DA:845,1
DA:846,1
DA:849,207
DA:850,207
DA:851,207
DA:852,207
DA:853,207
DA:854,207
DA:855,207
DA:856,207
DA:857,207
DA:858,207
DA:859,207
DA:860,207
DA:861,207
DA:862,207
DA:863,207
DA:864,207
DA:865,207
DA:866,207
DA:867,207
DA:870,207
DA:883,207
DA:884,207
DA:885,207
DA:886,207
DA:887,185
DA:889,22
DA:890,22
DA:892,22
DA:893,94
DA:895,22
DA:896,22
DA:897,116
DA:898,116
DA:899,22
DA:902,116
DA:903,22
DA:905,22
DA:906,22
DA:907,22
DA:908,8
DA:909,28
DA:910,28
DA:911,28
DA:912,28
DA:916,22
DA:917,22
DA:918,8
DA:919,28
DA:920,140
DA:921,28
DA:924,22
DA:926,56
DA:927,22
DA:928,22
DA:929,22
DA:930,22
DA:931,22
DA:933,22
DA:934,22
DA:935,22
DA:936,22
DA:937,22
DA:939,22
DA:940,33
DA:941,16
DA:942,16
DA:944,16
DA:945,16
DA:947,17
DA:948,16
DA:949,16
DA:952,16
DA:953,7
DA:954,3
DA:955,3
DA:956,3
DA:960,22
DA:961,22
DA:963,22
DA:964,14
DA:966,8
DA:967,8
DA:968,8
DA:969,8
DA:970,8
DA:971,8
DA:972,8
DA:973,8
DA:974,8
DA:975,8
DA:977,22
DA:989,207
DA:991,207
DA:992,207
DA:993,207
DA:994,207
DA:995,207
DA:996,207
DA:998,21
DA:999,21
DA:1000,7
DA:1001,32
DA:1002,32
DA:1003,32
DA:1004,14
DA:1005,0
DA:1008,21
DA:1009,21
DA:1010,37
DA:1012,21
DA:1013,21
DA:1015,21
DA:1017,21
DA:1018,21
DA:1020,21
DA:1021,21
DA:1022,21
DA:1023,21
DA:1024,18
DA:1025,7
DA:1026,14
DA:1027,3
DA:1028,3
DA:1029,3
DA:1030,10
DA:1031,10
DA:1032,9
DA:1033,9
DA:1038,7
DA:1039,7
DA:1040,32
DA:1041,32
DA:1042,32
DA:1043,32
DA:1044,1
DA:1045,1
DA:1047,31
DA:1048,31
DA:1052,30
DA:1053,7
DA:1054,5
DA:1055,5
DA:1056,5
DA:1057,5
DA:1058,5
DA:1059,1
DA:1063,21
DA:1064,21
DA:1065,21
DA:1067,21
DA:1068,21
DA:1069,21
DA:1070,21
DA:1072,21
DA:1073,21
DA:1074,21
DA:1075,21
DA:1076,21
DA:1078,21
DA:1079,21
DA:1081,21
DA:1082,21
DA:1084,21
DA:1085,21
DA:1089,207
DA:1100,207
DA:1101,207
DA:1102,207
DA:1103,207
DA:1104,207
DA:1105,14
DA:1106,14
DA:1108,207
DA:1120,207
DA:1121,207
DA:1122,207
DA:1123,207
DA:1142,207
DA:1143,207
DA:1144,207
DA:1145,207
DA:1147,207
DA:1148,207
DA:1149,207
DA:1150,13
DA:1151,13
DA:1152,13
DA:1153,13
DA:1155,207
DA:1174,207
DA:1175,207
DA:1176,207
DA:1178,207
DA:1179,207
DA:1180,207
DA:1181,207
DA:1201,207
DA:1202,207
DA:1203,207
DA:1204,207
DA:1205,207
DA:1207,23
DA:1208,2
DA:1210,2
DA:1211,2
DA:1212,2
DA:1213,2
DA:1214,2
DA:1215,2
DA:1219,23
DA:1220,23
DA:1223,23
DA:1224,23
DA:1225,23
DA:1226,17
DA:1227,17
DA:1229,17
DA:1230,17
DA:1231,17
DA:1232,17
DA:1233,17
DA:1235,17
DA:1236,17
DA:1237,17
DA:1238,4
DA:1239,4
DA:1240,4
DA:1241,4
DA:1242,4
DA:1243,4
DA:1246,17
DA:1247,0
DA:1248,0
DA:1249,0
DA:1250,0
DA:1251,0
DA:1252,0
DA:1253,0
DA:1254,0
DA:1256,17
DA:1258,17
DA:1259,17
DA:1260,4
DA:1261,550
DA:1262,550
DA:1263,550
DA:1264,550
DA:1265,550
DA:1266,550
DA:1269,17
DA:1270,17
DA:1271,17
DA:1272,17
DA:1273,17
DA:1274,17
DA:1275,17
DA:1276,17
DA:1277,17
DA:1278,17
DA:1279,17
DA:1280,17
DA:1282,23
DA:1283,23
DA:1292,207
DA:1303,207
DA:1304,207
DA:1305,207
DA:1306,207
DA:1307,207
DA:1309,25
DA:1310,6
DA:1312,6
DA:1313,12
DA:1314,6
DA:1315,6
DA:1316,6
DA:1317,6
DA:1318,6
DA:1319,3
DA:1321,12
DA:1323,6
DA:1324,4
DA:1325,4
DA:1326,4
DA:1327,4
DA:1328,8
DA:1329,8
DA:1330,8
DA:1331,8
DA:1332,7
DA:1333,7
DA:1334,7
DA:1335,7
DA:1336,1
DA:1338,7
DA:1339,7
DA:1342,4
DA:1343,4
DA:1344,4
DA:1345,4
DA:1346,4
DA:1347,2
DA:1352,25
DA:1353,25
DA:1354,25
DA:1355,25
DA:1356,25
DA:1357,25
DA:1358,25
DA:1359,25
DA:1360,25
DA:1361,25
DA:1362,25
DA:1363,25
DA:1364,25
DA:1365,25
DA:1366,2
DA:1367,2
DA:1370,25
DA:1371,25
DA:1372,25
DA:1373,25
DA:1374,25
DA:1375,25
DA:1376,25
DA:1377,25
DA:1379,5
DA:1380,10
DA:1381,10
DA:1383,8
DA:1387,10
DA:1388,5
DA:1390,25
DA:1391,25
DA:1392,25
DA:1394,25
DA:1395,5
DA:1396,5
DA:1397,5
DA:1398,5
DA:1399,10
DA:1400,14
DA:1401,14
DA:1402,14
DA:1403,14
DA:1406,8
DA:1407,5
DA:1408,5
DA:1409,5
DA:1410,5
DA:1413,25
DA:1414,1
DA:1417,25
DA:1419,25
DA:1420,25
DA:1421,4
DA:1422,4
DA:1425,25
DA:1426,3
DA:1427,3
DA:1428,6
DA:1429,6
DA:1430,6
DA:1433,3
DA:1435,25
DA:1436,25
DA:1439,25
DA:1440,3
DA:1443,207
DA:1455,207
DA:1456,207
DA:1457,207
DA:1458,207
DA:1459,207
DA:1460,21
DA:1461,21
DA:1462,21
DA:1463,21
DA:1464,21
DA:1465,21
DA:1467,21
DA:1468,21
DA:1469,21
DA:1470,21
DA:1471,21
DA:1472,21
DA:1474,21
DA:1476,21
DA:1477,21
DA:1478,20
DA:1479,20
DA:1480,170
DA:1481,170
DA:1482,168
DA:1485,21
DA:1487,21
DA:1488,21
DA:1489,17
DA:1490,469
DA:1491,446
DA:1492,17
DA:1493,446
DA:1494,17
DA:1496,21
DA:1498,21
DA:1499,21
DA:1500,21
DA:1501,21
DA:1502,21
DA:1504,21
DA:1505,21
DA:1506,3
DA:1507,3
DA:1508,3
DA:1509,3
DA:1511,3
DA:1513,21
DA:1515,21
DA:1516,21
DA:1517,21
DA:1518,15
DA:1519,15
DA:1520,15
DA:1521,15
DA:1522,429
DA:1524,15
DA:1525,15
DA:1527,21
DA:1528,21
DA:1530,21
DA:1531,47
DA:1533,21
DA:1534,21
DA:1536,21
DA:1537,21
DA:1538,21
DA:1539,21
DA:1540,21
DA:1541,21
DA:1542,21
DA:1543,21
DA:1544,21
DA:1545,21
DA:1546,21
DA:1547,21
DA:1548,21
DA:1549,21
DA:1550,21
DA:1553,207
DA:1565,207
DA:1567,207
DA:1568,204
DA:1569,204
DA:1571,1874
DA:1572,204
DA:1573,204
DA:1574,204
DA:1575,1174
DA:1576,1174
DA:1577,34046
DA:1578,2774
DA:1579,2774
DA:1583,204
DA:1585,559
DA:1586,204
DA:1587,204
DA:1588,89
DA:1589,559
DA:1592,204
DA:1593,204
DA:1595,11819
DA:1596,236
DA:1597,204
DA:1599,204
DA:1607,1224
DA:1609,204
DA:1610,204
DA:1612,204
DA:1613,204
DA:1614,204
DA:1615,204
DA:1616,204
DA:1617,204
DA:1618,204
DA:1619,204
DA:1620,204
DA:1621,204
DA:1622,204
DA:1623,52
DA:1624,52
DA:1625,0
DA:1626,52
DA:1627,52
DA:1628,52
DA:1629,152
DA:1630,134
DA:1632,204
DA:1637,108
DA:1650,13
DA:1651,13
DA:1652,13
DA:1654,0
DA:1658,17
DA:1667,207
DA:1668,207
DA:1669,207
DA:1670,207
DA:1671,207
DA:1672,207
DA:1683,207
DA:1684,207
DA:1685,207
DA:1686,207
DA:1687,207
DA:1688,207
DA:1689,207
DA:1690,207
DA:1691,207
DA:1692,27
DA:1693,27
DA:1694,27
DA:1697,207
DA:1698,27
DA:1700,27
DA:1701,0
DA:1704,27
DA:1705,27
DA:1706,27
DA:1708,27
DA:1709,27
DA:1710,27
DA:1711,27
DA:1713,27
DA:1714,0
DA:1715,27
DA:1716,3
DA:1718,27
DA:1719,27
DA:1720,27
DA:1722,27
DA:1723,1
DA:1726,27
DA:1727,13
DA:1728,13
DA:1729,13
DA:1730,13
DA:1731,1
DA:1736,27
DA:1737,2
DA:1738,2
DA:1739,2
DA:1740,4
DA:1741,2
DA:1742,2
DA:1743,2
DA:1746,27
DA:1747,1
DA:1749,27
DA:1750,27
DA:1751,27
DA:1752,27
DA:1753,27
DA:1756,207
DA:1757,207
DA:1758,207
DA:1769,207
DA:1770,207
DA:1771,207
DA:1772,207
DA:1773,207
DA:1774,207
DA:1775,207
DA:1781,17
DA:1790,207
DA:1791,207
DA:1792,207
DA:1793,207
DA:1794,207
DA:1795,16
DA:1796,16
DA:1797,33
DA:1798,16
DA:1799,16
DA:1800,33
DA:1801,33
DA:1802,16
DA:1803,16
DA:1805,16
DA:1806,16
DA:1807,0
DA:1809,16
DA:1810,16
DA:1819,207
DA:1832,207
DA:1833,207
DA:1834,207
DA:1835,24
DA:1837,24
DA:1838,24
DA:1839,24
DA:1840,3
DA:1841,8
DA:1842,8
DA:1844,24
DA:1846,24
DA:1847,24
DA:1848,24
DA:1849,24
DA:1850,24
DA:1851,24
DA:1852,24
DA:1853,24
DA:1854,24
DA:1855,24
DA:1856,24
DA:1857,24
DA:1858,24
DA:1859,24
DA:1860,24
DA:1862,24
DA:1863,24
DA:1865,24
DA:1866,24
DA:1868,24
DA:1869,24
DA:1870,24
DA:1871,24
DA:1872,24
DA:1873,24
DA:1874,24
DA:1875,24
DA:1876,24
DA:1877,24
DA:1889,24
DA:1907,24
DA:1908,24
DA:1909,24
DA:1910,24
DA:1911,24
DA:1912,24
DA:1924,207
DA:1925,207
DA:1926,207
DA:1927,17
DA:1928,17
DA:1929,17
DA:1930,17
DA:1931,17
DA:1932,17
DA:1933,17
DA:1934,17
DA:1941,17
DA:1950,207
DA:1951,207
DA:1952,207
DA:1953,21
DA:1954,21
DA:1955,21
DA:1956,21
DA:1957,21
DA:1958,21
DA:1959,21
DA:1960,21
DA:1961,21
DA:1962,21
DA:1963,21
DA:1974,207
DA:1975,207
DA:1976,207
DA:1977,194
DA:1979,13
DA:1980,13
DA:1983,13
DA:1996,207
DA:1997,207
DA:1998,207
DA:1999,23
DA:2000,23
DA:2001,23
DA:2002,23
DA:2003,23
DA:2004,23
DA:2005,23
DA:2006,23
DA:2007,23
DA:2009,23
DA:2010,23
DA:2012,23
DA:2013,23
DA:2014,23
DA:2015,23
DA:2016,23
DA:2018,23
DA:2019,23
DA:2020,23
DA:2021,23
DA:2022,23
DA:2023,15
DA:2024,15
DA:2025,15
DA:2027,8
DA:2028,8
DA:2029,8
DA:2030,8
DA:2032,23
DA:2033,23
DA:2046,207
DA:2047,207
DA:2048,207
DA:2049,207
DA:2050,207
DA:2051,207
DA:2052,207
DA:2053,207
DA:2055,207
DA:2056,5
DA:2057,5
DA:2058,10
DA:2059,5
DA:2060,5
DA:2061,5
DA:2062,2
DA:2065,0
DA:2066,0
DA:2069,5
DA:2070,10
DA:2071,5
DA:2073,207
DA:2075,207
DA:2076,207
DA:2077,207
DA:2078,207
DA:2079,207
DA:2081,207
DA:2082,1
DA:2083,1
DA:2084,1
DA:2087,207
DA:2088,179
DA:2089,8
DA:2090,3
DA:2091,6
DA:2092,3
DA:2093,3
DA:2094,5
DA:2095,2
DA:2097,3
DA:2100,171
DA:2104,207
DA:2105,15
DA:2106,15
DA:2107,15
DA:2108,15
DA:2111,207
DA:2112,1
DA:2114,207
DA:2116,207
DA:2117,28
DA:2122,28
DA:2123,28
DA:2124,28
DA:2126,179
DA:2127,179
DA:2128,8
DA:2130,171
DA:2133,207
DA:2134,207
DA:2146,207
DA:2147,207
DA:2148,207
DA:2149,207
DA:2150,17
DA:2151,17
DA:2152,17
DA:2153,17
DA:2157,17
DA:2169,207
DA:2170,207
DA:2171,207
DA:2172,207
DA:2173,207
DA:2174,13
DA:2175,13
DA:2176,13
DA:2177,13
DA:2178,13
DA:2179,13
DA:2180,13
DA:2181,13
DA:2182,13
DA:2184,0
DA:2185,0
DA:2186,0
DA:2189,13
DA:2197,13
DA:2209,207
DA:2210,207
DA:2211,207
DA:2212,207
DA:2213,17
DA:2215,17
DA:2216,17
DA:2217,17
DA:2219,17
DA:2220,17
DA:2222,17
DA:2223,17
DA:2224,17
DA:2225,17
DA:2226,17
DA:2238,207
DA:2239,207
DA:2247,207
DA:2248,199
DA:2250,8
DA:2251,8
DA:2252,8
DA:2253,8
DA:2254,8
DA:2256,8
DA:2257,8
DA:2258,8
DA:2259,8
DA:2260,8
DA:2261,8
DA:2262,8
DA:2263,8
DA:2264,8
DA:2265,0
DA:2266,0
DA:2267,0
DA:2269,8
DA:2270,8
DA:2271,8
DA:2273,8
DA:2274,8
DA:2286,207
DA:2287,207
DA:2288,207
DA:2289,15
DA:2290,15
DA:2291,15
DA:2292,44
DA:2293,15
DA:2294,15
DA:2295,15
DA:2296,15
DA:2298,15
DA:2299,1
DA:2300,1
DA:2301,1
DA:2302,3
DA:2303,3
DA:2305,3
DA:2306,3
DA:2307,3
DA:2308,3
DA:2313,15
DA:2314,15
DA:2315,15
DA:2317,0
DA:2318,15
DA:2319,15
DA:2321,15
DA:2323,0
DA:2326,15
DA:2327,32
DA:2328,15
DA:2329,32
DA:2330,15
DA:2332,15
DA:2334,0
DA:2336,15
DA:2337,15
DA:2339,15
DA:2340,15
DA:2342,15
DA:2343,15
DA:2345,15
DA:2347,15
DA:2349,15
DA:2350,3
DA:2351,7
DA:2352,3
DA:2354,7
DA:2355,3
DA:2358,15
DA:2359,15
DA:2360,15
DA:2361,15
DA:2364,15
DA:2369,17
DA:2374,17
DA:2375,1428
DA:2377,17
DA:2378,1581
DA:2380,17
DA:2381,5661
DA:2384,17
DA:2385,209
DA:2386,35807
LF:1293
LH:1253
BRDA:35,0,0,207
BRDA:35,0,1,21
BRDA:40,1,0,3
BRDA:40,2,0,207
BRDA:40,2,1,3
BRDA:41,3,0,204
BRDA:45,4,0,3
BRDA:45,4,1,0
BRDA:47,5,0,0
BRDA:47,6,0,3
BRDA:47,6,1,3
BRDA:47,6,2,3
BRDA:50,7,0,0
BRDA:50,8,0,3
BRDA:50,8,1,3
BRDA:50,8,2,0
BRDA:53,9,0,2
BRDA:55,10,0,1
BRDA:55,10,1,1
BRDA:55,11,0,2
BRDA:55,11,1,1
BRDA:61,12,0,0
BRDA:62,13,0,0
BRDA:67,14,0,1
BRDA:67,14,1,2
BRDA:68,15,0,0
BRDA:68,15,1,1
BRDA:72,16,0,3
BRDA:85,17,0,207
BRDA:85,17,1,21
BRDA:87,18,0,200
BRDA:92,19,0,7
BRDA:92,19,1,0
BRDA:93,20,0,1
BRDA:95,21,0,1
BRDA:95,22,0,7
BRDA:95,22,1,7
BRDA:96,23,0,0
BRDA:96,24,0,7
BRDA:96,24,1,7
BRDA:97,25,0,0
BRDA:97,26,0,7
BRDA:97,26,1,7
BRDA:98,27,0,2
BRDA:98,28,0,7
BRDA:98,28,1,7
BRDA:100,29,0,0
BRDA:100,30,0,7
BRDA:100,30,1,7
BRDA:101,31,0,1
BRDA:101,32,0,7
BRDA:101,32,1,7
BRDA:103,33,0,3
BRDA:105,34,0,3
BRDA:105,35,0,3
BRDA:105,35,1,3
BRDA:107,36,0,1
BRDA:107,37,0,3
BRDA:107,37,1,1
BRDA:107,38,0,1
BRDA:107,38,1,0
BRDA:112,39,0,3
BRDA:112,40,0,3
BRDA:112,40,1,3
BRDA:112,40,2,3
BRDA:112,40,3,3
BRDA:115,41,0,1
BRDA:115,42,0,3
BRDA:115,42,1,3
BRDA:115,42,2,2
BRDA:118,43,0,1
BRDA:123,44,0,2
BRDA:123,44,1,5
BRDA:124,45,0,1
BRDA:124,45,1,1
BRDA:126,46,0,2
BRDA:126,46,1,5
BRDA:127,47,0,2
BRDA:127,47,1,1
BRDA:127,48,0,2
BRDA:127,48,1,0
BRDA:127,49,0,2
BRDA:127,49,1,0
BRDA:127,50,0,2
BRDA:127,50,1,0
BRDA:142,51,0,136
BRDA:142,51,1,24
BRDA:147,52,0,27
BRDA:148,53,0,27
BRDA:148,54,0,136
BRDA:148,54,1,27
BRDA:148,54,2,0
BRDA:150,55,0,136
BRDA:150,55,1,107
BRDA:150,55,2,107
BRDA:150,55,3,107
BRDA:153,56,0,136
BRDA:153,56,1,29
BRDA:153,56,2,0
BRDA:153,56,3,29
BRDA:153,56,4,0
BRDA:157,57,0,27
BRDA:157,57,1,109
BRDA:159,58,0,27
BRDA:159,59,0,27
BRDA:159,59,1,27
BRDA:160,60,0,27
BRDA:160,60,1,27
BRDA:160,60,2,27
BRDA:161,61,0,27
BRDA:161,61,1,27
BRDA:161,61,2,27
BRDA:162,62,0,27
BRDA:162,62,1,24
BRDA:162,62,2,22
BRDA:163,63,0,5
BRDA:164,64,0,0
BRDA:164,64,1,5
BRDA:167,65,0,0
BRDA:169,66,0,0
BRDA:169,66,1,0
BRDA:169,66,2,0
BRDA:169,66,3,0
BRDA:170,67,0,0
BRDA:172,68,0,136
BRDA:172,68,1,107
BRDA:172,68,2,107
BRDA:174,69,0,29
BRDA:175,70,0,29
BRDA:176,71,0,28
BRDA:177,72,0,29
BRDA:178,73,0,29
BRDA:179,74,0,5
BRDA:181,75,0,102
BRDA:181,75,1,34
BRDA:182,76,0,22
BRDA:182,76,1,80
BRDA:182,77,0,0
BRDA:182,77,1,80
BRDA:183,78,0,21
BRDA:183,78,1,81
BRDA:183,79,0,1
BRDA:183,79,1,80
BRDA:184,80,0,22
BRDA:184,80,1,80
BRDA:211,81,0,204
BRDA:211,81,1,180
BRDA:211,81,2,180
BRDA:212,82,0,204
BRDA:212,82,1,180
BRDA:212,82,2,177
BRDA:214,83,0,204
BRDA:214,83,1,19
BRDA:217,84,0,204
BRDA:217,84,1,24
BRDA:219,85,0,13
BRDA:219,85,1,191
BRDA:219,86,0,204
BRDA:219,86,1,13
BRDA:221,87,0,13
BRDA:221,87,1,13
BRDA:221,87,2,13
BRDA:221,87,3,13
BRDA:221,87,4,13
BRDA:222,88,0,13
BRDA:222,88,1,0
BRDA:223,89,0,13
BRDA:223,89,1,0
BRDA:225,90,0,13
BRDA:225,90,1,0
BRDA:226,91,0,13
BRDA:226,91,1,13
BRDA:226,91,2,13
BRDA:226,91,3,13
BRDA:226,91,4,13
BRDA:227,92,0,13
BRDA:227,92,1,0
BRDA:228,93,0,0
BRDA:228,93,1,0
BRDA:229,94,0,0
BRDA:229,94,1,0
BRDA:230,95,0,0
BRDA:230,95,1,0
BRDA:231,96,0,0
BRDA:231,96,1,0
BRDA:232,97,0,0
BRDA:232,97,1,0
BRDA:235,98,0,10
BRDA:235,98,1,181
BRDA:236,99,0,181
BRDA:236,99,1,180
BRDA:237,100,0,181
BRDA:237,100,1,177
BRDA:253,101,0,143
BRDA:253,101,1,107
BRDA:259,102,0,105
BRDA:259,102,1,38
BRDA:260,103,0,38
BRDA:260,103,1,36
BRDA:261,104,0,38
BRDA:261,104,1,38
BRDA:281,105,0,132
BRDA:281,105,1,98
BRDA:281,105,2,13
BRDA:281,105,3,98
BRDA:281,105,4,40
BRDA:287,106,0,40
BRDA:287,106,1,92
BRDA:288,107,0,92
BRDA:288,107,1,34
BRDA:289,108,0,92
BRDA:289,108,1,34
BRDA:290,109,0,92
BRDA:290,109,1,92
BRDA:291,110,0,92
BRDA:291,110,1,26
BRDA:292,111,0,92
BRDA:292,111,1,0
BRDA:295,112,0,40
BRDA:295,112,1,92
BRDA:314,113,0,204
BRDA:314,113,1,23
BRDA:317,114,0,204
BRDA:317,114,1,23
BRDA:319,115,0,13
BRDA:319,115,1,191
BRDA:319,116,0,204
BRDA:319,116,1,13
BRDA:327,117,0,13
BRDA:327,117,1,13
BRDA:328,118,0,13
BRDA:328,118,1,0
BRDA:328,119,0,13
BRDA:328,119,1,0
BRDA:328,120,0,13
BRDA:328,120,1,0
BRDA:329,121,0,0
BRDA:329,121,1,0
BRDA:330,122,0,0
BRDA:330,122,1,0
BRDA:333,123,0,9
BRDA:333,123,1,182
BRDA:333,124,0,1
BRDA:333,124,1,8
BRDA:335,125,0,182
BRDA:335,125,1,181
BRDA:336,126,0,182
BRDA:336,126,1,182
BRDA:363,127,0,132
BRDA:363,127,1,99
BRDA:363,127,2,15
BRDA:364,128,0,18
BRDA:364,128,1,114
BRDA:364,129,0,84
BRDA:364,129,1,30
BRDA:367,130,0,14
BRDA:369,131,0,14
BRDA:369,131,1,0
BRDA:370,132,0,14
BRDA:370,132,1,0
BRDA:372,133,0,14
BRDA:372,133,1,14
BRDA:372,133,2,14
BRDA:372,133,3,14
BRDA:373,134,0,14
BRDA:373,134,1,0
BRDA:373,135,0,14
BRDA:373,135,1,0
BRDA:373,136,0,0
BRDA:373,136,1,14
BRDA:380,137,0,99
BRDA:380,137,1,33
BRDA:381,138,0,15
BRDA:381,138,1,84
BRDA:383,139,0,33
BRDA:383,139,1,33
BRDA:384,140,0,33
BRDA:384,140,1,30
BRDA:384,141,0,33
BRDA:384,141,1,33
BRDA:385,142,0,33
BRDA:385,142,1,0
BRDA:385,142,2,0
BRDA:385,143,0,0
BRDA:385,143,1,0
BRDA:386,144,0,33
BRDA:386,144,1,0
BRDA:386,144,2,0
BRDA:386,145,0,0
BRDA:386,145,1,0
BRDA:387,146,0,33
BRDA:387,146,1,0
BRDA:387,146,2,0
BRDA:404,147,0,135
BRDA:404,147,1,101
BRDA:404,147,2,101
BRDA:410,148,0,88
BRDA:410,148,1,47
BRDA:411,149,0,47
BRDA:411,149,1,34
BRDA:412,150,0,47
BRDA:412,150,1,34
BRDA:413,151,0,47
BRDA:413,151,1,47
BRDA:434,152,0,132
BRDA:434,152,1,100
BRDA:434,152,2,100
BRDA:436,153,0,14
BRDA:436,154,0,132
BRDA:436,154,1,14
BRDA:436,154,2,14
BRDA:437,155,0,14
BRDA:437,155,1,0
BRDA:442,156,0,15
BRDA:445,157,0,14
BRDA:445,157,1,1
BRDA:446,158,0,14
BRDA:446,158,1,13
BRDA:446,158,2,13
BRDA:447,159,0,14
BRDA:447,159,1,14
BRDA:448,160,0,13
BRDA:448,160,1,1
BRDA:451,161,0,132
BRDA:451,161,1,17
BRDA:451,161,2,13
BRDA:452,162,0,13
BRDA:452,162,1,119
BRDA:454,163,0,13
BRDA:455,164,0,13
BRDA:455,164,1,0
BRDA:456,165,0,0
BRDA:457,166,0,0
BRDA:457,167,0,13
BRDA:457,167,1,13
BRDA:457,168,0,13
BRDA:457,168,1,0
BRDA:457,169,0,13
BRDA:457,169,1,0
BRDA:458,170,0,13
BRDA:458,170,1,0
BRDA:459,171,0,26
BRDA:459,171,1,0
BRDA:461,172,0,0
BRDA:461,173,0,13
BRDA:461,173,1,13
BRDA:462,174,0,0
BRDA:465,175,0,99
BRDA:465,175,1,33
BRDA:467,176,0,0
BRDA:467,176,1,99
BRDA:468,177,0,0
BRDA:468,177,1,99
BRDA:469,178,0,13
BRDA:469,178,1,86
BRDA:470,179,0,17
BRDA:470,179,1,82
BRDA:471,180,0,13
BRDA:471,180,1,86
BRDA:474,181,0,33
BRDA:474,181,1,32
BRDA:475,182,0,33
BRDA:475,182,1,32
BRDA:476,183,0,33
BRDA:476,183,1,32
BRDA:480,184,0,0
BRDA:480,184,1,33
BRDA:480,185,0,33
BRDA:480,185,1,0
BRDA:480,185,2,0
BRDA:482,186,0,1
BRDA:482,186,1,32
BRDA:482,187,0,33
BRDA:482,187,1,1
BRDA:482,187,2,1
BRDA:485,188,0,0
BRDA:485,188,1,32
BRDA:500,189,0,207
BRDA:500,189,1,44
BRDA:501,190,0,207
BRDA:501,190,1,44
BRDA:502,191,0,207
BRDA:502,191,1,23
BRDA:503,192,0,207
BRDA:503,192,1,163
BRDA:505,193,0,207
BRDA:505,193,1,204
BRDA:508,194,0,207
BRDA:508,194,1,20
BRDA:509,195,0,20
BRDA:509,195,1,187
BRDA:510,196,0,207
BRDA:510,196,1,20
BRDA:511,197,0,207
BRDA:511,197,1,184
BRDA:515,198,0,207
BRDA:515,198,1,206
BRDA:516,199,0,207
BRDA:516,199,1,187
BRDA:517,200,0,207
BRDA:517,200,1,185
BRDA:518,201,0,207
BRDA:518,201,1,20
BRDA:523,202,0,207
BRDA:523,202,1,35
BRDA:524,203,0,207
BRDA:524,203,1,35
BRDA:526,204,0,35
BRDA:526,204,1,172
BRDA:526,205,0,207
BRDA:526,205,1,35
BRDA:528,206,0,33
BRDA:528,206,1,2
BRDA:530,207,0,24
BRDA:536,208,0,0
BRDA:538,209,0,0
BRDA:538,209,1,0
BRDA:540,210,0,0
BRDA:540,210,1,0
BRDA:541,211,0,0
BRDA:548,212,0,24
BRDA:548,212,1,183
BRDA:548,213,0,207
BRDA:548,213,1,196
BRDA:548,213,2,172
BRDA:548,213,3,0
BRDA:549,214,0,24
BRDA:549,214,1,13
BRDA:550,215,0,13
BRDA:550,216,0,24
BRDA:550,216,1,13
BRDA:552,217,0,183
BRDA:552,217,1,11
BRDA:552,217,2,10
BRDA:554,218,0,183
BRDA:555,219,0,175
BRDA:556,220,0,196
BRDA:557,221,0,23
BRDA:559,222,0,0
BRDA:559,222,1,0
BRDA:562,223,0,23
BRDA:563,224,0,23
BRDA:563,224,1,4
BRDA:564,225,0,23
BRDA:564,225,1,17
BRDA:565,226,0,23
BRDA:565,226,1,17
BRDA:569,227,0,2
BRDA:574,228,0,207
BRDA:574,228,1,184
BRDA:575,229,0,207
BRDA:575,229,1,20
BRDA:575,229,2,20
BRDA:576,230,0,207
BRDA:576,230,1,19
BRDA:577,231,0,207
BRDA:577,231,1,25
BRDA:577,231,2,24
BRDA:577,231,3,17
BRDA:577,231,4,16
BRDA:578,232,0,207
BRDA:578,232,1,172
BRDA:578,232,2,172
BRDA:578,232,3,172
BRDA:580,233,0,35
BRDA:580,233,1,172
BRDA:580,234,0,172
BRDA:580,234,1,172
BRDA:580,234,2,172
BRDA:580,234,3,106
BRDA:580,234,4,105
BRDA:580,234,5,67
BRDA:580,234,6,105
BRDA:582,235,0,207
BRDA:582,235,1,66
BRDA:582,236,0,207
BRDA:582,236,1,77
BRDA:583,237,0,207
BRDA:583,237,1,78
BRDA:583,238,0,207
BRDA:583,238,1,78
BRDA:584,239,0,207
BRDA:584,239,1,67
BRDA:584,240,0,207
BRDA:584,240,1,78
BRDA:591,241,0,121
BRDA:591,241,1,86
BRDA:592,242,0,16
BRDA:592,242,1,105
BRDA:593,243,0,16
BRDA:593,243,1,0
BRDA:593,244,0,16
BRDA:593,244,1,0
BRDA:593,245,0,16
BRDA:593,245,1,0
BRDA:593,246,0,16
BRDA:593,246,1,0
BRDA:593,247,0,0
BRDA:593,247,1,0
BRDA:593,248,0,0
BRDA:593,248,1,16
BRDA:593,249,0,0
BRDA:593,249,1,16
BRDA:593,250,0,16
BRDA:593,250,1,0
BRDA:593,251,0,16
BRDA:593,251,1,0
BRDA:593,252,0,16
BRDA:593,252,1,0
BRDA:593,253,0,0
BRDA:593,253,1,16
BRDA:595,254,0,2
BRDA:595,254,1,84
BRDA:597,255,0,3
BRDA:597,255,1,81
BRDA:599,256,0,77
BRDA:599,256,1,4
BRDA:601,257,0,1
BRDA:601,257,1,3
BRDA:603,258,0,0
BRDA:603,258,1,3
BRDA:605,259,0,3
BRDA:605,259,1,0
BRDA:609,260,0,23
BRDA:609,260,1,184
BRDA:626,261,0,1
BRDA:626,261,1,140
BRDA:632,262,0,1
BRDA:634,263,0,1
BRDA:634,263,1,1
BRDA:635,264,0,0
BRDA:635,264,1,1
BRDA:636,265,0,1
BRDA:636,265,1,0
BRDA:637,266,0,1
BRDA:637,266,1,1
BRDA:668,267,0,21
BRDA:668,268,0,204
BRDA:668,268,1,21
BRDA:670,269,0,21
BRDA:670,269,1,1
BRDA:671,270,0,21
BRDA:671,270,1,8
BRDA:672,271,0,13
BRDA:672,271,1,8
BRDA:672,272,0,13
BRDA:672,272,1,0
BRDA:672,273,0,8
BRDA:672,273,1,1
BRDA:674,274,0,21
BRDA:674,274,1,13
BRDA:674,274,2,13
BRDA:674,275,0,13
BRDA:674,275,1,0
BRDA:676,276,0,20
BRDA:677,277,0,20
BRDA:685,278,0,15
BRDA:685,278,1,189
BRDA:687,279,0,21
BRDA:687,279,1,183
BRDA:701,280,0,209
BRDA:701,280,1,21
BRDA:702,281,0,209
BRDA:702,281,1,209
BRDA:709,282,0,2
BRDA:709,282,1,207
BRDA:709,283,0,209
BRDA:709,283,1,2
BRDA:710,284,0,2
BRDA:710,284,1,0
BRDA:710,285,0,2
BRDA:710,285,1,2
BRDA:712,286,0,1
BRDA:716,287,0,2
BRDA:716,287,1,0
BRDA:716,288,0,2
BRDA:716,288,1,2
BRDA:718,289,0,1
BRDA:722,290,0,2
BRDA:722,290,1,2
BRDA:724,291,0,2
BRDA:724,292,0,2
BRDA:724,292,1,2
BRDA:726,293,0,1
BRDA:732,294,0,17
BRDA:732,294,1,192
BRDA:732,295,0,209
BRDA:732,295,1,17
BRDA:732,295,2,17
BRDA:739,296,0,2
BRDA:743,297,0,17
BRDA:745,298,0,2
BRDA:746,299,0,0
BRDA:749,300,0,26
BRDA:749,300,1,183
BRDA:749,301,0,209
BRDA:749,301,1,26
BRDA:751,302,0,26
BRDA:751,302,1,26
BRDA:752,303,0,2
BRDA:757,304,0,591
BRDA:757,304,1,9
BRDA:759,305,0,205
BRDA:759,305,1,4
BRDA:760,306,0,205
BRDA:760,306,1,4
BRDA:773,307,0,207
BRDA:773,307,1,21
BRDA:774,308,0,207
BRDA:774,308,1,189
BRDA:775,309,0,2
BRDA:775,309,1,205
BRDA:776,310,0,3
BRDA:776,310,1,204
BRDA:778,311,0,205
BRDA:783,312,0,1
BRDA:783,312,1,1
BRDA:784,313,0,1
BRDA:784,313,1,1
BRDA:797,314,0,207
BRDA:797,314,1,21
BRDA:798,315,0,207
BRDA:798,315,1,65
BRDA:801,316,0,7
BRDA:803,317,0,207
BRDA:803,317,1,114
BRDA:803,317,2,114
BRDA:803,317,3,114
BRDA:804,318,0,207
BRDA:804,318,1,206
BRDA:809,319,0,2
BRDA:809,320,0,207
BRDA:809,320,1,5
BRDA:810,321,0,89
BRDA:810,322,0,207
BRDA:810,322,1,202
BRDA:810,322,2,90
BRDA:813,323,0,93
BRDA:813,323,1,114
BRDA:813,324,0,207
BRDA:813,324,1,114
BRDA:816,325,0,116
BRDA:816,325,1,91
BRDA:817,326,0,3
BRDA:817,326,1,113
BRDA:817,327,0,4
BRDA:817,327,1,112
BRDA:817,328,0,1
BRDA:817,328,1,115
BRDA:832,329,0,207
BRDA:832,329,1,21
BRDA:841,330,0,1
BRDA:841,331,0,207
BRDA:841,331,1,200
BRDA:843,332,0,1
BRDA:843,333,0,1
BRDA:843,333,1,1
BRDA:843,333,2,1
BRDA:846,334,0,1
BRDA:846,334,1,0
BRDA:852,335,0,199
BRDA:852,336,0,207
BRDA:852,336,1,8
BRDA:853,337,0,207
BRDA:853,337,1,199
BRDA:854,338,0,201
BRDA:855,339,0,2
BRDA:855,340,0,207
BRDA:855,340,1,8
BRDA:856,341,0,1
BRDA:856,342,0,207
BRDA:856,342,1,2
BRDA:857,343,0,1
BRDA:857,344,0,207
BRDA:857,344,1,3
BRDA:858,345,0,1
BRDA:858,346,0,207
BRDA:858,346,1,2
BRDA:860,347,0,2
BRDA:860,347,1,205
BRDA:860,348,0,207
BRDA:860,348,1,7
BRDA:860,348,2,6
BRDA:862,349,0,8
BRDA:863,350,0,2
BRDA:864,351,0,3
BRDA:865,352,0,2
BRDA:866,353,0,207
BRDA:866,353,1,199
BRDA:867,354,0,2
BRDA:867,354,1,205
BRDA:883,355,0,207
BRDA:883,355,1,21
BRDA:886,356,0,185
BRDA:889,357,0,22
BRDA:889,357,1,0
BRDA:890,358,0,22
BRDA:890,358,1,0
BRDA:890,359,0,0
BRDA:890,359,1,0
BRDA:893,360,0,19
BRDA:896,361,0,22
BRDA:899,362,0,22
BRDA:899,362,1,0
BRDA:903,363,0,22
BRDA:903,363,1,0
BRDA:905,364,0,0
BRDA:905,364,1,22
BRDA:905,365,0,22
BRDA:905,365,1,0
BRDA:907,366,0,8
BRDA:912,367,0,7
BRDA:917,368,0,8
BRDA:924,369,0,8
BRDA:924,369,1,14
BRDA:926,370,0,8
BRDA:926,370,1,14
BRDA:926,371,0,14
BRDA:926,371,1,0
BRDA:939,372,0,16
BRDA:939,373,0,22
BRDA:939,373,1,16
BRDA:940,374,0,33
BRDA:940,374,1,33
BRDA:941,375,0,16
BRDA:945,376,0,1
BRDA:952,377,0,3
BRDA:952,378,0,16
BRDA:952,378,1,3
BRDA:954,379,0,3
BRDA:956,380,0,1
BRDA:960,381,0,22
BRDA:960,381,1,18
BRDA:960,381,2,17
BRDA:960,381,3,16
BRDA:960,381,4,16
BRDA:960,381,5,16
BRDA:960,381,6,15
BRDA:961,382,0,16
BRDA:961,382,1,6
BRDA:961,383,0,22
BRDA:961,383,1,22
BRDA:963,384,0,14
BRDA:963,384,1,8
BRDA:964,385,0,14
BRDA:964,385,1,0
BRDA:967,386,0,4
BRDA:968,387,0,3
BRDA:969,388,0,5
BRDA:970,389,0,4
BRDA:971,390,0,5
BRDA:972,391,0,1
BRDA:972,392,0,8
BRDA:972,392,1,1
BRDA:973,393,0,1
BRDA:973,394,0,8
BRDA:973,394,1,1
BRDA:974,395,0,0
BRDA:991,396,0,207
BRDA:991,396,1,200
BRDA:991,396,2,187
BRDA:995,397,0,21
BRDA:995,397,1,186
BRDA:996,398,0,21
BRDA:999,399,0,7
BRDA:999,399,1,14
BRDA:1001,400,0,0
BRDA:1001,400,1,32
BRDA:1004,401,0,0
BRDA:1012,402,0,1
BRDA:1012,403,0,21
BRDA:1012,403,1,14
BRDA:1013,404,0,15
BRDA:1015,405,0,6
BRDA:1015,406,0,21
BRDA:1015,406,1,7
BRDA:1017,407,0,21
BRDA:1017,407,1,2
BRDA:1017,407,2,2
BRDA:1018,408,0,2
BRDA:1023,409,0,7
BRDA:1024,410,0,18
BRDA:1024,410,1,18
BRDA:1025,411,0,3
BRDA:1026,412,0,12
BRDA:1026,412,1,0
BRDA:1026,413,0,12
BRDA:1026,413,1,12
BRDA:1027,414,0,3
BRDA:1031,415,0,1
BRDA:1033,416,0,0
BRDA:1033,417,0,9
BRDA:1033,417,1,6
BRDA:1040,418,0,0
BRDA:1040,419,0,32
BRDA:1040,419,1,32
BRDA:1041,420,0,32
BRDA:1041,420,1,14
BRDA:1042,421,0,0
BRDA:1043,422,0,1
BRDA:1043,422,1,31
BRDA:1044,423,0,0
BRDA:1047,424,0,1
BRDA:1047,425,0,31
BRDA:1047,425,1,26
BRDA:1053,426,0,5
BRDA:1054,427,0,5
BRDA:1054,427,1,0
BRDA:1055,428,0,5
BRDA:1055,428,1,5
BRDA:1056,429,0,5
BRDA:1056,429,1,0
BRDA:1057,430,0,5
BRDA:1057,430,1,0
BRDA:1058,431,0,1
BRDA:1058,432,0,5
BRDA:1058,432,1,1
BRDA:1058,432,2,1
BRDA:1059,433,0,1
BRDA:1059,434,0,1
BRDA:1059,434,1,0
BRDA:1063,435,0,1
BRDA:1064,436,0,0
BRDA:1065,437,0,1
BRDA:1067,438,0,21
BRDA:1067,438,1,1
BRDA:1073,439,0,21
BRDA:1073,439,1,20
BRDA:1073,439,2,1
BRDA:1073,439,3,0
BRDA:1074,440,0,21
BRDA:1074,440,1,14
BRDA:1075,441,0,21
BRDA:1075,441,1,14
BRDA:1076,442,0,21
BRDA:1076,442,1,1
BRDA:1076,442,2,1
BRDA:1078,443,0,20
BRDA:1078,443,1,1
BRDA:1078,444,0,20
BRDA:1078,444,1,1
BRDA:1078,444,2,1
BRDA:1079,445,0,1
BRDA:1079,446,0,21
BRDA:1079,446,1,19
BRDA:1082,447,0,0
BRDA:1085,448,0,2
BRDA:1085,448,1,19
BRDA:1104,449,0,14
BRDA:1104,450,0,207
BRDA:1104,450,1,16
BRDA:1104,450,2,14
BRDA:1104,450,3,14
BRDA:1104,450,4,14
BRDA:1105,451,0,14
BRDA:1105,451,1,14
BRDA:1105,451,2,14
BRDA:1106,452,0,14
BRDA:1106,452,1,0
BRDA:1108,453,0,16
BRDA:1108,453,1,191
BRDA:1122,454,0,207
BRDA:1122,454,1,15
BRDA:1122,454,2,15
BRDA:1128,455,0,15
BRDA:1128,455,1,192
BRDA:1128,456,0,15
BRDA:1128,456,1,15
BRDA:1144,457,0,207
BRDA:1144,457,1,14
BRDA:1145,458,0,14
BRDA:1145,458,1,193
BRDA:1149,459,0,13
BRDA:1149,460,0,207
BRDA:1149,460,1,14
BRDA:1150,461,0,13
BRDA:1150,461,1,0
BRDA:1151,462,0,13
BRDA:1151,462,1,0
BRDA:1152,463,0,13
BRDA:1152,463,1,13
BRDA:1152,463,2,13
BRDA:1153,464,0,13
BRDA:1153,464,1,0
BRDA:1153,465,0,0
BRDA:1153,465,1,0
BRDA:1153,466,0,0
BRDA:1153,466,1,0
BRDA:1179,467,0,207
BRDA:1179,467,1,206
BRDA:1186,468,0,14
BRDA:1186,468,1,193
BRDA:1186,469,0,1
BRDA:1186,469,1,13
BRDA:1186,470,0,1
BRDA:1186,470,1,1
BRDA:1186,471,0,0
BRDA:1186,471,1,193
BRDA:1186,472,0,0
BRDA:1186,472,1,0
BRDA:1205,473,0,23
BRDA:1205,474,0,207
BRDA:1205,474,1,23
BRDA:1207,475,0,2
BRDA:1207,476,0,23
BRDA:1207,476,1,7
BRDA:1225,477,0,17
BRDA:1227,478,0,17
BRDA:1227,478,1,0
BRDA:1229,479,0,17
BRDA:1229,479,1,0
BRDA:1229,479,2,0
BRDA:1229,479,3,0
BRDA:1230,480,0,17
BRDA:1230,480,1,17
BRDA:1231,481,0,17
BRDA:1231,481,1,17
BRDA:1232,482,0,17
BRDA:1232,482,1,17
BRDA:1233,483,0,17
BRDA:1233,483,1,17
BRDA:1237,484,0,4
BRDA:1246,485,0,0
BRDA:1246,486,0,17
BRDA:1246,486,1,13
BRDA:1246,486,2,0
BRDA:1254,487,0,0
BRDA:1256,488,0,17
BRDA:1256,488,1,4
BRDA:1259,489,0,4
BRDA:1259,490,0,17
BRDA:1259,490,1,4
BRDA:1266,491,0,0
BRDA:1266,492,0,550
BRDA:1266,492,1,550
BRDA:1269,493,0,17
BRDA:1269,493,1,17
BRDA:1269,493,2,17
BRDA:1269,493,3,17
BRDA:1269,493,4,17
BRDA:1269,493,5,17
BRDA:1269,493,6,17
BRDA:1269,493,7,16
BRDA:1269,493,8,15
BRDA:1269,493,9,15
BRDA:1270,494,0,0
BRDA:1271,495,0,0
BRDA:1272,496,0,0
BRDA:1273,497,0,0
BRDA:1274,498,0,0
BRDA:1275,499,0,0
BRDA:1276,500,0,0
BRDA:1277,501,0,1
BRDA:1278,502,0,1
BRDA:1279,503,0,1
BRDA:1280,504,0,0
BRDA:1282,505,0,23
BRDA:1282,505,1,18
BRDA:1282,505,2,18
BRDA:1282,505,3,18
BRDA:1282,505,4,18
BRDA:1282,505,5,18
BRDA:1283,506,0,16
BRDA:1283,506,1,7
BRDA:1283,507,0,16
BRDA:1283,507,1,0
BRDA:1283,508,0,16
BRDA:1283,508,1,0
BRDA:1284,509,0,7
BRDA:1284,509,1,5
BRDA:1285,510,0,7
BRDA:1285,510,1,5
BRDA:1286,511,0,7
BRDA:1286,511,1,0
BRDA:1287,512,0,7
BRDA:1287,512,1,0
BRDA:1288,513,0,7
BRDA:1288,513,1,0
BRDA:1289,514,0,7
BRDA:1289,514,1,2
BRDA:1292,515,0,23
BRDA:1292,515,1,184
BRDA:1307,516,0,25
BRDA:1307,517,0,207
BRDA:1307,517,1,25
BRDA:1309,518,0,6
BRDA:1309,519,0,25
BRDA:1309,519,1,6
BRDA:1315,520,0,6
BRDA:1315,520,1,5
BRDA:1315,520,2,2
BRDA:1318,521,0,3
BRDA:1318,522,0,6
BRDA:1318,522,1,3
BRDA:1321,523,0,6
BRDA:1321,523,1,6
BRDA:1323,524,0,4
BRDA:1331,525,0,1
BRDA:1331,526,0,8
BRDA:1331,526,1,8
BRDA:1332,527,0,7
BRDA:1332,527,1,0
BRDA:1335,528,0,1
BRDA:1338,529,0,6
BRDA:1338,529,1,1
BRDA:1339,530,0,7
BRDA:1339,530,1,4
BRDA:1339,531,0,7
BRDA:1339,531,1,0
BRDA:1343,532,0,4
BRDA:1343,532,1,4
BRDA:1346,533,0,2
BRDA:1355,534,0,25
BRDA:1355,534,1,25
BRDA:1356,535,0,25
BRDA:1356,535,1,7
BRDA:1357,536,0,1
BRDA:1357,536,1,24
BRDA:1357,537,0,25
BRDA:1357,537,1,24
BRDA:1358,538,0,25
BRDA:1358,538,1,23
BRDA:1360,539,0,25
BRDA:1360,539,1,25
BRDA:1361,540,0,0
BRDA:1362,541,0,2
BRDA:1362,542,0,25
BRDA:1362,542,1,9
BRDA:1363,543,0,3
BRDA:1364,544,0,1
BRDA:1364,545,0,25
BRDA:1364,545,1,3
BRDA:1365,546,0,2
BRDA:1366,547,0,2
BRDA:1366,547,1,2
BRDA:1366,547,2,1
BRDA:1367,548,0,1
BRDA:1370,549,0,5
BRDA:1370,549,1,20
BRDA:1371,550,0,25
BRDA:1371,550,1,23
BRDA:1372,551,0,25
BRDA:1372,551,1,23
BRDA:1377,552,0,5
BRDA:1380,553,0,2
BRDA:1380,554,0,10
BRDA:1380,554,1,10
BRDA:1381,555,0,8
BRDA:1381,556,0,10
BRDA:1381,556,1,10
BRDA:1383,557,0,2
BRDA:1388,558,0,4
BRDA:1390,559,0,1
BRDA:1391,560,0,1
BRDA:1392,561,0,1
BRDA:1394,562,0,5
BRDA:1399,563,0,10
BRDA:1399,563,1,0
BRDA:1401,564,0,14
BRDA:1401,564,1,9
BRDA:1402,565,0,2
BRDA:1403,566,0,1
BRDA:1403,567,0,14
BRDA:1403,567,1,14
BRDA:1407,568,0,1
BRDA:1408,569,0,1
BRDA:1413,570,0,1
BRDA:1413,571,0,25
BRDA:1413,571,1,2
BRDA:1417,572,0,1
BRDA:1419,573,0,2
BRDA:1420,574,0,4
BRDA:1420,575,0,25
BRDA:1420,575,1,4
BRDA:1422,576,0,2
BRDA:1425,577,0,3
BRDA:1425,578,0,25
BRDA:1425,578,1,5
BRDA:1428,579,0,6
BRDA:1428,580,0,6
BRDA:1428,580,1,6
BRDA:1429,581,0,6
BRDA:1429,581,1,0
BRDA:1430,582,0,0
BRDA:1433,583,0,0
BRDA:1436,584,0,18
BRDA:1436,584,1,7
BRDA:1437,585,0,18
BRDA:1437,585,1,0
BRDA:1437,586,0,18
BRDA:1437,586,1,15
BRDA:1437,587,0,2
BRDA:1437,587,1,16
BRDA:1437,588,0,16
BRDA:1437,588,1,15
BRDA:1437,589,0,1
BRDA:1437,589,1,17
BRDA:1438,590,0,1
BRDA:1438,590,1,6
BRDA:1439,591,0,3
BRDA:1439,592,0,25
BRDA:1439,592,1,7
BRDA:1439,592,2,3
BRDA:1443,593,0,25
BRDA:1443,593,1,182
BRDA:1459,594,0,21
BRDA:1459,595,0,207
BRDA:1459,595,1,21
BRDA:1460,596,0,21
BRDA:1460,596,1,1
BRDA:1461,597,0,21
BRDA:1461,597,1,1
BRDA:1462,598,0,20
BRDA:1462,598,1,1
BRDA:1463,599,0,21
BRDA:1463,599,1,1
BRDA:1464,600,0,20
BRDA:1464,600,1,1
BRDA:1465,601,0,21
BRDA:1465,601,1,1
BRDA:1468,602,0,7
BRDA:1469,603,0,5
BRDA:1471,604,0,21
BRDA:1471,604,1,1
BRDA:1474,605,0,21
BRDA:1474,605,1,6
BRDA:1477,606,0,20
BRDA:1477,607,0,21
BRDA:1477,607,1,20
BRDA:1481,608,0,2
BRDA:1485,609,0,21
BRDA:1485,609,1,2
BRDA:1488,610,0,17
BRDA:1488,611,0,21
BRDA:1488,611,1,18
BRDA:1490,612,0,469
BRDA:1490,612,1,446
BRDA:1496,613,0,21
BRDA:1496,613,1,1
BRDA:1498,614,0,3
BRDA:1498,614,1,18
BRDA:1499,615,0,3
BRDA:1499,615,1,18
BRDA:1500,616,0,3
BRDA:1500,616,1,18
BRDA:1501,617,0,3
BRDA:1501,617,1,18
BRDA:1502,618,0,21
BRDA:1502,618,1,3
BRDA:1502,618,2,3
BRDA:1502,618,3,3
BRDA:1505,619,0,3
BRDA:1506,620,0,3
BRDA:1506,620,1,0
BRDA:1506,621,0,0
BRDA:1506,621,1,0
BRDA:1507,622,0,3
BRDA:1508,623,0,1
BRDA:1508,624,0,3
BRDA:1508,624,1,2
BRDA:1508,624,2,2
BRDA:1509,625,0,0
BRDA:1509,626,0,3
BRDA:1509,626,1,3
BRDA:1511,627,0,0
BRDA:1511,628,0,3
BRDA:1511,628,1,3
BRDA:1513,629,0,21
BRDA:1513,629,1,3
BRDA:1517,630,0,15
BRDA:1517,631,0,21
BRDA:1517,631,1,0
BRDA:1517,631,2,21
BRDA:1517,631,3,20
BRDA:1517,631,4,15
BRDA:1522,632,0,234
BRDA:1522,633,0,234
BRDA:1524,634,0,15
BRDA:1525,635,0,15
BRDA:1527,636,0,21
BRDA:1527,636,1,15
BRDA:1528,637,0,21
BRDA:1528,637,1,15
BRDA:1530,638,0,14
BRDA:1530,638,1,7
BRDA:1531,639,0,21
BRDA:1531,639,1,14
BRDA:1531,640,0,47
BRDA:1531,640,1,47
BRDA:1534,641,0,21
BRDA:1534,641,1,14
BRDA:1536,642,0,21
BRDA:1536,642,1,20
BRDA:1536,642,2,19
BRDA:1536,642,3,18
BRDA:1536,642,4,17
BRDA:1536,642,5,17
BRDA:1536,642,6,16
BRDA:1536,642,7,16
BRDA:1536,642,8,16
BRDA:1536,642,9,16
BRDA:1536,642,10,16
BRDA:1536,642,11,16
BRDA:1538,643,0,1
BRDA:1539,644,0,2
BRDA:1540,645,0,2
BRDA:1541,646,0,3
BRDA:1542,647,0,2
BRDA:1543,648,0,4
BRDA:1543,649,0,4
BRDA:1543,649,1,1
BRDA:1544,650,0,1
BRDA:1545,651,0,1
BRDA:1546,652,0,1
BRDA:1547,653,0,1
BRDA:1548,654,0,0
BRDA:1549,655,0,0
BRDA:1550,656,0,16
BRDA:1550,656,1,5
BRDA:1550,657,0,16
BRDA:1550,657,1,0
BRDA:1550,658,0,16
BRDA:1550,658,1,16
BRDA:1550,659,0,16
BRDA:1550,659,1,2
BRDA:1550,660,0,16
BRDA:1550,660,1,15
BRDA:1550,661,0,16
BRDA:1550,661,1,15
BRDA:1550,662,0,16
BRDA:1550,662,1,15
BRDA:1551,663,0,5
BRDA:1551,663,1,1
BRDA:1551,664,0,5
BRDA:1551,664,1,3
BRDA:1551,665,0,5
BRDA:1551,665,1,5
BRDA:1551,666,0,5
BRDA:1551,666,1,3
BRDA:1551,667,0,5
BRDA:1551,667,1,3
BRDA:1551,668,0,5
BRDA:1551,668,1,3
BRDA:1553,669,0,21
BRDA:1553,669,1,186
BRDA:1565,670,0,207
BRDA:1565,670,1,21
BRDA:1568,671,0,204
BRDA:1568,671,1,0
BRDA:1571,672,0,1874
BRDA:1571,672,1,1874
BRDA:1577,673,0,2774
BRDA:1579,674,0,2774
BRDA:1579,674,1,559
BRDA:1583,675,0,184
BRDA:1583,675,1,20
BRDA:1587,676,0,89
BRDA:1592,677,0,89
BRDA:1592,677,1,115
BRDA:1592,678,0,89
BRDA:1592,678,1,0
BRDA:1593,679,0,53
BRDA:1593,679,1,151
BRDA:1597,680,0,184
BRDA:1597,680,1,20
BRDA:1617,681,0,204
BRDA:1617,681,1,66
BRDA:1618,682,0,204
BRDA:1618,682,1,66
BRDA:1619,683,0,204
BRDA:1619,683,1,0
BRDA:1620,684,0,204
BRDA:1620,684,1,86
BRDA:1622,685,0,52
BRDA:1622,685,1,152
BRDA:1622,686,0,204
BRDA:1622,686,1,152
BRDA:1622,686,2,0
BRDA:1622,686,3,0
BRDA:1624,687,0,52
BRDA:1624,687,1,0
BRDA:1626,688,0,0
BRDA:1627,689,0,10
BRDA:1628,690,0,49
BRDA:1629,691,0,134
BRDA:1637,692,0,18
BRDA:1637,692,1,186
BRDA:1638,693,0,52
BRDA:1638,693,1,134
BRDA:1641,694,0,67
BRDA:1641,694,1,137
BRDA:1642,695,0,18
BRDA:1642,695,1,186
BRDA:1650,696,0,0
BRDA:1668,697,0,207
BRDA:1668,697,1,19
BRDA:1670,698,0,207
BRDA:1670,698,1,33
BRDA:1670,698,2,0
BRDA:1670,698,3,0
BRDA:1671,699,0,33
BRDA:1671,699,1,174
BRDA:1671,700,0,0
BRDA:1671,700,1,33
BRDA:1671,701,0,0
BRDA:1671,701,1,0
BRDA:1671,702,0,33
BRDA:1671,702,1,0
BRDA:1672,703,0,33
BRDA:1672,703,1,174
BRDA:1684,704,0,207
BRDA:1684,704,1,19
BRDA:1687,705,0,207
BRDA:1687,705,1,191
BRDA:1691,706,0,27
BRDA:1693,707,0,27
BRDA:1693,707,1,27
BRDA:1693,707,2,27
BRDA:1694,708,0,27
BRDA:1694,708,1,0
BRDA:1697,709,0,27
BRDA:1697,710,0,207
BRDA:1697,710,1,27
BRDA:1697,710,2,27
BRDA:1700,711,0,0
BRDA:1705,712,0,27
BRDA:1705,712,1,13
BRDA:1706,713,0,27
BRDA:1706,713,1,13
BRDA:1708,714,0,27
BRDA:1708,714,1,27
BRDA:1709,715,0,27
BRDA:1709,715,1,27
BRDA:1709,716,0,27
BRDA:1709,716,1,0
BRDA:1710,717,0,27
BRDA:1710,717,1,27
BRDA:1711,718,0,0
BRDA:1711,718,1,27
BRDA:1711,719,0,27
BRDA:1711,719,1,0
BRDA:1713,720,0,0
BRDA:1713,720,1,27
BRDA:1714,721,0,0
BRDA:1714,721,1,0
BRDA:1715,722,0,3
BRDA:1716,723,0,3
BRDA:1716,723,1,3
BRDA:1718,724,0,2
BRDA:1718,725,0,2
BRDA:1718,725,1,2
BRDA:1719,726,0,0
BRDA:1719,727,0,0
BRDA:1719,727,1,0
BRDA:1720,728,0,0
BRDA:1720,729,0,27
BRDA:1720,729,1,0
BRDA:1720,730,0,0
BRDA:1720,730,1,0
BRDA:1722,731,0,1
BRDA:1722,732,0,27
BRDA:1722,732,1,13
BRDA:1722,732,2,13
BRDA:1722,732,3,13
BRDA:1723,733,0,1
BRDA:1723,733,1,1
BRDA:1726,734,0,13
BRDA:1728,735,0,13
BRDA:1729,736,0,13
BRDA:1729,736,1,0
BRDA:1730,737,0,1
BRDA:1730,738,0,13
BRDA:1730,738,1,13
BRDA:1730,738,2,13
BRDA:1731,739,0,1
BRDA:1731,739,1,1
BRDA:1736,740,0,2
BRDA:1736,741,0,27
BRDA:1736,741,1,15
BRDA:1736,741,2,2
BRDA:1740,742,0,4
BRDA:1740,742,1,0
BRDA:1743,743,0,1
BRDA:1743,744,0,2
BRDA:1743,744,1,1
BRDA:1743,745,0,1
BRDA:1743,745,1,1
BRDA:1746,746,0,1
BRDA:1746,747,0,27
BRDA:1746,747,1,27
BRDA:1746,747,2,1
BRDA:1746,747,3,1
BRDA:1747,748,0,1
BRDA:1747,748,1,1
BRDA:1750,749,0,27
BRDA:1750,749,1,27
BRDA:1751,750,0,26
BRDA:1751,750,1,1
BRDA:1751,751,0,1
BRDA:1751,751,1,0
BRDA:1752,752,0,13
BRDA:1752,752,1,14
BRDA:1753,753,0,18
BRDA:1753,753,1,9
BRDA:1753,754,0,9
BRDA:1753,754,1,0
BRDA:1757,755,0,13
BRDA:1757,756,0,207
BRDA:1757,756,1,27
BRDA:1757,756,2,14
BRDA:1770,757,0,207
BRDA:1770,757,1,19
BRDA:1772,758,0,207
BRDA:1772,758,1,174
BRDA:1774,759,0,207
BRDA:1774,759,1,0
BRDA:1790,760,0,207
BRDA:1790,760,1,21
BRDA:1794,761,0,16
BRDA:1795,762,0,16
BRDA:1795,762,1,0
BRDA:1796,763,0,16
BRDA:1796,763,1,16
BRDA:1797,764,0,33
BRDA:1797,764,1,0
BRDA:1802,765,0,16
BRDA:1802,765,1,0
BRDA:1803,766,0,13
BRDA:1803,766,1,3
BRDA:1806,767,0,0
BRDA:1809,768,0,16
BRDA:1809,768,1,16
BRDA:1809,768,2,16
BRDA:1809,768,3,15
BRDA:1809,768,4,15
BRDA:1810,769,0,15
BRDA:1810,769,1,1
BRDA:1812,770,0,1
BRDA:1812,770,1,0
BRDA:1813,771,0,1
BRDA:1813,771,1,0
BRDA:1814,772,0,1
BRDA:1814,772,1,1
BRDA:1815,773,0,1
BRDA:1815,773,1,0
BRDA:1816,774,0,1
BRDA:1816,774,1,0
BRDA:1819,775,0,16
BRDA:1819,775,1,191
BRDA:1832,776,0,207
BRDA:1832,776,1,21
BRDA:1833,777,0,207
BRDA:1833,777,1,183
BRDA:1834,778,0,183
BRDA:1835,779,0,24
BRDA:1835,779,1,24
BRDA:1835,779,2,24
BRDA:1837,780,0,24
BRDA:1837,780,1,0
BRDA:1837,781,0,24
BRDA:1837,781,1,24
BRDA:1839,782,0,3
BRDA:1839,783,0,24
BRDA:1839,783,1,3
BRDA:1839,783,2,3
BRDA:1844,784,0,24
BRDA:1844,784,1,24
BRDA:1851,785,0,24
BRDA:1851,785,1,10
BRDA:1854,786,0,24
BRDA:1854,786,1,15
BRDA:1855,787,0,24
BRDA:1855,787,1,1
BRDA:1856,788,0,24
BRDA:1856,788,1,0
BRDA:1857,789,0,24
BRDA:1857,789,1,0
BRDA:1858,790,0,24
BRDA:1858,790,1,14
BRDA:1859,791,0,24
BRDA:1859,791,1,0
BRDA:1860,792,0,24
BRDA:1860,792,1,24
BRDA:1862,793,0,24
BRDA:1862,793,1,15
BRDA:1862,793,2,14
BRDA:1863,794,0,24
BRDA:1863,794,1,14
BRDA:1863,794,2,14
BRDA:1869,795,0,24
BRDA:1869,795,1,24
BRDA:1869,795,2,24
BRDA:1871,796,0,24
BRDA:1871,796,1,24
BRDA:1873,797,0,24
BRDA:1873,797,1,24
BRDA:1874,798,0,24
BRDA:1874,798,1,0
BRDA:1876,799,0,24
BRDA:1876,799,1,24
BRDA:1876,799,2,24
BRDA:1876,799,3,23
BRDA:1876,799,4,22
BRDA:1876,799,5,21
BRDA:1876,799,6,20
BRDA:1876,799,7,20
BRDA:1876,799,8,20
BRDA:1876,799,9,19
BRDA:1876,799,10,18
BRDA:1876,799,11,17
BRDA:1876,799,12,16
BRDA:1876,799,13,15
BRDA:1876,799,14,15
BRDA:1876,799,15,15
BRDA:1877,800,0,14
BRDA:1877,800,1,10
BRDA:1879,801,0,14
BRDA:1879,801,1,0
BRDA:1880,802,0,14
BRDA:1880,802,1,0
BRDA:1881,803,0,13
BRDA:1881,803,1,1
BRDA:1881,804,0,13
BRDA:1881,804,1,0
BRDA:1882,805,0,13
BRDA:1882,805,1,1
BRDA:1883,806,0,13
BRDA:1883,806,1,1
BRDA:1884,807,0,0
BRDA:1884,807,1,14
BRDA:1884,808,0,0
BRDA:1884,808,1,0
BRDA:1885,809,0,13
BRDA:1885,809,1,1
BRDA:1886,810,0,13
BRDA:1886,810,1,1
BRDA:1887,811,0,14
BRDA:1887,811,1,0
BRDA:1889,812,0,10
BRDA:1889,812,1,14
BRDA:1890,813,0,10
BRDA:1890,813,1,0
BRDA:1891,814,0,10
BRDA:1891,814,1,0
BRDA:1892,815,0,10
BRDA:1892,815,1,1
BRDA:1893,816,0,10
BRDA:1893,816,1,1
BRDA:1894,817,0,10
BRDA:1894,817,1,1
BRDA:1895,818,0,10
BRDA:1895,818,1,1
BRDA:1896,819,0,10
BRDA:1896,819,1,0
BRDA:1897,820,0,10
BRDA:1897,820,1,1
BRDA:1898,821,0,10
BRDA:1898,821,1,1
BRDA:1899,822,0,10
BRDA:1899,822,1,1
BRDA:1900,823,0,10
BRDA:1900,823,1,1
BRDA:1901,824,0,10
BRDA:1901,824,1,1
BRDA:1902,825,0,10
BRDA:1902,825,1,1
BRDA:1903,826,0,10
BRDA:1903,826,1,1
BRDA:1904,827,0,10
BRDA:1904,827,1,1
BRDA:1905,828,0,10
BRDA:1905,828,1,1
BRDA:1908,829,0,1
BRDA:1909,830,0,1
BRDA:1909,831,0,24
BRDA:1909,831,1,23
BRDA:1910,832,0,1
BRDA:1910,833,0,24
BRDA:1910,833,1,23
BRDA:1910,833,2,23
BRDA:1911,834,0,14
BRDA:1911,834,1,10
BRDA:1924,835,0,207
BRDA:1924,835,1,21
BRDA:1925,836,0,207
BRDA:1925,836,1,206
BRDA:1926,837,0,190
BRDA:1927,838,0,17
BRDA:1927,838,1,16
BRDA:1927,838,2,16
BRDA:1928,839,0,17
BRDA:1928,839,1,16
BRDA:1929,840,0,17
BRDA:1929,840,1,16
BRDA:1930,841,0,17
BRDA:1930,841,1,1
BRDA:1930,841,2,1
BRDA:1931,842,0,17
BRDA:1931,842,1,1
BRDA:1931,842,2,1
BRDA:1932,843,0,17
BRDA:1932,843,1,1
BRDA:1932,843,2,1
BRDA:1933,844,0,1
BRDA:1933,844,1,16
BRDA:1933,845,0,1
BRDA:1933,845,1,0
BRDA:1933,846,0,16
BRDA:1933,846,1,16
BRDA:1933,847,0,16
BRDA:1933,847,1,16
BRDA:1933,848,0,16
BRDA:1933,848,1,16
BRDA:1950,849,0,207
BRDA:1950,849,1,21
BRDA:1952,850,0,186
BRDA:1953,851,0,21
BRDA:1953,851,1,18
BRDA:1954,852,0,21
BRDA:1954,852,1,20
BRDA:1955,853,0,20
BRDA:1955,853,1,1
BRDA:1956,854,0,20
BRDA:1956,854,1,1
BRDA:1961,855,0,21
BRDA:1961,855,1,2
BRDA:1961,855,2,1
BRDA:1961,855,3,1
BRDA:1961,855,4,1
BRDA:1962,856,0,1
BRDA:1962,856,1,20
BRDA:1974,857,0,207
BRDA:1974,857,1,21
BRDA:1976,858,0,194
BRDA:1976,859,0,207
BRDA:1976,859,1,13
BRDA:1976,859,2,13
BRDA:1976,859,3,13
BRDA:1976,859,4,13
BRDA:1979,860,0,13
BRDA:1979,860,1,13
BRDA:1979,860,2,13
BRDA:1980,861,0,13
BRDA:1980,861,1,0
BRDA:1996,862,0,207
BRDA:1996,862,1,21
BRDA:1998,863,0,184
BRDA:2000,864,0,23
BRDA:2000,864,1,0
BRDA:2001,865,0,23
BRDA:2001,865,1,0
BRDA:2002,866,0,23
BRDA:2002,866,1,23
BRDA:2002,867,0,23
BRDA:2002,867,1,0
BRDA:2003,868,0,2
BRDA:2005,869,0,0
BRDA:2007,870,0,1
BRDA:2009,871,0,13
BRDA:2009,871,1,10
BRDA:2010,872,0,2
BRDA:2012,873,0,1
BRDA:2012,873,1,22
BRDA:2013,874,0,1
BRDA:2013,874,1,22
BRDA:2014,875,0,1
BRDA:2016,876,0,1
BRDA:2018,877,0,1
BRDA:2018,877,1,22
BRDA:2019,878,0,1
BRDA:2022,879,0,15
BRDA:2022,879,1,8
BRDA:2025,880,0,0
BRDA:2028,881,0,2
BRDA:2029,882,0,1
BRDA:2030,883,0,1
BRDA:2032,884,0,15
BRDA:2032,884,1,8
BRDA:2032,885,0,15
BRDA:2032,885,1,8
BRDA:2033,886,0,15
BRDA:2033,886,1,8
BRDA:2046,887,0,207
BRDA:2046,887,1,21
BRDA:2047,888,0,207
BRDA:2047,888,1,74
BRDA:2047,888,2,133
BRDA:2048,889,0,207
BRDA:2048,889,1,163
BRDA:2051,890,0,207
BRDA:2051,890,1,184
BRDA:2051,890,2,178
BRDA:2052,891,0,207
BRDA:2052,891,1,184
BRDA:2055,892,0,5
BRDA:2055,893,0,207
BRDA:2055,893,1,5
BRDA:2058,894,0,10
BRDA:2058,894,1,6
BRDA:2061,895,0,2
BRDA:2069,896,0,5
BRDA:2070,897,0,5
BRDA:2070,897,1,0
BRDA:2070,898,0,10
BRDA:2070,898,1,10
BRDA:2071,899,0,5
BRDA:2071,899,1,0
BRDA:2078,900,0,207
BRDA:2078,900,1,184
BRDA:2078,900,2,182
BRDA:2078,900,3,181
BRDA:2078,900,4,180
BRDA:2081,901,0,1
BRDA:2081,902,0,207
BRDA:2081,902,1,2
BRDA:2084,903,0,1
BRDA:2087,904,0,179
BRDA:2088,905,0,8
BRDA:2088,905,1,171
BRDA:2089,906,0,3
BRDA:2089,906,1,5
BRDA:2090,907,0,3
BRDA:2091,908,0,3
BRDA:2091,908,1,0
BRDA:2091,909,0,6
BRDA:2091,909,1,6
BRDA:2092,910,0,1
BRDA:2093,911,0,1
BRDA:2094,912,0,2
BRDA:2094,912,1,3
BRDA:2095,913,0,2
BRDA:2104,914,0,15
BRDA:2105,915,0,0
BRDA:2106,916,0,14
BRDA:2107,917,0,0
BRDA:2108,918,0,14
BRDA:2111,919,0,1
BRDA:2111,920,0,207
BRDA:2111,920,1,3
BRDA:2114,921,0,28
BRDA:2114,921,1,179
BRDA:2116,922,0,28
BRDA:2116,922,1,179
BRDA:2117,923,0,23
BRDA:2117,923,1,5
BRDA:2118,924,0,2
BRDA:2118,924,1,3
BRDA:2119,925,0,1
BRDA:2119,925,1,2
BRDA:2120,926,0,1
BRDA:2120,926,1,1
BRDA:2121,927,0,1
BRDA:2121,927,1,0
BRDA:2122,928,0,2
BRDA:2122,928,1,26
BRDA:2122,929,0,0
BRDA:2122,929,1,2
BRDA:2123,930,0,28
BRDA:2123,930,1,1
BRDA:2123,931,0,28
BRDA:2123,931,1,1
BRDA:2123,932,0,28
BRDA:2123,932,1,1
BRDA:2124,933,0,3
BRDA:2124,933,1,25
BRDA:2126,934,0,179
BRDA:2126,934,1,0
BRDA:2127,935,0,8
BRDA:2127,935,1,171
BRDA:2128,936,0,8
BRDA:2128,936,1,0
BRDA:2147,937,0,207
BRDA:2147,937,1,19
BRDA:2149,938,0,190
BRDA:2151,939,0,17
BRDA:2151,939,1,0
BRDA:2151,940,0,17
BRDA:2151,940,1,16
BRDA:2151,940,2,16
BRDA:2151,941,0,17
BRDA:2151,941,1,0
BRDA:2151,942,0,16
BRDA:2151,942,1,0
BRDA:2151,943,0,16
BRDA:2151,943,1,0
BRDA:2151,944,0,16
BRDA:2151,944,1,0
BRDA:2152,945,0,17
BRDA:2152,945,1,16
BRDA:2153,946,0,15
BRDA:2153,946,1,2
BRDA:2154,947,0,2
BRDA:2154,947,1,1
BRDA:2155,948,0,2
BRDA:2155,948,1,1
BRDA:2170,949,0,207
BRDA:2170,949,1,19
BRDA:2173,950,0,194
BRDA:2174,951,0,13
BRDA:2174,951,1,13
BRDA:2174,951,2,13
BRDA:2174,951,3,13
BRDA:2174,951,4,13
BRDA:2175,952,0,13
BRDA:2175,952,1,13
BRDA:2175,953,0,13
BRDA:2175,953,1,13
BRDA:2177,954,0,13
BRDA:2177,954,1,0
BRDA:2179,955,0,13
BRDA:2179,955,1,0
BRDA:2180,956,0,13
BRDA:2180,956,1,13
BRDA:2180,956,2,0
BRDA:2180,956,3,0
BRDA:2180,956,4,0
BRDA:2180,956,5,0
BRDA:2182,957,0,0
BRDA:2182,958,0,13
BRDA:2182,958,1,0
BRDA:2184,959,0,0
BRDA:2184,959,1,0
BRDA:2184,959,2,0
BRDA:2184,959,3,0
BRDA:2184,960,0,0
BRDA:2184,960,1,0
BRDA:2184,961,0,0
BRDA:2184,961,1,0
BRDA:2184,962,0,0
BRDA:2184,962,1,0
BRDA:2185,963,0,0
BRDA:2189,964,0,0
BRDA:2189,964,1,13
BRDA:2189,965,0,0
BRDA:2189,965,1,0
BRDA:2190,966,0,13
BRDA:2190,966,1,0
BRDA:2191,967,0,13
BRDA:2191,967,1,13
BRDA:2192,968,0,13
BRDA:2192,968,1,0
BRDA:2193,969,0,13
BRDA:2193,969,1,0
BRDA:2194,970,0,13
BRDA:2194,970,1,0
BRDA:2195,971,0,13
BRDA:2195,971,1,0
BRDA:2210,972,0,207
BRDA:2210,972,1,19
BRDA:2212,973,0,190
BRDA:2215,974,0,17
BRDA:2215,974,1,0
BRDA:2216,975,0,17
BRDA:2216,975,1,0
BRDA:2217,976,0,1
BRDA:2217,977,0,17
BRDA:2217,977,1,16
BRDA:2220,978,0,1
BRDA:2223,979,0,1
BRDA:2225,980,0,14
BRDA:2225,980,1,3
BRDA:2238,981,0,207
BRDA:2238,981,1,21
BRDA:2247,982,0,199
BRDA:2252,983,0,0
BRDA:2253,984,0,8
BRDA:2253,984,1,3
BRDA:2253,984,2,3
BRDA:2253,984,3,3
BRDA:2254,985,0,3
BRDA:2254,986,0,8
BRDA:2254,986,1,8
BRDA:2256,987,0,8
BRDA:2256,987,1,6
BRDA:2257,988,0,2
BRDA:2257,989,0,8
BRDA:2257,989,1,7
BRDA:2259,990,0,0
BRDA:2260,991,0,8
BRDA:2260,991,1,2
BRDA:2264,992,0,0
BRDA:2264,993,0,8
BRDA:2264,993,1,3
BRDA:2265,994,0,0
BRDA:2266,995,0,0
BRDA:2267,996,0,0
BRDA:2270,997,0,3
BRDA:2270,997,1,2
BRDA:2270,998,0,0
BRDA:2270,998,1,2
BRDA:2270,999,0,2
BRDA:2270,999,1,0
BRDA:2270,1000,0,0
BRDA:2270,1000,1,0
BRDA:2271,1001,0,3
BRDA:2271,1001,1,5
BRDA:2273,1002,0,3
BRDA:2273,1002,1,5
BRDA:2273,1003,0,8
BRDA:2273,1003,1,3
BRDA:2273,1003,2,3
BRDA:2273,1003,3,3
BRDA:2273,1003,4,0
BRDA:2286,1004,0,207
BRDA:2286,1004,1,21
BRDA:2288,1005,0,192
BRDA:2290,1006,0,15
BRDA:2290,1006,1,0
BRDA:2291,1007,0,1
BRDA:2293,1008,0,3
BRDA:2294,1009,0,1
BRDA:2295,1010,0,1
BRDA:2296,1011,0,0
BRDA:2298,1012,0,1
BRDA:2298,1013,0,15
BRDA:2298,1013,1,1
BRDA:2298,1013,2,1
BRDA:2302,1014,0,0
BRDA:2302,1015,0,3
BRDA:2302,1015,1,3
BRDA:2303,1016,0,3
BRDA:2303,1016,1,2
BRDA:2307,1017,0,1
BRDA:2313,1018,0,15
BRDA:2313,1018,1,0
BRDA:2313,1019,0,15
BRDA:2313,1019,1,15
BRDA:2315,1020,0,0
BRDA:2315,1020,1,15
BRDA:2315,1021,0,15
BRDA:2315,1021,1,0
BRDA:2318,1022,0,15
BRDA:2321,1023,0,1
BRDA:2326,1024,0,15
BRDA:2326,1024,1,0
BRDA:2326,1025,0,15
BRDA:2326,1025,1,15
BRDA:2327,1026,0,32
BRDA:2327,1026,1,32
BRDA:2328,1027,0,0
BRDA:2330,1028,0,15
BRDA:2332,1029,0,1
BRDA:2332,1030,0,15
BRDA:2332,1030,1,14
BRDA:2336,1031,0,1
BRDA:2337,1032,0,0
BRDA:2339,1033,0,1
BRDA:2340,1034,0,0
BRDA:2342,1035,0,2
BRDA:2343,1036,0,0
BRDA:2345,1037,0,1
BRDA:2345,1038,0,15
BRDA:2345,1038,1,14
BRDA:2345,1038,2,1
BRDA:2347,1039,0,1
BRDA:2347,1040,0,15
BRDA:2347,1040,1,2
BRDA:2349,1041,0,3
BRDA:2349,1042,0,15
BRDA:2349,1042,1,3
BRDA:2350,1043,0,3
BRDA:2352,1044,0,1
BRDA:2355,1045,0,1
BRDA:2358,1046,0,1
BRDA:2359,1047,0,0
BRDA:2361,1048,0,1
BRDA:2361,1048,1,14
BRDA:2375,1049,0,51
BRDA:2378,1050,0,51
BRDA:2381,1051,0,153
BRF:1970
BRH:1656
end_of_record
TN:
SF:src\constants.ts
FN:14,parseOverridePQDate
FN:19,(anonymous_1)
FN:39,parseSpecVersion
FN:40,(anonymous_3)
FN:43,isVersionLE
FN:54,(anonymous_5)
FN:67,sanitizeName
FNF:7
FNH:7
FNDA:144,parseOverridePQDate
FNDA:6,(anonymous_1)
FNDA:17556,parseSpecVersion
FNDA:35112,(anonymous_3)
FNDA:8778,isVersionLE
FNDA:22,(anonymous_5)
FNDA:33,sanitizeName
DA:4,22
DA:5,22
DA:11,22
DA:12,22
DA:14,22
DA:15,144
DA:17,4
DA:18,4
DA:19,6
DA:20,2
DA:22,2
DA:23,2
DA:24,1
DA:26,1
DA:29,22
DA:30,22
DA:32,22
DA:36,22
DA:39,22
DA:40,35112
DA:43,22
DA:44,8778
DA:45,8778
DA:46,17556
DA:47,17556
DA:49,6688
DA:53,22
DA:54,22
DA:55,22
DA:56,22
DA:57,22
DA:58,22
DA:66,22
DA:67,22
DA:68,33
DA:70,32
DA:73,32
DA:75,32
DA:77,32
DA:78,32
DA:79,32
DA:80,1
DA:82,32
DA:86,22
DA:87,22
DA:88,22
DA:89,22
DA:90,22
DA:91,22
DA:92,22
LF:50
LH:50
BRDA:15,0,0,140
BRDA:18,1,0,2
BRDA:20,2,0,2
BRDA:20,3,0,2
BRDA:20,3,1,2
BRDA:20,3,2,2
BRDA:23,4,0,1
BRDA:40,5,0,35112
BRDA:40,5,1,2090
BRDA:46,6,0,17556
BRDA:46,6,1,2090
BRDA:46,7,0,17556
BRDA:46,7,1,0
BRDA:47,8,0,2090
BRDA:47,9,0,0
BRDA:56,10,0,0
BRDA:56,10,1,22
BRDA:57,11,0,0
BRDA:57,12,0,22
BRDA:57,12,1,0
BRDA:68,13,0,1
BRDA:78,14,0,0
BRDA:79,15,0,1
BRF:23
BRH:17
end_of_record
TN:
SF:src\format.ts
FN:7,missingList
FNF:1
FNH:1
FNDA:897,missingList
DA:7,17
DA:8,897
LF:2
LH:2
BRF:0
BRH:0
end_of_record
TN:
SF:src\governance-parser.ts
FN:21,parseQuorumCertificates
FN:29,(anonymous_10)
FN:39,deriveGovernanceMetrics
FN:40,(anonymous_12)
FN:47,(anonymous_13)
FN:48,(anonymous_14)
FN:52,validateQuorumCertificates
FN:73,(anonymous_16)
FN:108,evaluateHistoricalDiversity
FN:115,(anonymous_18)
FN:124,evaluateHistoricalDiversityAdvanced
FN:152,(anonymous_20)
FN:153,(anonymous_21)
FNF:13
FNH:13
FNDA:6,parseQuorumCertificates
FNDA:15,(anonymous_10)
FNDA:2,deriveGovernanceMetrics
FNDA:10,(anonymous_12)
FNDA:10,(anonymous_13)
FNDA:10,(anonymous_14)
FNDA:6,validateQuorumCertificates
FNDA:13,(anonymous_16)
FNDA:1,evaluateHistoricalDiversity
FNDA:336,(anonymous_18)
FNDA:1,evaluateHistoricalDiversityAdvanced
FNDA:168,(anonymous_20)
FNDA:168,(anonymous_21)
DA:1,3
DA:21,3
DA:22,6
DA:23,6
DA:24,12
DA:25,12
DA:26,12
DA:27,12
DA:28,12
DA:29,15
DA:30,12
DA:31,12
DA:32,12
DA:36,6
DA:39,3
DA:40,10
DA:41,2
DA:42,2
DA:43,2
DA:44,10
DA:45,10
DA:47,10
DA:48,10
DA:49,2
DA:52,3
DA:53,6
DA:54,6
DA:55,6
DA:57,6
DA:58,6
DA:59,12
DA:60,12
DA:61,12
DA:62,12
DA:63,10
DA:64,9
DA:67,5
DA:68,5
DA:71,5
DA:72,5
DA:73,13
DA:74,10
DA:75,10
DA:76,0
DA:77,0
DA:79,10
DA:80,8
DA:81,8
DA:82,8
DA:83,7
DA:84,7
DA:85,7
DA:86,7
DA:87,7
DA:89,7
DA:90,1
DA:91,1
DA:92,1
DA:93,1
DA:94,1
DA:97,7
DA:99,0
DA:100,0
DA:105,3
DA:108,3
DA:109,1
DA:110,1
DA:111,1
DA:112,1
DA:113,168
DA:114,168
DA:115,336
DA:116,168
DA:117,168
DA:119,1
DA:120,1
DA:121,1
DA:124,3
DA:125,1
DA:126,1
DA:127,1
DA:130,1
DA:131,168
DA:132,168
DA:133,168
DA:134,168
DA:135,501
DA:136,501
DA:137,501
DA:139,168
DA:141,168
DA:142,167
DA:143,167
DA:144,501
DA:145,501
DA:146,501
DA:149,168
DA:151,1
DA:152,168
DA:153,168
DA:154,1
DA:156,1
DA:157,1
LF:103
LH:99
BRDA:26,0,0,12
BRDA:26,1,0,12
BRDA:26,1,1,12
BRDA:27,2,0,12
BRDA:27,2,1,0
BRDA:27,2,2,0
BRDA:28,3,0,12
BRDA:28,3,1,0
BRDA:28,3,2,0
BRDA:29,4,0,12
BRDA:29,4,1,0
BRDA:29,5,0,15
BRDA:29,5,1,5
BRDA:29,5,2,0
BRDA:29,6,0,15
BRDA:29,6,1,5
BRDA:29,6,2,0
BRDA:29,7,0,15
BRDA:29,7,1,8
BRDA:29,7,2,8
BRDA:30,8,0,12
BRDA:30,8,1,12
BRDA:30,8,2,12
BRDA:31,9,0,12
BRDA:31,9,1,2
BRDA:31,9,2,2
BRDA:40,10,0,2
BRDA:40,10,1,0
BRDA:44,11,0,10
BRDA:44,12,0,10
BRDA:44,12,1,10
BRDA:45,13,0,10
BRDA:45,14,0,10
BRDA:45,14,1,10
BRDA:52,15,0,0
BRDA:54,16,0,0
BRDA:59,17,0,0
BRDA:61,18,0,0
BRDA:61,19,0,12
BRDA:61,19,1,8
BRDA:62,20,0,10
BRDA:63,21,0,1
BRDA:63,22,0,10
BRDA:63,22,1,5
BRDA:67,23,0,5
BRDA:67,23,1,5
BRDA:74,24,0,0
BRDA:74,24,1,10
BRDA:75,25,0,0
BRDA:79,26,0,8
BRDA:82,27,0,1
BRDA:82,28,0,8
BRDA:82,28,1,8
BRDA:83,29,0,7
BRDA:83,29,1,0
BRDA:89,30,0,1
BRDA:97,31,0,1
BRDA:108,32,0,1
BRDA:109,33,0,0
BRDA:109,34,0,1
BRDA:109,34,1,1
BRDA:113,35,0,168
BRDA:113,35,1,0
BRDA:114,36,0,0
BRDA:117,37,0,168
BRDA:117,37,1,0
BRDA:117,38,0,168
BRDA:117,38,1,0
BRDA:120,39,0,1
BRDA:120,39,1,1
BRDA:124,40,0,1
BRDA:124,41,0,1
BRDA:125,42,0,0
BRDA:125,43,0,1
BRDA:125,43,1,1
BRDA:135,44,0,501
BRDA:135,44,1,0
BRDA:136,45,0,0
BRDA:141,46,0,167
BRDA:142,47,0,167
BRDA:142,47,1,0
BRDA:144,48,0,501
BRDA:144,48,1,0
BRDA:145,49,0,501
BRDA:145,49,1,0
BRDA:145,50,0,501
BRDA:145,50,1,0
BRDA:149,51,0,168
BRDA:149,51,1,0
BRDA:156,52,0,1
BRDA:156,52,1,1
BRDA:156,52,2,1
BRF:92
BRH:64
end_of_record
TN:
SF:src\heuristics.ts
FN:9,(anonymous_0)
FN:12,(anonymous_1)
FN:14,detectCrypto
FN:32,detectNetwork
FN:39,(anonymous_4)
FN:50,detectSCION
FN:57,(anonymous_6)
FN:61,detectDHT
FN:80,detectLedger
FN:88,detectPayment
FN:103,detectBuildProvenance
FN:112,evaluatePrivacyTokens
FN:117,(anonymous_12)
FN:117,(anonymous_13)
FNF:14
FNH:14
FNDA:872,(anonymous_0)
FNDA:25,(anonymous_1)
FNDA:104,detectCrypto
FNDA:40,detectNetwork
FNDA:160,(anonymous_4)
FNDA:37,detectSCION
FNDA:26,(anonymous_6)
FNDA:38,detectDHT
FNDA:37,detectLedger
FNDA:38,detectPayment
FNDA:37,detectBuildProvenance
FNDA:210,evaluatePrivacyTokens
FNDA:630,(anonymous_12)
FNDA:2730,(anonymous_13)
DA:9,872
DA:12,25
DA:14,21
DA:15,104
DA:16,104
DA:18,104
DA:21,104
DA:32,21
DA:33,40
DA:34,40
DA:35,40
DA:37,40
DA:38,40
DA:39,160
DA:40,40
DA:41,40
DA:42,40
DA:44,40
DA:46,40
DA:47,40
DA:50,21
DA:51,37
DA:52,37
DA:53,37
DA:54,37
DA:56,37
DA:57,37
DA:58,37
DA:61,21
DA:62,38
DA:63,38
DA:64,38
DA:65,38
DA:66,38
DA:68,38
DA:69,93
DA:70,93
DA:71,55
DA:72,55
DA:74,38
DA:75,38
DA:76,38
DA:77,38
DA:80,21
DA:81,37
DA:82,37
DA:83,37
DA:84,37
DA:85,37
DA:88,21
DA:89,38
DA:90,38
DA:92,38
DA:93,38
DA:95,38
DA:96,38
DA:97,38
DA:99,38
DA:100,38
DA:103,21
DA:104,37
DA:105,37
DA:106,37
DA:107,37
DA:108,37
DA:112,21
DA:113,210
DA:114,210
DA:115,210
DA:116,210
DA:117,2730
DA:118,210
DA:119,210
DA:120,210
DA:121,210
DA:123,210
DA:124,210
LF:77
LH:77
BRDA:18,0,0,104
BRDA:18,0,1,100
BRDA:22,1,0,104
BRDA:22,1,1,59
BRDA:23,2,0,104
BRDA:23,2,1,59
BRDA:24,3,0,104
BRDA:24,3,1,104
BRDA:25,4,0,104
BRDA:25,4,1,101
BRDA:26,5,0,104
BRDA:26,5,1,4
BRDA:28,6,0,104
BRDA:28,6,1,104
BRDA:37,7,0,40
BRDA:37,7,1,27
BRDA:37,7,2,27
BRDA:39,8,0,14
BRDA:39,8,1,146
BRDA:41,9,0,40
BRDA:41,9,1,25
BRDA:42,10,0,40
BRDA:42,10,1,39
BRDA:46,11,0,40
BRDA:46,11,1,39
BRDA:53,12,0,37
BRDA:53,12,1,13
BRDA:56,13,0,37
BRDA:56,13,1,24
BRDA:63,14,0,38
BRDA:63,14,1,24
BRDA:64,15,0,38
BRDA:64,15,1,14
BRDA:70,16,0,38
BRDA:72,17,0,55
BRDA:75,18,0,38
BRDA:75,18,1,38
BRDA:75,18,2,38
BRDA:96,19,0,38
BRDA:96,19,1,38
BRDA:97,20,0,38
BRDA:97,20,1,38
BRDA:105,21,0,37
BRDA:105,21,1,23
BRDA:117,22,0,163
BRDA:117,22,1,2567
BRDA:123,23,0,210
BRDA:123,23,1,15
BRDA:123,23,2,15
BRDA:123,23,3,195
BRDA:123,23,4,3
BRDA:123,23,5,2
BRF:52
BRH:52
end_of_record
TN:
SF:src\index.ts
FN:17,(anonymous_9)
FN:23,(anonymous_10)
FN:27,(anonymous_11)
FN:36,(anonymous_12)
FN:66,(anonymous_13)
FN:70,(anonymous_14)
FN:92,(anonymous_15)
FN:96,(anonymous_16)
FN:263,(anonymous_17)
FN:264,(anonymous_18)
FN:264,(anonymous_19)
FN:306,(anonymous_20)
FN:316,(anonymous_21)
FN:390,(anonymous_22)
FN:392,(anonymous_23)
FN:397,(anonymous_24)
FN:398,(anonymous_25)
FN:403,(anonymous_26)
FN:406,(anonymous_27)
FN:488,(anonymous_28)
FN:489,(anonymous_29)
FN:490,(anonymous_30)
FN:491,(anonymous_31)
FN:494,(anonymous_32)
FN:501,(anonymous_33)
FN:507,(anonymous_34)
FN:508,(anonymous_35)
FN:524,(anonymous_36)
FN:530,(anonymous_37)
FN:530,(anonymous_38)
FN:550,(anonymous_39)
FN:557,(anonymous_40)
FN:559,(anonymous_41)
FN:562,(anonymous_42)
FN:565,(anonymous_43)
FN:569,(anonymous_44)
FN:570,(anonymous_45)
FN:571,(anonymous_46)
FN:572,(anonymous_47)
FN:577,(anonymous_48)
FN:591,(anonymous_49)
FN:592,(anonymous_50)
FN:595,(anonymous_51)
FN:597,(anonymous_52)
FN:599,(anonymous_53)
FN:600,(anonymous_54)
FN:606,(anonymous_55)
FN:608,(anonymous_56)
FN:608,(anonymous_57)
FN:609,(anonymous_58)
FN:615,(anonymous_59)
FN:628,(anonymous_60)
FN:631,(anonymous_61)
FN:635,(anonymous_62)
FN:642,(anonymous_63)
FN:643,(anonymous_64)
FN:651,(anonymous_65)
FN:661,(anonymous_66)
FN:662,(anonymous_67)
FN:662,(anonymous_68)
FN:662,(anonymous_69)
FN:667,(anonymous_70)
FN:667,(anonymous_71)
FN:667,(anonymous_72)
FN:667,(anonymous_73)
FN:670,(anonymous_74)
FN:672,(anonymous_75)
FN:672,(anonymous_76)
FN:674,(anonymous_77)
FN:679,(anonymous_78)
FN:679,(anonymous_79)
FN:679,(anonymous_80)
FN:680,(anonymous_81)
FN:682,(anonymous_82)
FN:683,(anonymous_83)
FN:684,(anonymous_84)
FN:685,(anonymous_85)
FN:692,(anonymous_86)
FN:700,(anonymous_87)
FN:722,(anonymous_88)
FN:725,(anonymous_89)
FN:728,(anonymous_90)
FN:736,(anonymous_91)
FN:754,(anonymous_92)
FN:770,(anonymous_93)
FN:781,(anonymous_94)
FN:797,(anonymous_95)
FN:807,(anonymous_96)
FN:825,(anonymous_97)
FN:832,(anonymous_98)
FN:843,(anonymous_99)
FN:855,(anonymous_100)
FN:859,(anonymous_101)
FN:885,(anonymous_102)
FN:898,(anonymous_103)
FN:904,(anonymous_104)
FN:930,(anonymous_105)
FN:958,(anonymous_106)
FNF:98
FNH:86
FNDA:267,(anonymous_9)
FNDA:254,(anonymous_10)
FNDA:210,(anonymous_11)
FNDA:210,(anonymous_12)
FNDA:3,(anonymous_13)
FNDA:1,(anonymous_14)
FNDA:7,(anonymous_15)
FNDA:3,(anonymous_16)
FNDA:4,(anonymous_17)
FNDA:4,(anonymous_18)
FNDA:5,(anonymous_19)
FNDA:2,(anonymous_20)
FNDA:6,(anonymous_21)
FNDA:1,(anonymous_22)
FNDA:1,(anonymous_23)
FNDA:2,(anonymous_24)
FNDA:2,(anonymous_25)
FNDA:0,(anonymous_26)
FNDA:4,(anonymous_27)
FNDA:209,(anonymous_28)
FNDA:8778,(anonymous_29)
FNDA:84,(anonymous_30)
FNDA:42,(anonymous_31)
FNDA:209,(anonymous_32)
FNDA:8184,(anonymous_33)
FNDA:3148,(anonymous_34)
FNDA:3148,(anonymous_35)
FNDA:8695,(anonymous_36)
FNDA:0,(anonymous_37)
FNDA:0,(anonymous_38)
FNDA:17279,(anonymous_39)
FNDA:8584,(anonymous_40)
FNDA:25552,(anonymous_41)
FNDA:209,(anonymous_42)
FNDA:8695,(anonymous_43)
FNDA:8656,(anonymous_44)
FNDA:8656,(anonymous_45)
FNDA:7140,(anonymous_46)
FNDA:8656,(anonymous_47)
FNDA:175,(anonymous_48)
FNDA:209,(anonymous_49)
FNDA:8778,(anonymous_50)
FNDA:209,(anonymous_51)
FNDA:2717,(anonymous_52)
FNDA:5225,(anonymous_53)
FNDA:84488,(anonymous_54)
FNDA:2717,(anonymous_55)
FNDA:5225,(anonymous_56)
FNDA:84488,(anonymous_57)
FNDA:5176,(anonymous_58)
FNDA:1669,(anonymous_59)
FNDA:2814,(anonymous_60)
FNDA:102,(anonymous_61)
FNDA:102,(anonymous_62)
FNDA:23,(anonymous_63)
FNDA:46,(anonymous_64)
FNDA:16,(anonymous_65)
FNDA:15,(anonymous_66)
FNDA:300,(anonymous_67)
FNDA:420,(anonymous_68)
FNDA:390,(anonymous_69)
FNDA:207,(anonymous_70)
FNDA:828,(anonymous_71)
FNDA:920,(anonymous_72)
FNDA:4760,(anonymous_73)
FNDA:19,(anonymous_74)
FNDA:323,(anonymous_75)
FNDA:81,(anonymous_76)
FNDA:209,(anonymous_77)
FNDA:102,(anonymous_78)
FNDA:1632,(anonymous_79)
FNDA:1632,(anonymous_80)
FNDA:99,(anonymous_81)
FNDA:1386,(anonymous_82)
FNDA:2871,(anonymous_83)
FNDA:3069,(anonymous_84)
FNDA:792,(anonymous_85)
FNDA:121,(anonymous_86)
FNDA:1089,(anonymous_87)
FNDA:1254,(anonymous_88)
FNDA:209,(anonymous_89)
FNDA:25557,(anonymous_90)
FNDA:0,(anonymous_91)
FNDA:16,(anonymous_92)
FNDA:1,(anonymous_93)
FNDA:15,(anonymous_94)
FNDA:0,(anonymous_95)
FNDA:2,(anonymous_96)
FNDA:0,(anonymous_97)
FNDA:0,(anonymous_98)
FNDA:0,(anonymous_99)
FNDA:2,(anonymous_100)
FNDA:0,(anonymous_101)
FNDA:3,(anonymous_102)
FNDA:0,(anonymous_103)
FNDA:0,(anonymous_104)
FNDA:1,(anonymous_105)
FNDA:0,(anonymous_106)
DA:1,16
DA:3,16
DA:4,16
DA:5,16
DA:6,16
DA:7,16
DA:8,16
DA:9,16
DA:10,16
DA:11,16
DA:14,16
DA:19,267
DA:24,254
DA:29,210
DA:30,209
DA:31,209
DA:32,209
DA:37,210
DA:38,209
DA:39,33
DA:42,209
DA:44,209
DA:46,209
DA:47,37
DA:48,37
DA:49,37
DA:50,37
DA:53,37
DA:54,3
DA:55,3
DA:56,3
DA:58,3
DA:59,3
DA:60,3
DA:61,3
DA:62,3
DA:63,3
DA:64,3
DA:66,3
DA:67,3
DA:69,3
DA:70,1
DA:72,3
DA:73,0
DA:74,0
DA:78,3
DA:80,3
DA:81,3
DA:82,3
DA:85,34
DA:87,7
DA:88,7
DA:89,7
DA:90,7
DA:91,7
DA:92,7
DA:93,7
DA:95,7
DA:96,3
DA:98,27
DA:100,18
DA:101,17
DA:103,1
DA:110,18
DA:111,320
DA:112,300
DA:116,9
DA:117,16
DA:120,37
DA:122,37
DA:123,37
DA:124,1
DA:125,1
DA:126,1
DA:128,1
DA:129,0
DA:130,0
DA:131,1
DA:132,1
DA:133,1
DA:134,1
DA:135,1
DA:136,1
DA:137,1
DA:138,1
DA:142,37
DA:143,1
DA:144,1
DA:145,1
DA:146,1
DA:149,1
DA:150,0
DA:151,0
DA:152,1
DA:153,1
DA:155,0
DA:158,1
DA:159,1
DA:160,1
DA:161,1
DA:163,1
DA:165,1
DA:166,1
DA:168,0
DA:169,0
DA:171,1
DA:172,0
DA:175,1
DA:176,1
DA:181,1
DA:182,1
DA:183,1
DA:184,1
DA:185,1
DA:186,1
DA:187,1
DA:188,0
DA:189,0
DA:191,1
DA:192,0
DA:193,1
DA:195,1
DA:203,1
DA:204,1
DA:205,1
DA:206,1
DA:207,1
DA:208,1
DA:209,1
DA:210,1
DA:211,1
DA:213,0
DA:214,0
DA:215,0
DA:216,0
DA:217,0
DA:220,0
DA:221,0
DA:222,0
DA:227,37
DA:228,37
DA:229,2
DA:230,2
DA:231,2
DA:232,2
DA:233,2
DA:234,2
DA:235,2
DA:236,2
DA:237,2
DA:238,3
DA:239,3
DA:240,3
DA:241,3
DA:242,3
DA:243,3
DA:244,3
DA:245,3
DA:247,3
DA:248,0
DA:249,0
DA:250,3
DA:251,3
DA:252,3
DA:253,3
DA:254,3
DA:256,0
DA:259,2
DA:260,2
DA:261,2
DA:262,2
DA:263,4
DA:264,5
DA:265,2
DA:266,2
DA:267,2
DA:268,2
DA:269,2
DA:270,2
DA:271,2
DA:272,2
DA:278,37
DA:279,37
DA:280,1
DA:281,1
DA:282,1
DA:283,1
DA:284,1
DA:285,2
DA:286,2
DA:287,2
DA:288,2
DA:289,2
DA:290,2
DA:291,2
DA:292,2
DA:293,2
DA:295,2
DA:296,0
DA:297,0
DA:298,2
DA:299,2
DA:300,2
DA:301,2
DA:302,2
DA:305,1
DA:306,2
DA:307,1
DA:308,1
DA:312,37
DA:313,37
DA:314,5
DA:315,5
DA:316,6
DA:321,37
DA:322,37
DA:323,37
DA:324,16
DA:325,16
DA:326,0
DA:327,0
DA:328,0
DA:329,0
DA:331,16
DA:332,16
DA:333,16
DA:335,16
DA:339,0
DA:343,209
DA:344,4
DA:345,4
DA:346,4
DA:347,4
DA:348,4
DA:349,0
DA:350,0
DA:352,0
DA:353,0
DA:354,0
DA:355,0
DA:356,0
DA:357,0
DA:358,0
DA:359,0
DA:360,0
DA:361,0
DA:364,0
DA:365,0
DA:367,4
DA:368,4
DA:370,4
DA:371,4
DA:372,1
DA:373,1
DA:375,1
DA:376,1
DA:377,1
DA:378,1
DA:379,1
DA:383,4
DA:384,4
DA:385,3
DA:386,3
DA:388,3
DA:389,3
DA:390,3
DA:391,1
DA:392,1
DA:396,3
DA:397,2
DA:398,2
DA:402,3
DA:403,0
DA:405,3
DA:406,4
DA:407,3
DA:408,3
DA:413,0
DA:417,209
DA:418,209
DA:419,2
DA:420,2
DA:421,2
DA:422,2
DA:423,2
DA:424,2
DA:425,2
DA:426,2
DA:427,2
DA:428,2
DA:429,2
DA:430,2
DA:431,2
DA:432,0
DA:437,209
DA:438,209
DA:439,1
DA:440,1
DA:441,1
DA:442,1
DA:443,1
DA:444,1
DA:446,1
DA:447,0
DA:449,1
DA:451,1
DA:456,209
DA:457,4
DA:458,4
DA:459,4
DA:460,4
DA:461,4
DA:462,4
DA:463,4
DA:464,4
DA:465,1
DA:466,1
DA:468,1
DA:469,1
DA:470,1
DA:471,1
DA:472,1
DA:473,1
DA:474,1
DA:475,1
DA:476,1
DA:480,0
DA:484,209
DA:485,0
DA:489,8778
DA:490,209
DA:491,209
DA:492,209
DA:495,209
DA:496,209
DA:497,209
DA:498,209
DA:499,209
DA:500,209
DA:501,209
DA:502,8184
DA:503,8184
DA:504,2849
DA:505,850
DA:506,850
DA:507,3148
DA:508,3148
DA:510,850
DA:511,850
DA:512,850
DA:513,264
DA:514,264
DA:515,264
DA:516,264
DA:518,850
DA:520,850
DA:521,850
DA:524,209
DA:525,8695
DA:527,8695
DA:528,8695
DA:530,0
DA:532,8695
DA:533,8695
DA:534,8184
DA:535,8184
DA:536,8184
DA:537,8184
DA:538,8184
DA:539,8184
DA:541,511
DA:542,511
DA:543,511
DA:544,511
DA:548,209
DA:549,209
DA:550,209
DA:551,17279
DA:552,8695
DA:553,8695
DA:554,8695
DA:556,209
DA:557,8584
DA:558,209
DA:559,25552
DA:560,209
DA:563,209
DA:564,209
DA:565,8695
DA:567,209
DA:568,209
DA:569,8656
DA:570,8656
DA:571,7140
DA:572,8656
DA:573,209
DA:574,209
DA:576,209
DA:577,175
DA:578,5
DA:579,5
DA:582,0
DA:586,209
DA:587,209
DA:588,39
DA:589,39
DA:591,209
DA:592,8778
DA:593,209
DA:595,209
DA:597,209
DA:598,2717
DA:599,2717
DA:600,84488
DA:601,5225
DA:603,2717
DA:606,209
DA:607,2717
DA:608,84488
DA:609,5176
DA:610,2717
DA:611,2717
DA:612,2717
DA:613,1862
DA:615,1669
DA:616,855
DA:617,704
DA:618,704
DA:619,704
DA:621,151
DA:622,151
DA:625,2717
DA:627,2717
DA:628,2814
DA:630,209
DA:632,102
DA:633,102
DA:634,102
DA:635,102
DA:636,102
DA:637,102
DA:638,102
DA:639,102
DA:640,102
DA:643,46
DA:644,23
DA:645,23
DA:646,23
DA:647,23
DA:648,23
DA:649,23
DA:652,16
DA:653,16
DA:654,16
DA:655,16
DA:656,16
DA:657,16
DA:658,16
DA:659,16
DA:662,420
DA:663,15
DA:664,15
DA:665,15
DA:667,4760
DA:671,19
DA:672,323
DA:673,19
DA:674,209
DA:675,19
DA:676,19
DA:677,19
DA:679,1632
DA:681,99
DA:682,1386
DA:683,2871
DA:684,3069
DA:685,792
DA:686,99
DA:687,99
DA:688,99
DA:693,121
DA:694,121
DA:695,121
DA:696,121
DA:697,121
DA:698,121
DA:699,121
DA:700,1089
DA:704,209
DA:706,209
DA:707,209
DA:708,8695
DA:709,8695
DA:711,209
DA:712,209
DA:720,209
DA:721,209
DA:722,1254
DA:723,209
DA:724,209
DA:725,209
DA:726,209
DA:727,209
DA:728,25557
DA:729,209
DA:730,209
DA:731,209
DA:732,209
DA:733,45
DA:734,45
DA:738,209
DA:739,209
DA:740,209
DA:742,209
DA:743,209
DA:744,38
DA:745,171
DA:746,0
DA:748,209
DA:749,209
DA:756,16
DA:757,1
DA:758,1
DA:759,1
DA:760,1
DA:761,1
DA:762,1
DA:763,1
DA:764,1
DA:765,1
DA:766,1
DA:767,1
DA:768,1
DA:769,1
DA:770,1
DA:771,1
DA:774,15
DA:775,4
DA:778,15
DA:779,15
DA:781,15
DA:782,15
DA:783,13
DA:784,8
DA:785,6
DA:787,15
DA:789,15
DA:791,2
DA:792,2
DA:793,2
DA:795,2
DA:796,0
DA:797,0
DA:798,0
DA:799,0
DA:800,0
DA:801,0
DA:804,0
DA:807,2
DA:808,2
DA:809,2
DA:810,2
DA:812,2
DA:813,2
DA:814,0
DA:815,0
DA:816,0
DA:817,0
DA:818,0
DA:819,0
DA:820,0
DA:821,0
DA:822,0
DA:823,0
DA:824,0
DA:825,0
DA:826,0
DA:828,0
DA:829,0
DA:830,0
DA:831,0
DA:832,0
DA:833,0
DA:834,0
DA:835,0
DA:836,0
DA:837,0
DA:838,0
DA:840,0
DA:842,0
DA:843,0
DA:845,2
DA:855,2
DA:859,0
DA:869,2
DA:870,2
DA:872,13
DA:874,5
DA:875,8
DA:876,2
DA:879,6
DA:882,15
DA:886,3
DA:887,3
DA:888,3
DA:889,3
DA:890,3
DA:891,3
DA:892,3
DA:893,3
DA:894,3
DA:895,0
DA:896,0
DA:897,0
DA:898,0
DA:900,0
DA:902,3
DA:903,0
DA:904,0
DA:905,0
DA:907,3
DA:908,0
DA:909,0
DA:910,0
DA:911,0
DA:913,0
DA:916,3
DA:917,1
DA:918,1
DA:921,2
DA:922,1
DA:923,1
DA:927,1
DA:928,1
DA:930,1
DA:931,1
DA:932,1
DA:933,1
DA:935,1
DA:936,1
DA:937,1
DA:938,1
DA:939,0
DA:941,1
DA:944,1
DA:945,1
DA:946,1
DA:947,1
DA:948,1
DA:949,1
DA:950,1
DA:951,1
DA:952,0
DA:953,0
DA:954,0
DA:955,0
DA:957,0
DA:958,0
DA:960,0
DA:961,0
LF:660
LH:549
BRDA:27,0,0,17
BRDA:37,1,0,1
BRDA:38,2,0,33
BRDA:38,3,0,209
BRDA:38,3,1,177
BRDA:46,4,0,37
BRDA:46,5,0,209
BRDA:46,5,1,37
BRDA:53,6,0,3
BRDA:53,6,1,34
BRDA:53,7,0,37
BRDA:53,7,1,3
BRDA:53,7,2,3
BRDA:58,8,0,3
BRDA:59,9,0,3
BRDA:59,9,1,3
BRDA:61,10,0,3
BRDA:61,10,1,0
BRDA:62,11,0,3
BRDA:63,12,0,3
BRDA:67,13,0,3
BRDA:69,14,0,1
BRDA:70,15,0,1
BRDA:70,15,1,0
BRDA:72,16,0,0
BRDA:74,17,0,0
BRDA:78,18,0,3
BRDA:78,19,0,3
BRDA:78,19,1,3
BRDA:80,20,0,3
BRDA:80,20,1,0
BRDA:85,21,0,7
BRDA:85,21,1,27
BRDA:85,22,0,34
BRDA:85,22,1,8
BRDA:87,23,0,7
BRDA:87,23,1,7
BRDA:89,24,0,7
BRDA:90,25,0,7
BRDA:93,26,0,7
BRDA:95,27,0,2
BRDA:96,28,0,3
BRDA:96,28,1,0
BRDA:98,29,0,18
BRDA:98,29,1,9
BRDA:98,30,0,27
BRDA:98,30,1,26
BRDA:100,31,0,17
BRDA:100,31,1,1
BRDA:100,32,0,18
BRDA:100,32,1,17
BRDA:111,33,0,20
BRDA:111,34,0,320
BRDA:111,34,1,303
BRDA:111,34,2,302
BRDA:111,34,3,301
BRDA:123,35,0,1
BRDA:123,36,0,37
BRDA:123,36,1,1
BRDA:123,36,2,1
BRDA:123,36,3,1
BRDA:128,37,0,0
BRDA:128,37,1,1
BRDA:133,38,0,0
BRDA:136,39,0,1
BRDA:136,39,1,0
BRDA:138,40,0,0
BRDA:142,41,0,1
BRDA:142,42,0,37
BRDA:142,42,1,1
BRDA:142,42,2,1
BRDA:142,42,3,1
BRDA:149,43,0,0
BRDA:149,43,1,1
BRDA:152,44,0,1
BRDA:152,44,1,0
BRDA:158,45,0,1
BRDA:158,45,1,0
BRDA:166,46,0,0
BRDA:175,47,0,1
BRDA:182,48,0,1
BRDA:182,49,0,1
BRDA:182,49,1,1
BRDA:183,50,0,1
BRDA:183,50,1,0
BRDA:187,51,0,0
BRDA:193,52,0,1
BRDA:203,53,0,1
BRDA:203,53,1,0
BRDA:205,54,0,1
BRDA:205,54,1,0
BRDA:206,55,0,1
BRDA:206,55,1,0
BRDA:213,56,0,0
BRDA:213,56,1,0
BRDA:220,57,0,0
BRDA:220,57,1,0
BRDA:222,58,0,0
BRDA:222,58,1,0
BRDA:228,59,0,2
BRDA:228,60,0,37
BRDA:228,60,1,2
BRDA:233,61,0,2
BRDA:233,62,0,2
BRDA:233,62,1,2
BRDA:233,62,2,2
BRDA:238,63,0,3
BRDA:238,63,1,0
BRDA:238,63,2,0
BRDA:239,64,0,3
BRDA:239,64,1,0
BRDA:240,65,0,0
BRDA:242,66,0,0
BRDA:243,67,0,0
BRDA:247,68,0,0
BRDA:247,68,1,3
BRDA:253,69,0,3
BRDA:253,69,1,0
BRDA:254,70,0,3
BRDA:259,71,0,0
BRDA:262,72,0,2
BRDA:262,73,0,2
BRDA:262,73,1,2
BRDA:263,74,0,2
BRDA:263,74,1,0
BRDA:264,75,0,5
BRDA:264,75,1,3
BRDA:265,76,0,0
BRDA:265,76,1,2
BRDA:266,77,0,2
BRDA:266,77,1,0
BRDA:269,78,0,1
BRDA:270,79,0,1
BRDA:271,80,0,1
BRDA:279,81,0,1
BRDA:279,82,0,37
BRDA:279,82,1,1
BRDA:281,83,0,1
BRDA:289,84,0,2
BRDA:289,84,1,0
BRDA:290,85,0,0
BRDA:290,86,0,2
BRDA:290,86,1,2
BRDA:290,86,2,2
BRDA:291,87,0,2
BRDA:291,87,1,0
BRDA:295,88,0,0
BRDA:295,88,1,2
BRDA:313,89,0,5
BRDA:315,90,0,5
BRDA:316,91,0,6
BRDA:316,91,1,6
BRDA:323,92,0,16
BRDA:323,93,0,37
BRDA:323,93,1,21
BRDA:323,93,2,21
BRDA:323,93,3,21
BRDA:325,94,0,0
BRDA:331,95,0,16
BRDA:335,96,0,16
BRDA:343,97,0,4
BRDA:343,98,0,209
BRDA:343,98,1,4
BRDA:347,99,0,4
BRDA:347,99,1,0
BRDA:349,100,0,0
BRDA:349,100,1,0
BRDA:356,101,0,0
BRDA:356,101,1,0
BRDA:357,102,0,0
BRDA:358,103,0,0
BRDA:358,103,1,0
BRDA:360,104,0,0
BRDA:364,105,0,0
BRDA:367,106,0,4
BRDA:371,107,0,1
BRDA:371,108,0,4
BRDA:371,108,1,1
BRDA:371,108,2,1
BRDA:371,108,3,1
BRDA:375,109,0,0
BRDA:375,109,1,1
BRDA:376,110,0,0
BRDA:379,111,0,1
BRDA:379,112,0,1
BRDA:379,112,1,0
BRDA:379,113,0,0
BRDA:384,114,0,3
BRDA:384,115,0,4
BRDA:384,115,1,3
BRDA:388,116,0,1
BRDA:388,116,1,2
BRDA:388,117,0,3
BRDA:388,117,1,1
BRDA:388,118,0,2
BRDA:388,118,1,2
BRDA:389,119,0,3
BRDA:391,120,0,1
BRDA:391,120,1,0
BRDA:391,120,2,0
BRDA:392,121,0,1
BRDA:392,122,0,1
BRDA:392,123,0,1
BRDA:392,123,1,0
BRDA:396,124,0,2
BRDA:398,125,0,2
BRDA:398,126,0,2
BRDA:398,127,0,2
BRDA:398,127,1,2
BRDA:402,128,0,0
BRDA:403,129,0,0
BRDA:406,130,0,4
BRDA:406,130,1,4
BRDA:418,131,0,2
BRDA:418,132,0,209
BRDA:418,132,1,2
BRDA:421,133,0,2
BRDA:421,133,1,2
BRDA:422,134,0,2
BRDA:422,134,1,2
BRDA:424,135,0,2
BRDA:424,136,0,2
BRDA:424,136,1,2
BRDA:424,136,2,2
BRDA:424,136,3,2
BRDA:428,137,0,0
BRDA:428,137,1,2
BRDA:429,138,0,1
BRDA:431,139,0,1
BRDA:438,140,0,1
BRDA:438,141,0,209
BRDA:438,141,1,1
BRDA:442,142,0,1
BRDA:442,143,0,1
BRDA:442,143,1,1
BRDA:443,144,0,1
BRDA:443,144,1,1
BRDA:446,145,0,0
BRDA:446,145,1,1
BRDA:446,146,0,1
BRDA:446,146,1,0
BRDA:456,147,0,4
BRDA:456,148,0,209
BRDA:456,148,1,4
BRDA:461,149,0,4
BRDA:461,149,1,4
BRDA:462,150,0,3
BRDA:463,151,0,3
BRDA:464,152,0,1
BRDA:469,153,0,1
BRDA:469,153,1,0
BRDA:473,154,0,1
BRDA:473,154,1,0
BRDA:484,155,0,0
BRDA:484,156,0,209
BRDA:484,156,1,209
BRDA:484,156,2,0
BRDA:490,157,0,2
BRDA:491,158,0,1
BRDA:498,159,0,3
BRDA:498,159,1,206
BRDA:498,160,0,209
BRDA:498,160,1,3
BRDA:499,161,0,0
BRDA:499,161,1,209
BRDA:499,162,0,209
BRDA:499,162,1,0
BRDA:504,163,0,1999
BRDA:505,164,0,850
BRDA:505,164,1,42
BRDA:512,165,0,264
BRDA:512,166,0,850
BRDA:512,166,1,280
BRDA:513,167,0,0
BRDA:514,168,0,264
BRDA:515,169,0,0
BRDA:516,170,0,0
BRDA:518,171,0,0
BRDA:518,172,0,850
BRDA:518,172,1,140
BRDA:520,173,0,544
BRDA:520,174,0,850
BRDA:520,174,1,586
BRDA:521,175,0,808
BRDA:528,176,0,0
BRDA:528,176,1,8695
BRDA:535,177,0,0
BRDA:541,178,0,0
BRDA:544,179,0,0
BRDA:544,179,1,511
BRDA:544,180,0,511
BRDA:544,180,1,511
BRDA:544,181,0,511
BRDA:544,181,1,0
BRDA:551,182,0,8584
BRDA:556,183,0,209
BRDA:556,183,1,1
BRDA:564,184,0,1
BRDA:564,184,1,208
BRDA:569,185,0,8656
BRDA:569,185,1,1662
BRDA:569,185,2,1662
BRDA:570,186,0,8656
BRDA:570,186,1,1662
BRDA:570,186,2,842
BRDA:571,187,0,170
BRDA:571,187,1,39
BRDA:571,188,0,209
BRDA:571,188,1,209
BRDA:572,189,0,8656
BRDA:572,189,1,624
BRDA:573,190,0,1
BRDA:573,190,1,208
BRDA:574,191,0,209
BRDA:574,191,1,208
BRDA:574,191,2,0
BRDA:576,192,0,5
BRDA:578,193,0,5
BRDA:578,193,1,0
BRDA:579,194,0,2
BRDA:587,195,0,39
BRDA:587,196,0,209
BRDA:587,196,1,209
BRDA:589,197,0,38
BRDA:591,198,0,74
BRDA:591,199,0,209
BRDA:591,199,1,209
BRDA:601,200,0,986
BRDA:601,201,0,5225
BRDA:601,201,1,5176
BRDA:601,202,0,986
BRDA:601,202,1,0
BRDA:606,203,0,0
BRDA:607,204,0,2717
BRDA:607,204,1,273
BRDA:612,205,0,1862
BRDA:612,205,1,855
BRDA:615,206,0,1669
BRDA:615,206,1,986
BRDA:615,206,2,986
BRDA:616,207,0,704
BRDA:616,207,1,151
BRDA:618,208,0,704
BRDA:618,208,1,135
BRDA:622,209,0,94
BRDA:625,210,0,188
BRDA:625,210,1,2529
BRDA:625,211,0,667
BRDA:625,211,1,1862
BRDA:627,212,0,188
BRDA:632,213,0,102
BRDA:632,213,1,89
BRDA:632,213,2,89
BRDA:632,213,3,87
BRDA:634,214,0,102
BRDA:634,214,1,22
BRDA:634,214,2,22
BRDA:634,214,3,22
BRDA:636,215,0,102
BRDA:636,215,1,102
BRDA:637,216,0,80
BRDA:638,217,0,78
BRDA:639,218,0,80
BRDA:640,219,0,102
BRDA:640,219,1,22
BRDA:640,219,2,22
BRDA:644,220,0,23
BRDA:644,220,1,23
BRDA:644,220,2,0
BRDA:644,220,3,0
BRDA:644,220,4,0
BRDA:646,221,0,23
BRDA:646,222,0,23
BRDA:646,222,1,23
BRDA:647,223,0,0
BRDA:647,224,0,23
BRDA:647,224,1,23
BRDA:647,224,2,0
BRDA:648,225,0,23
BRDA:655,226,0,16
BRDA:655,226,1,13
BRDA:655,226,2,13
BRDA:656,227,0,16
BRDA:656,227,1,13
BRDA:656,227,2,13
BRDA:656,227,3,13
BRDA:656,227,4,13
BRDA:657,228,0,3
BRDA:658,229,0,3
BRDA:659,230,0,16
BRDA:659,230,1,13
BRDA:663,231,0,15
BRDA:663,231,1,14
BRDA:663,231,2,13
BRDA:664,232,0,1
BRDA:664,233,0,2
BRDA:664,234,0,14
BRDA:667,235,0,207
BRDA:667,235,1,40
BRDA:667,236,0,207
BRDA:667,236,1,0
BRDA:672,237,0,19
BRDA:672,237,1,3
BRDA:673,238,0,2
BRDA:675,239,0,4
BRDA:676,240,0,19
BRDA:676,240,1,17
BRDA:679,241,0,18
BRDA:679,241,1,84
BRDA:686,242,0,85
BRDA:686,243,0,84
BRDA:686,244,0,85
BRDA:686,245,0,0
BRDA:687,246,0,99
BRDA:687,246,1,14
BRDA:687,246,2,13
BRDA:687,246,3,13
BRDA:693,247,0,121
BRDA:693,247,1,100
BRDA:694,248,0,121
BRDA:694,248,1,16
BRDA:694,249,0,16
BRDA:694,249,1,16
BRDA:695,250,0,121
BRDA:695,250,1,102
BRDA:697,251,0,105
BRDA:698,252,0,102
BRDA:699,253,0,0
BRDA:700,254,0,121
BRDA:700,254,1,121
BRDA:700,254,2,16
BRDA:700,254,3,16
BRDA:708,255,0,8695
BRDA:708,255,1,511
BRDA:709,256,0,1666
BRDA:709,257,0,8695
BRDA:709,257,1,8695
BRDA:721,258,0,209
BRDA:721,258,1,21
BRDA:724,259,0,206
BRDA:724,259,1,3
BRDA:726,260,0,209
BRDA:726,260,1,0
BRDA:728,261,0,1436
BRDA:729,262,0,184
BRDA:729,262,1,25
BRDA:730,263,0,209
BRDA:730,263,1,59
BRDA:732,264,0,45
BRDA:733,265,0,45
BRDA:733,265,1,33
BRDA:743,266,0,38
BRDA:743,266,1,171
BRDA:743,267,0,209
BRDA:743,267,1,38
BRDA:743,267,2,38
BRDA:745,268,0,0
BRDA:745,269,0,171
BRDA:745,269,1,0
BRDA:748,270,0,38
BRDA:749,271,0,1
BRDA:749,272,0,209
BRDA:749,272,1,1
BRDA:754,273,0,0
BRDA:756,274,0,1
BRDA:756,275,0,16
BRDA:756,275,1,3
BRDA:758,276,0,1
BRDA:758,276,1,1
BRDA:774,277,0,4
BRDA:782,278,0,2
BRDA:783,279,0,5
BRDA:784,280,0,2
BRDA:787,281,0,15
BRDA:787,281,1,4
BRDA:789,282,0,2
BRDA:789,282,1,13
BRDA:792,283,0,2
BRDA:792,283,1,0
BRDA:793,284,0,2
BRDA:793,284,1,0
BRDA:795,285,0,0
BRDA:795,286,0,2
BRDA:795,286,1,2
BRDA:798,287,0,0
BRDA:798,287,1,0
BRDA:798,288,0,0
BRDA:798,288,1,0
BRDA:799,289,0,0
BRDA:799,289,1,0
BRDA:801,290,0,0
BRDA:801,291,0,0
BRDA:801,291,1,0
BRDA:809,292,0,0
BRDA:809,292,1,2
BRDA:810,293,0,0
BRDA:810,293,1,2
BRDA:812,294,0,2
BRDA:812,294,1,0
BRDA:813,295,0,0
BRDA:813,295,1,2
BRDA:819,296,0,0
BRDA:819,296,1,0
BRDA:820,297,0,0
BRDA:820,297,1,0
BRDA:821,298,0,0
BRDA:821,298,1,0
BRDA:822,299,0,0
BRDA:822,299,1,0
BRDA:823,300,0,0
BRDA:823,301,0,0
BRDA:823,301,1,0
BRDA:830,302,0,0
BRDA:834,303,0,0
BRDA:834,303,1,0
BRDA:835,304,0,0
BRDA:835,304,1,0
BRDA:836,305,0,0
BRDA:836,305,1,0
BRDA:837,306,0,0
BRDA:851,307,0,2
BRDA:851,307,1,0
BRDA:852,308,0,2
BRDA:852,308,1,0
BRDA:853,309,0,2
BRDA:853,309,1,0
BRDA:854,310,0,2
BRDA:854,310,1,0
BRDA:855,311,0,2
BRDA:855,311,1,0
BRDA:858,312,0,0
BRDA:858,312,1,2
BRDA:860,313,0,0
BRDA:860,313,1,0
BRDA:861,314,0,0
BRDA:861,314,1,0
BRDA:862,315,0,0
BRDA:862,315,1,0
BRDA:872,316,0,5
BRDA:872,316,1,8
BRDA:875,317,0,2
BRDA:875,317,1,6
BRDA:885,318,0,0
BRDA:892,319,0,0
BRDA:892,319,1,3
BRDA:894,320,0,0
BRDA:897,321,0,0
BRDA:897,322,0,0
BRDA:897,322,1,0
BRDA:902,323,0,0
BRDA:902,324,0,3
BRDA:902,324,1,0
BRDA:907,325,0,0
BRDA:908,326,0,0
BRDA:908,326,1,0
BRDA:910,327,0,0
BRDA:916,328,0,1
BRDA:921,329,0,1
BRDA:931,330,0,1
BRDA:931,330,1,0
BRDA:932,331,0,1
BRDA:932,331,1,0
BRDA:933,332,0,0
BRDA:933,332,1,1
BRDA:933,333,0,1
BRDA:933,333,1,0
BRDA:938,334,0,0
BRDA:938,335,0,1
BRDA:938,335,1,0
BRDA:951,336,0,0
BRDA:954,337,0,0
BRDA:958,338,0,0
BRDA:958,338,1,0
BRF:573
BRH:409
end_of_record
TN:
SF:src\safe-exec.ts
FN:16,isToolSkipped
FN:19,(anonymous_2)
FN:24,safeExec
FN:75,getConfiguredTimeout
FNF:4
FNH:4
FNDA:916,isToolSkipped
FNDA:969,(anonymous_2)
FNDA:586,safeExec
FNDA:1,getConfiguredTimeout
DA:1,22
DA:15,22
DA:16,22
DA:17,916
DA:19,969
DA:21,916
DA:24,22
DA:25,586
DA:26,586
DA:27,7
DA:39,579
DA:40,579
DA:44,567
DA:45,567
DA:46,567
DA:59,0
DA:60,0
DA:61,0
DA:75,22
DA:76,1
LF:20
LH:17
BRDA:15,0,0,22
BRDA:15,0,1,22
BRDA:17,1,0,916
BRDA:17,1,1,811
BRDA:24,2,0,0
BRDA:26,3,0,7
BRDA:41,4,0,579
BRDA:41,4,1,229
BRDA:45,5,0,567
BRDA:45,5,1,562
BRDA:47,6,0,567
BRDA:47,6,1,567
BRDA:48,7,0,567
BRDA:48,7,1,5
BRDA:50,8,0,567
BRDA:50,8,1,562
BRDA:55,9,0,565
BRDA:55,9,1,2
BRDA:55,10,0,5
BRDA:55,10,1,560
BRDA:55,11,0,560
BRDA:55,11,1,0
BRDA:55,11,2,0
BRDA:62,12,0,0
BRDA:62,12,1,0
BRDA:63,13,0,0
BRDA:63,13,1,0
BRDA:64,14,0,0
BRDA:64,14,1,0
BRDA:65,15,0,0
BRDA:65,15,1,0
BRDA:70,16,0,0
BRDA:70,16,1,0
BRDA:70,17,0,0
BRDA:70,17,1,0
BRDA:70,17,2,0
BRF:36
BRH:20
end_of_record
TN:
SF:src\static-parsers.ts
FN:57,parseClientHelloStrings
FN:105,detectNoisePattern
FN:118,detectVoucherStruct
FN:120,(anonymous_12)
FN:121,(anonymous_13)
FN:121,(anonymous_14)
FN:140,extractStaticPatterns
FN:149,(anonymous_16)
FN:151,(anonymous_17)
FN:151,(anonymous_18)
FN:154,(anonymous_19)
FN:155,(anonymous_20)
FN:157,(anonymous_21)
FN:169,(anonymous_22)
FN:174,(anonymous_23)
FN:203,(anonymous_24)
FNF:16
FNH:16
FNDA:369,parseClientHelloStrings
FNDA:370,detectNoisePattern
FNDA:369,detectVoucherStruct
FNDA:318,(anonymous_12)
FNDA:1107,(anonymous_13)
FNDA:897,(anonymous_14)
FNDA:368,extractStaticPatterns
FNDA:312,(anonymous_16)
FNDA:2944,(anonymous_17)
FNDA:2461,(anonymous_18)
FNDA:23,(anonymous_19)
FNDA:23,(anonymous_20)
FNDA:21,(anonymous_21)
FNDA:22,(anonymous_22)
FNDA:26,(anonymous_23)
FNDA:26,(anonymous_24)
DA:5,22
DA:57,22
DA:58,369
DA:59,369
DA:60,369
DA:61,317
DA:62,1585
DA:65,369
DA:67,5
DA:88,5
DA:89,5
DA:90,5
DA:91,5
DA:92,17
DA:93,323
DA:94,4
DA:95,4
DA:99,5
DA:100,5
DA:101,5
DA:105,22
DA:106,370
DA:107,370
DA:108,370
DA:109,148
DA:111,222
DA:112,1
DA:114,221
DA:118,22
DA:119,369
DA:120,369
DA:121,1107
DA:122,369
DA:124,6
DA:125,6
DA:126,6
DA:127,6
DA:128,18
DA:129,18
DA:130,18
DA:131,18
DA:134,6
DA:136,6
DA:137,6
DA:140,22
DA:141,368
DA:142,368
DA:143,368
DA:144,368
DA:145,368
DA:146,368
DA:147,368
DA:149,368
DA:150,368
DA:151,2944
DA:152,368
DA:154,23
DA:155,23
DA:156,2
DA:157,21
DA:159,2
DA:160,2
DA:161,2
DA:162,23
DA:163,23
DA:164,3
DA:165,3
DA:169,22
DA:170,2
DA:173,368
DA:174,26
DA:178,5
DA:179,3
DA:180,2
DA:181,1
DA:182,1
DA:184,3
DA:186,5
DA:187,5
DA:188,5
DA:189,5
DA:190,1
DA:191,1
DA:192,1
DA:193,1
DA:194,1
DA:196,1
DA:197,1
DA:203,26
DA:204,5
DA:205,1
DA:206,1
DA:207,1
DA:209,5
DA:211,368
LF:95
LH:95
BRDA:62,0,0,10
BRDA:62,1,0,1585
BRDA:62,1,1,1581
BRDA:62,1,2,10
BRDA:65,2,0,364
BRDA:93,3,0,4
BRDA:93,4,0,323
BRDA:93,4,1,4
BRDA:108,5,0,148
BRDA:111,6,0,1
BRDA:111,7,0,222
BRDA:111,7,1,1
BRDA:122,8,0,363
BRDA:124,9,0,6
BRDA:129,10,0,18
BRDA:130,11,0,6
BRDA:131,12,0,15
BRDA:134,13,0,6
BRDA:134,14,0,6
BRDA:134,14,1,6
BRDA:136,15,0,6
BRDA:136,15,1,6
BRDA:136,15,2,6
BRDA:143,16,0,4
BRDA:145,17,0,147
BRDA:147,18,0,5
BRDA:152,19,0,2
BRDA:152,20,0,368
BRDA:152,20,1,153
BRDA:157,21,0,21
BRDA:157,21,1,20
BRDA:163,22,0,3
BRDA:165,23,0,3
BRDA:165,24,0,3
BRDA:165,24,1,3
BRDA:173,25,0,5
BRDA:174,26,0,26
BRDA:174,26,1,24
BRDA:179,27,0,2
BRDA:179,27,1,1
BRDA:180,28,0,1
BRDA:180,28,1,1
BRDA:180,29,0,1
BRDA:180,30,0,1
BRDA:180,30,1,1
BRDA:181,31,0,1
BRDA:181,32,0,1
BRDA:181,32,1,1
BRDA:184,33,0,1
BRDA:184,34,0,3
BRDA:184,34,1,3
BRDA:184,34,2,2
BRDA:189,35,0,1
BRDA:189,36,0,5
BRDA:189,36,1,1
BRDA:189,36,2,1
BRDA:193,37,0,1
BRDA:193,37,1,1
BRDA:193,37,2,1
BRDA:194,38,0,1
BRDA:203,39,0,26
BRDA:203,39,1,1
BRDA:203,39,2,0
BRDA:204,40,0,1
BRDA:207,41,0,1
BRDA:207,41,1,0
BRDA:207,42,0,1
BRDA:207,42,1,0
BRDA:209,43,0,5
BRDA:209,43,1,1
BRF:70
BRH:67
end_of_record
TN:
SF:src\sbom\sbom-validators.ts
FN:10,validateCycloneDXShape
FN:26,(anonymous_1)
FN:35,validateSPDXTagValue
FN:38,(anonymous_3)
FN:41,(anonymous_4)
FN:43,(anonymous_5)
FN:50,validateCycloneDXStrict
FN:60,(anonymous_7)
FN:67,(anonymous_8)
FN:76,(anonymous_9)
FN:78,(anonymous_10)
FN:82,(anonymous_11)
FN:89,validateSPDXTagValueStrict
FNF:13
FNH:13
FNDA:5,validateCycloneDXShape
FNDA:1,(anonymous_1)
FNDA:7,validateSPDXTagValue
FNDA:57,(anonymous_3)
FNDA:86,(anonymous_4)
FNDA:51,(anonymous_5)
FNDA:3,validateCycloneDXStrict
FNDA:2,(anonymous_7)
FNDA:1,(anonymous_8)
FNDA:1,(anonymous_9)
FNDA:2,(anonymous_10)
FNDA:2,(anonymous_11)
FNDA:4,validateSPDXTagValueStrict
DA:10,2
DA:11,5
DA:12,5
DA:13,5
DA:14,5
DA:15,5
DA:16,5
DA:17,5
DA:19,4
DA:20,4
DA:21,4
DA:23,5
DA:24,3
DA:26,3
DA:27,1
DA:28,1
DA:32,5
DA:35,2
DA:36,7
DA:37,7
DA:38,57
DA:39,7
DA:40,7
DA:41,86
DA:43,51
DA:44,0
DA:46,7
DA:50,2
DA:51,3
DA:52,3
DA:53,3
DA:55,3
DA:56,3
DA:57,3
DA:58,3
DA:59,2
DA:60,2
DA:61,2
DA:63,2
DA:66,3
DA:67,2
DA:68,1
DA:69,1
DA:70,0
DA:75,3
DA:76,3
DA:77,3
DA:78,2
DA:79,2
DA:80,2
DA:81,2
DA:82,2
DA:86,3
DA:89,2
DA:90,4
DA:91,4
DA:92,4
DA:94,3
DA:96,3
DA:98,3
DA:99,3
LF:61
LH:59
BRDA:12,0,0,0
BRDA:12,1,0,5
BRDA:12,1,1,5
BRDA:13,2,0,1
BRDA:14,3,0,1
BRDA:15,4,0,1
BRDA:17,5,0,1
BRDA:17,5,1,4
BRDA:19,6,0,0
BRDA:20,7,0,0
BRDA:21,8,0,0
BRDA:23,9,0,3
BRDA:24,10,0,0
BRDA:24,10,1,3
BRDA:27,11,0,0
BRDA:28,12,0,0
BRDA:37,13,0,0
BRDA:37,14,0,7
BRDA:37,14,1,7
BRDA:41,15,0,2
BRDA:43,16,0,0
BRDA:53,17,0,0
BRDA:55,18,0,0
BRDA:55,19,0,3
BRDA:55,19,1,0
BRDA:56,20,0,0
BRDA:58,21,0,2
BRDA:59,22,0,0
BRDA:59,22,1,2
BRDA:61,23,0,0
BRDA:63,24,0,0
BRDA:66,25,0,2
BRDA:68,26,0,0
BRDA:68,27,0,1
BRDA:68,27,1,0
BRDA:69,28,0,0
BRDA:70,29,0,0
BRDA:76,30,0,2
BRDA:77,31,0,2
BRDA:79,32,0,0
BRDA:80,33,0,0
BRDA:80,34,0,2
BRDA:80,34,1,2
BRDA:81,35,0,2
BRDA:82,36,0,1
BRDA:92,37,0,1
BRDA:94,38,0,0
BRDA:96,39,0,0
BRDA:98,40,0,1
BRDA:98,41,0,3
BRDA:98,41,1,2
BRF:51
BRH:27
end_of_record
