TN:
SF:src\analyzer.ts
FN:47,(anonymous_9)
FN:54,(anonymous_10)
FN:55,(anonymous_11)
FN:56,(anonymous_12)
FN:62,(anonymous_13)
FN:65,(anonymous_14)
FN:73,(anonymous_15)
FN:101,(anonymous_16)
FN:107,(anonymous_17)
FN:112,(anonymous_18)
FN:114,(anonymous_19)
FN:152,(anonymous_20)
FN:157,(anonymous_21)
FN:161,(anonymous_22)
FN:162,(anonymous_23)
FN:169,(anonymous_24)
FN:175,(anonymous_25)
FN:214,(anonymous_26)
FN:217,(anonymous_27)
FN:217,(anonymous_28)
FN:218,(anonymous_29)
FN:218,(anonymous_30)
FN:235,(anonymous_31)
FN:236,(anonymous_32)
FN:236,(anonymous_33)
FN:244,(anonymous_34)
FN:248,(anonymous_35)
FN:261,(anonymous_36)
FN:273,(anonymous_37)
FN:297,(anonymous_38)
FN:300,(anonymous_39)
FN:300,(anonymous_40)
FN:301,(anonymous_41)
FN:308,(anonymous_42)
FN:323,(anonymous_43)
FN:354,(anonymous_44)
FN:360,(anonymous_45)
FN:363,(anonymous_46)
FN:368,(anonymous_47)
FN:380,(anonymous_48)
FN:387,(anonymous_49)
FN:423,flush
FN:428,appendChar
FN:433,isAcceptableCodePoint
FN:442,(anonymous_53)
FN:444,(anonymous_54)
FN:499,(anonymous_55)
FN:500,(anonymous_56)
FN:526,(anonymous_57)
FN:531,(anonymous_58)
FN:532,(anonymous_59)
FN:533,(anonymous_60)
FN:544,(anonymous_61)
FN:545,(anonymous_62)
FN:546,(anonymous_63)
FN:560,(anonymous_64)
FN:569,(anonymous_65)
FN:578,(anonymous_66)
FN:590,(anonymous_67)
FN:591,(anonymous_68)
FN:592,(anonymous_69)
FN:603,(anonymous_70)
FN:608,(anonymous_71)
FN:620,(anonymous_72)
FN:633,(anonymous_73)
FN:643,(anonymous_74)
FN:655,(anonymous_75)
FN:664,(anonymous_76)
FN:676,(anonymous_77)
FNF:69
FNH:56
FNDA:60,(anonymous_9)
FNDA:9,(anonymous_10)
FNDA:72,(anonymous_11)
FNDA:59,(anonymous_12)
FNDA:3,(anonymous_13)
FNDA:47,(anonymous_14)
FNDA:14,(anonymous_15)
FNDA:43,(anonymous_16)
FNDA:4,(anonymous_17)
FNDA:5,(anonymous_18)
FNDA:5,(anonymous_19)
FNDA:3,(anonymous_20)
FNDA:24,(anonymous_21)
FNDA:24,(anonymous_22)
FNDA:24,(anonymous_23)
FNDA:24,(anonymous_24)
FNDA:380,(anonymous_25)
FNDA:141,(anonymous_26)
FNDA:564,(anonymous_27)
FNDA:564,(anonymous_28)
FNDA:846,(anonymous_29)
FNDA:846,(anonymous_30)
FNDA:283,(anonymous_31)
FNDA:694,(anonymous_32)
FNDA:566,(anonymous_33)
FNDA:1,(anonymous_34)
FNDA:1551,(anonymous_35)
FNDA:60,(anonymous_36)
FNDA:360,(anonymous_37)
FNDA:324,(anonymous_38)
FNDA:324,(anonymous_39)
FNDA:11,(anonymous_40)
FNDA:324,(anonymous_41)
FNDA:863,(anonymous_42)
FNDA:49,(anonymous_43)
FNDA:39,(anonymous_44)
FNDA:1,(anonymous_45)
FNDA:0,(anonymous_46)
FNDA:0,(anonymous_47)
FNDA:47,(anonymous_48)
FNDA:0,(anonymous_49)
FNDA:1449,flush
FNDA:106391,appendChar
FNDA:6,isAcceptableCodePoint
FNDA:47,(anonymous_53)
FNDA:48,(anonymous_54)
FNDA:47,(anonymous_55)
FNDA:0,(anonymous_56)
FNDA:47,(anonymous_57)
FNDA:0,(anonymous_58)
FNDA:0,(anonymous_59)
FNDA:0,(anonymous_60)
FNDA:0,(anonymous_61)
FNDA:0,(anonymous_62)
FNDA:0,(anonymous_63)
FNDA:47,(anonymous_64)
FNDA:47,(anonymous_65)
FNDA:47,(anonymous_66)
FNDA:0,(anonymous_67)
FNDA:0,(anonymous_68)
FNDA:0,(anonymous_69)
FNDA:47,(anonymous_70)
FNDA:40,(anonymous_71)
FNDA:104,(anonymous_72)
FNDA:37,(anonymous_73)
FNDA:38,(anonymous_74)
FNDA:37,(anonymous_75)
FNDA:38,(anonymous_76)
FNDA:37,(anonymous_77)
DA:1,21
DA:3,21
DA:4,21
DA:5,21
DA:6,21
DA:7,21
DA:8,21
DA:11,21
DA:14,60
DA:15,60
DA:23,60
DA:28,60
DA:30,60
DA:31,60
DA:32,60
DA:33,60
DA:34,60
DA:35,60
DA:36,60
DA:38,60
DA:42,60
DA:43,60
DA:44,60
DA:45,60
DA:48,60
DA:49,60
DA:50,60
DA:55,72
DA:56,9
DA:57,59
DA:58,33
DA:59,8
DA:61,26
DA:62,4
DA:64,22
DA:65,47
DA:67,9
DA:68,9
DA:69,9
DA:74,14
DA:75,14
DA:76,14
DA:77,3
DA:78,3
DA:80,11
DA:81,11
DA:82,11
DA:83,11
DA:84,9
DA:85,9
DA:87,0
DA:88,0
DA:90,9
DA:93,2
DA:95,0
DA:96,11
DA:97,11
DA:102,43
DA:103,0
DA:105,43
DA:107,43
DA:108,43
DA:113,5
DA:114,5
DA:115,5
DA:116,1
DA:117,1
DA:118,1
DA:119,1
DA:120,1
DA:122,4
DA:123,1
DA:124,1
DA:125,1
DA:126,1
DA:128,3
DA:129,3
DA:133,3
DA:134,6
DA:135,6
DA:136,2
DA:137,2
DA:138,2
DA:139,2
DA:141,4
DA:142,4
DA:143,4
DA:144,1
DA:145,1
DA:146,1
DA:147,1
DA:150,3
DA:151,3
DA:152,3
DA:158,24
DA:159,24
DA:160,24
DA:161,24
DA:162,24
DA:163,24
DA:164,0
DA:166,24
DA:169,24
DA:170,24
DA:172,24
DA:176,380
DA:177,366
DA:178,366
DA:180,366
DA:181,366
DA:183,0
DA:186,366
DA:187,356
DA:188,356
DA:189,356
DA:190,356
DA:192,356
DA:193,347
DA:201,347
DA:202,3
DA:203,3
DA:204,3
DA:211,347
DA:212,141
DA:214,141
DA:215,141
DA:216,141
DA:217,564
DA:218,846
DA:219,141
DA:225,347
DA:226,0
DA:229,347
DA:230,3
DA:233,347
DA:234,347
DA:235,347
DA:236,694
DA:237,347
DA:239,356
DA:241,366
DA:245,1
DA:249,1551
DA:251,1551
DA:252,1551
DA:253,1551
DA:254,1446
DA:255,1446
DA:258,1551
DA:262,60
DA:263,60
DA:264,60
DA:265,60
DA:273,60
DA:274,360
DA:275,360
DA:276,360
DA:277,11
DA:278,11
DA:279,11
DA:280,11
DA:282,349
DA:283,307
DA:284,0
DA:286,307
DA:287,307
DA:288,5
DA:292,0
DA:293,0
DA:296,60
DA:297,324
DA:298,53
DA:299,53
DA:300,324
DA:301,324
DA:302,53
DA:304,53
DA:305,53
DA:309,863
DA:311,863
DA:312,863
DA:314,858
DA:315,809
DA:316,809
DA:318,49
DA:319,0
DA:321,49
DA:322,49
DA:323,49
DA:324,49
DA:332,49
DA:333,49
DA:334,49
DA:337,49
DA:338,49
DA:339,49
DA:340,49
DA:341,49
DA:342,49
DA:343,49
DA:344,49
DA:345,49
DA:348,49
DA:350,49
DA:355,39
DA:356,39
DA:357,39
DA:358,1
DA:360,1
DA:361,1
DA:362,1
DA:363,1
DA:364,0
DA:365,0
DA:366,0
DA:367,0
DA:368,0
DA:369,0
DA:370,0
DA:372,0
DA:375,1
DA:377,38
DA:381,47
DA:382,47
DA:384,46
DA:385,46
DA:386,46
DA:387,0
DA:388,0
DA:389,0
DA:393,0
DA:394,0
DA:395,0
DA:396,0
DA:397,0
DA:402,0
DA:404,46
DA:405,46
DA:406,46
DA:409,0
DA:410,0
DA:411,0
DA:416,47
DA:417,47
DA:418,47
DA:419,47
DA:420,47
DA:421,47
DA:424,1449
DA:425,1449
DA:429,106391
DA:430,106391
DA:434,6
DA:435,6
DA:436,6
DA:437,6
DA:438,6
DA:441,47
DA:442,47
DA:443,47
DA:444,47
DA:445,48
DA:446,48
DA:447,48
DA:448,48
DA:449,107792
DA:450,107792
DA:451,107786
DA:452,106385
DA:454,1401
DA:456,107786
DA:459,6
DA:460,6
DA:461,3
DA:462,0
DA:465,0
DA:466,0
DA:468,6
DA:470,0
DA:471,0
DA:473,6
DA:474,6
DA:475,6
DA:476,9
DA:477,9
DA:478,9
DA:480,6
DA:481,0
DA:482,0
DA:483,0
DA:485,6
DA:486,6
DA:487,6
DA:488,6
DA:489,0
DA:491,0
DA:494,48
DA:495,0
DA:496,0
DA:499,47
DA:500,47
DA:503,0
DA:504,0
DA:506,47
DA:507,0
DA:508,0
DA:510,47
DA:511,47
DA:512,1
DA:516,1
DA:517,2
DA:518,2
DA:519,2
DA:523,47
DA:527,47
DA:528,47
DA:529,47
DA:530,0
DA:531,0
DA:532,0
DA:533,0
DA:536,0
DA:537,0
DA:540,0
DA:541,0
DA:542,0
DA:543,0
DA:544,0
DA:545,0
DA:546,0
DA:549,0
DA:550,0
DA:552,0
DA:553,0
DA:554,0
DA:557,47
DA:561,47
DA:562,47
DA:563,47
DA:565,0
DA:570,47
DA:571,47
DA:572,47
DA:574,0
DA:579,47
DA:580,47
DA:581,47
DA:582,47
DA:583,0
DA:585,47
DA:586,47
DA:587,47
DA:589,0
DA:590,0
DA:591,0
DA:592,0
DA:594,0
DA:595,0
DA:597,0
DA:598,0
DA:599,0
DA:604,47
DA:605,47
DA:616,40
DA:617,40
DA:629,104
DA:630,104
DA:639,37
DA:640,37
DA:651,38
DA:652,38
DA:660,37
DA:661,37
DA:672,38
DA:673,38
DA:681,37
DA:682,37
LF:377
LH:300
BRDA:47,0,0,46
BRDA:57,1,0,33
BRDA:57,2,0,59
BRDA:57,2,1,59
BRDA:58,3,0,25
BRDA:61,4,0,4
BRDA:76,5,0,3
BRDA:77,6,0,3
BRDA:77,6,1,3
BRDA:80,7,0,11
BRDA:80,7,1,9
BRDA:83,8,0,9
BRDA:83,8,1,2
BRDA:85,9,0,0
BRDA:102,10,0,0
BRDA:102,10,1,43
BRDA:107,11,0,4
BRDA:107,11,1,39
BRDA:107,12,0,43
BRDA:107,12,1,4
BRDA:112,13,0,2
BRDA:115,14,0,1
BRDA:117,15,0,1
BRDA:117,15,1,1
BRDA:119,16,0,0
BRDA:122,17,0,1
BRDA:122,18,0,4
BRDA:122,18,1,4
BRDA:122,18,2,4
BRDA:125,19,0,0
BRDA:135,20,0,6
BRDA:135,20,1,0
BRDA:143,21,0,1
BRDA:158,22,0,0
BRDA:163,23,0,0
BRDA:163,23,1,24
BRDA:176,24,0,14
BRDA:186,25,0,356
BRDA:189,26,0,356
BRDA:189,26,1,10
BRDA:201,27,0,3
BRDA:203,28,0,3
BRDA:203,28,1,0
BRDA:211,29,0,141
BRDA:217,30,0,276
BRDA:218,31,0,417
BRDA:225,32,0,0
BRDA:229,33,0,3
BRDA:236,34,0,0
BRDA:253,35,0,1446
BRDA:254,36,0,1446
BRDA:254,36,1,8
BRDA:276,37,0,11
BRDA:279,38,0,11
BRDA:279,38,1,7
BRDA:283,39,0,0
BRDA:283,39,1,307
BRDA:287,40,0,5
BRDA:288,41,0,5
BRDA:288,41,1,2
BRDA:293,42,0,0
BRDA:293,42,1,0
BRDA:298,43,0,53
BRDA:302,44,0,53
BRDA:304,45,0,53
BRDA:305,46,0,53
BRDA:309,47,0,54
BRDA:311,48,0,863
BRDA:314,49,0,809
BRDA:318,50,0,0
BRDA:332,51,0,49
BRDA:338,52,0,49
BRDA:344,53,0,0
BRDA:344,54,0,49
BRDA:344,54,1,0
BRDA:344,54,2,0
BRDA:345,55,0,0
BRDA:345,56,0,49
BRDA:345,56,1,0
BRDA:345,56,2,0
BRDA:355,57,0,0
BRDA:356,58,0,1
BRDA:357,59,0,1
BRDA:362,60,0,0
BRDA:365,61,0,0
BRDA:365,62,0,0
BRDA:365,62,1,0
BRDA:366,63,0,0
BRDA:366,63,1,0
BRDA:367,64,0,0
BRDA:369,65,0,0
BRDA:377,66,0,1
BRDA:382,67,0,46
BRDA:386,68,0,0
BRDA:386,68,1,46
BRDA:388,69,0,0
BRDA:396,70,0,0
BRDA:396,71,0,0
BRDA:396,71,1,0
BRDA:404,72,0,0
BRDA:406,73,0,46
BRDA:406,73,1,0
BRDA:409,74,0,0
BRDA:411,75,0,0
BRDA:411,75,1,0
BRDA:424,76,0,1365
BRDA:430,77,0,1
BRDA:434,78,0,0
BRDA:435,79,0,0
BRDA:435,80,0,6
BRDA:435,80,1,0
BRDA:436,81,0,0
BRDA:437,82,0,0
BRDA:445,83,0,0
BRDA:446,84,0,48
BRDA:446,84,1,0
BRDA:450,85,0,107786
BRDA:451,86,0,106385
BRDA:451,86,1,1401
BRDA:451,87,0,107786
BRDA:451,87,1,106385
BRDA:460,88,0,3
BRDA:460,88,1,3
BRDA:460,89,0,6
BRDA:460,89,1,6
BRDA:461,90,0,3
BRDA:461,90,1,0
BRDA:461,91,0,3
BRDA:461,91,1,3
BRDA:462,92,0,0
BRDA:462,92,1,0
BRDA:462,93,0,0
BRDA:462,93,1,0
BRDA:468,94,0,0
BRDA:473,95,0,3
BRDA:473,95,1,3
BRDA:473,96,0,3
BRDA:473,96,1,0
BRDA:477,97,0,0
BRDA:480,98,0,0
BRDA:486,99,0,6
BRDA:486,99,1,0
BRDA:494,100,0,0
BRDA:503,101,0,0
BRDA:504,102,0,0
BRDA:504,102,1,0
BRDA:506,103,0,0
BRDA:507,104,0,0
BRDA:507,104,1,0
BRDA:511,105,0,1
BRDA:519,106,0,0
BRDA:519,107,0,2
BRDA:519,107,1,0
BRDA:529,108,0,0
BRDA:532,109,0,0
BRDA:532,109,1,0
BRDA:536,110,0,0
BRDA:542,111,0,0
BRDA:545,112,0,0
BRDA:545,112,1,0
BRDA:549,113,0,0
BRDA:553,114,0,0
BRDA:553,114,1,0
BRDA:563,115,0,47
BRDA:563,115,1,0
BRDA:572,116,0,47
BRDA:572,116,1,0
BRDA:581,117,0,47
BRDA:582,118,0,0
BRDA:586,119,0,47
BRDA:586,119,1,0
BRDA:591,120,0,0
BRDA:591,120,1,0
BRDA:592,121,0,0
BRDA:592,121,1,0
BRDA:594,122,0,0
BRDA:598,123,0,0
BRDA:598,123,1,0
BRF:178
BRH:92
end_of_record
TN:
SF:src\binary-introspect.ts
FN:15,detectFormat
FN:26,introspectBinary
FN:33,(anonymous_11)
FN:42,(anonymous_12)
FNF:4
FNH:4
FNDA:351,detectFormat
FNDA:360,introspectBinary
FNDA:3156,(anonymous_11)
FNDA:287,(anonymous_12)
DA:4,22
DA:16,351
DA:17,286
DA:18,285
DA:19,284
DA:20,284
DA:21,284
DA:23,348
DA:26,22
DA:27,360
DA:28,351
DA:29,351
DA:30,351
DA:32,351
DA:33,3861
DA:35,351
DA:36,351
DA:37,287
DA:38,1
DA:39,1
DA:42,351
DA:43,351
LF:22
LH:22
BRDA:16,0,0,286
BRDA:17,1,0,1
BRDA:17,2,0,286
BRDA:17,2,1,1
BRDA:17,2,2,1
BRDA:17,2,3,1
BRDA:18,3,0,1
BRDA:18,4,0,285
BRDA:18,4,1,1
BRDA:21,5,0,1
BRDA:33,6,0,2
BRDA:33,7,0,3861
BRDA:33,7,1,2
BRDA:37,8,0,1
BRDA:37,9,0,287
BRDA:37,9,1,111
BRDA:39,10,0,0
BRF:17
BRH:16
end_of_record
TN:
SF:src\check-registry.ts
FN:34,(anonymous_9)
FN:64,(anonymous_10)
FN:84,(anonymous_11)
FN:113,(anonymous_12)
FN:114,(anonymous_13)
FN:118,(anonymous_14)
FN:140,(anonymous_15)
FN:207,(anonymous_16)
FN:251,(anonymous_17)
FN:276,(anonymous_18)
FN:307,(anonymous_19)
FN:310,(anonymous_20)
FN:311,(anonymous_21)
FN:312,(anonymous_22)
FN:321,(anonymous_23)
FN:333,(anonymous_24)
FN:358,(anonymous_25)
FN:402,(anonymous_26)
FN:428,(anonymous_27)
FN:438,(anonymous_28)
FN:459,(anonymous_29)
FN:460,(anonymous_30)
FN:499,(anonymous_31)
FN:539,(anonymous_32)
FN:541,(anonymous_33)
FN:621,(anonymous_34)
FN:659,(anonymous_35)
FN:700,(anonymous_36)
FN:733,(anonymous_37)
FN:757,(anonymous_38)
FN:772,(anonymous_39)
FN:781,(anonymous_40)
FN:796,(anonymous_41)
FN:831,(anonymous_42)
FN:882,(anonymous_43)
FN:897,(anonymous_44)
FN:897,(anonymous_45)
FN:902,(anonymous_46)
FN:920,(anonymous_47)
FN:926,(anonymous_48)
FN:926,(anonymous_49)
FN:940,(anonymous_50)
FN:940,(anonymous_51)
FN:947,(anonymous_52)
FN:953,(anonymous_53)
FN:988,(anonymous_54)
FN:1001,(anonymous_55)
FN:1002,(anonymous_56)
FN:1003,(anonymous_57)
FN:1010,(anonymous_58)
FN:1024,(anonymous_59)
FN:1026,(anonymous_60)
FN:1026,(anonymous_61)
FN:1026,(anonymous_62)
FN:1052,(anonymous_63)
FN:1099,(anonymous_64)
FN:1119,(anonymous_65)
FN:1141,(anonymous_66)
FN:1173,(anonymous_67)
FN:1200,(anonymous_68)
FN:1249,top1Avg
FN:1249,(anonymous_70)
FN:1302,(anonymous_71)
FN:1313,(anonymous_72)
FN:1321,(anonymous_73)
FN:1364,(anonymous_74)
FN:1387,(anonymous_75)
FN:1387,(anonymous_76)
FN:1394,(anonymous_77)
FN:1406,(anonymous_78)
FN:1429,(anonymous_79)
FN:1454,(anonymous_80)
FN:1491,(anonymous_81)
FN:1506,(anonymous_82)
FN:1531,(anonymous_83)
FN:1564,(anonymous_84)
FN:1571,(anonymous_85)
FN:1585,(anonymous_86)
FN:1595,(anonymous_87)
FN:1595,(anonymous_88)
FN:1596,(anonymous_89)
FN:1607,(anonymous_90)
FN:1637,(anonymous_91)
FN:1637,(anonymous_92)
FN:1655,(anonymous_93)
FN:1689,cryptoLikeEqual
FN:1706,(anonymous_95)
FN:1722,(anonymous_96)
FN:1745,(anonymous_97)
FN:1746,(anonymous_98)
FN:1780,(anonymous_99)
FN:1808,(anonymous_100)
FN:1829,(anonymous_101)
FN:1837,(anonymous_102)
FN:1838,(anonymous_103)
FN:1840,(anonymous_104)
FN:1840,(anonymous_105)
FN:1841,(anonymous_106)
FN:1841,(anonymous_107)
FN:1871,(anonymous_108)
FN:1881,(anonymous_109)
FN:1882,(anonymous_110)
FN:1906,(anonymous_111)
FN:1963,(anonymous_112)
FN:1989,(anonymous_113)
FN:2013,(anonymous_114)
FN:2035,(anonymous_115)
FN:2049,(anonymous_116)
FN:2055,(anonymous_117)
FN:2085,(anonymous_118)
FN:2098,(anonymous_119)
FN:2110,(anonymous_120)
FN:2110,(anonymous_121)
FN:2110,(anonymous_122)
FN:2131,(anonymous_123)
FN:2185,(anonymous_124)
FN:2208,(anonymous_125)
FN:2248,(anonymous_126)
FN:2277,(anonymous_127)
FN:2310,(anonymous_128)
FN:2325,(anonymous_129)
FN:2332,(anonymous_130)
FN:2346,(anonymous_131)
FN:2367,(anonymous_132)
FN:2369,(anonymous_133)
FN:2391,(anonymous_134)
FN:2394,(anonymous_135)
FN:2415,(anonymous_136)
FN:2418,(anonymous_137)
FN:2421,(anonymous_138)
FN:2424,getChecksByIds
FN:2426,(anonymous_140)
FN:2426,(anonymous_141)
FNF:133
FNH:128
FNDA:207,(anonymous_9)
FNDA:3,(anonymous_10)
FNDA:207,(anonymous_11)
FNDA:19,(anonymous_12)
FNDA:40,(anonymous_13)
FNDA:2,(anonymous_14)
FNDA:208,(anonymous_15)
FNDA:207,(anonymous_16)
FNDA:208,(anonymous_17)
FNDA:207,(anonymous_18)
FNDA:207,(anonymous_19)
FNDA:391,(anonymous_20)
FNDA:392,(anonymous_21)
FNDA:204,(anonymous_22)
FNDA:39,(anonymous_23)
FNDA:1,(anonymous_24)
FNDA:207,(anonymous_25)
FNDA:207,(anonymous_26)
FNDA:207,(anonymous_27)
FNDA:55,(anonymous_28)
FNDA:26,(anonymous_29)
FNDA:13,(anonymous_30)
FNDA:207,(anonymous_31)
FNDA:0,(anonymous_32)
FNDA:0,(anonymous_33)
FNDA:206,(anonymous_34)
FNDA:207,(anonymous_35)
FNDA:209,(anonymous_36)
FNDA:5,(anonymous_37)
FNDA:591,(anonymous_38)
FNDA:207,(anonymous_39)
FNDA:3,(anonymous_40)
FNDA:207,(anonymous_41)
FNDA:207,(anonymous_42)
FNDA:207,(anonymous_43)
FNDA:116,(anonymous_44)
FNDA:116,(anonymous_45)
FNDA:116,(anonymous_46)
FNDA:140,(anonymous_47)
FNDA:40,(anonymous_48)
FNDA:56,(anonymous_49)
FNDA:33,(anonymous_50)
FNDA:33,(anonymous_51)
FNDA:17,(anonymous_52)
FNDA:7,(anonymous_53)
FNDA:207,(anonymous_54)
FNDA:32,(anonymous_55)
FNDA:32,(anonymous_56)
FNDA:32,(anonymous_57)
FNDA:37,(anonymous_58)
FNDA:18,(anonymous_59)
FNDA:14,(anonymous_60)
FNDA:12,(anonymous_61)
FNDA:12,(anonymous_62)
FNDA:30,(anonymous_63)
FNDA:207,(anonymous_64)
FNDA:207,(anonymous_65)
FNDA:207,(anonymous_66)
FNDA:207,(anonymous_67)
FNDA:207,(anonymous_68)
FNDA:0,top1Avg
FNDA:0,(anonymous_70)
FNDA:207,(anonymous_71)
FNDA:12,(anonymous_72)
FNDA:12,(anonymous_73)
FNDA:8,(anonymous_74)
FNDA:10,(anonymous_75)
FNDA:10,(anonymous_76)
FNDA:5,(anonymous_77)
FNDA:8,(anonymous_78)
FNDA:6,(anonymous_79)
FNDA:207,(anonymous_80)
FNDA:446,(anonymous_81)
FNDA:0,(anonymous_82)
FNDA:47,(anonymous_83)
FNDA:207,(anonymous_84)
FNDA:1874,(anonymous_85)
FNDA:559,(anonymous_86)
FNDA:1174,(anonymous_87)
FNDA:11819,(anonymous_88)
FNDA:236,(anonymous_89)
FNDA:1224,(anonymous_90)
FNDA:114,(anonymous_91)
FNDA:79,(anonymous_92)
FNDA:212,(anonymous_93)
FNDA:13,cryptoLikeEqual
FNDA:207,(anonymous_95)
FNDA:207,(anonymous_96)
FNDA:13,(anonymous_97)
FNDA:13,(anonymous_98)
FNDA:4,(anonymous_99)
FNDA:207,(anonymous_100)
FNDA:207,(anonymous_101)
FNDA:33,(anonymous_102)
FNDA:16,(anonymous_103)
FNDA:33,(anonymous_104)
FNDA:33,(anonymous_105)
FNDA:33,(anonymous_106)
FNDA:33,(anonymous_107)
FNDA:207,(anonymous_108)
FNDA:8,(anonymous_109)
FNDA:8,(anonymous_110)
FNDA:14,(anonymous_111)
FNDA:207,(anonymous_112)
FNDA:207,(anonymous_113)
FNDA:207,(anonymous_114)
FNDA:207,(anonymous_115)
FNDA:11,(anonymous_116)
FNDA:2,(anonymous_117)
FNDA:207,(anonymous_118)
FNDA:10,(anonymous_119)
FNDA:10,(anonymous_120)
FNDA:9,(anonymous_121)
FNDA:9,(anonymous_122)
FNDA:6,(anonymous_123)
FNDA:207,(anonymous_124)
FNDA:207,(anonymous_125)
FNDA:207,(anonymous_126)
FNDA:207,(anonymous_127)
FNDA:5,(anonymous_128)
FNDA:207,(anonymous_129)
FNDA:44,(anonymous_130)
FNDA:1,(anonymous_131)
FNDA:32,(anonymous_132)
FNDA:32,(anonymous_133)
FNDA:7,(anonymous_134)
FNDA:7,(anonymous_135)
FNDA:1566,(anonymous_136)
FNDA:1728,(anonymous_137)
FNDA:6156,(anonymous_138)
FNDA:214,getChecksByIds
FNDA:9202,(anonymous_140)
FNDA:36636,(anonymous_141)
DA:6,18
DA:7,18
DA:9,18
DA:10,18
DA:25,18
DA:35,207
DA:36,207
DA:37,207
DA:38,207
DA:39,207
DA:40,207
DA:41,207
DA:42,204
DA:43,204
DA:45,3
DA:47,3
DA:48,0
DA:50,3
DA:51,0
DA:53,3
DA:55,2
DA:56,2
DA:58,1
DA:61,3
DA:62,3
DA:64,3
DA:65,3
DA:67,3
DA:68,1
DA:70,2
DA:72,3
DA:73,3
DA:85,207
DA:86,207
DA:87,207
DA:88,200
DA:90,7
DA:91,7
DA:92,7
DA:93,7
DA:94,7
DA:95,7
DA:96,7
DA:97,7
DA:98,7
DA:100,7
DA:101,7
DA:103,7
DA:105,3
DA:106,3
DA:107,3
DA:108,1
DA:112,3
DA:113,19
DA:114,40
DA:115,3
DA:118,3
DA:119,1
DA:122,7
DA:123,7
DA:126,7
DA:129,7
DA:141,208
DA:142,136
DA:143,136
DA:144,136
DA:146,136
DA:147,136
DA:148,136
DA:150,136
DA:152,136
DA:153,136
DA:155,136
DA:156,136
DA:157,136
DA:159,27
DA:160,27
DA:161,27
DA:162,27
DA:163,27
DA:164,5
DA:167,109
DA:169,0
DA:170,0
DA:172,136
DA:173,136
DA:174,136
DA:175,136
DA:176,136
DA:177,136
DA:178,136
DA:179,136
DA:181,136
DA:182,102
DA:183,102
DA:184,102
DA:186,34
DA:188,136
DA:208,207
DA:209,204
DA:210,204
DA:211,204
DA:212,204
DA:213,204
DA:214,204
DA:215,204
DA:216,204
DA:217,204
DA:219,204
DA:220,13
DA:221,13
DA:222,13
DA:223,13
DA:224,13
DA:225,13
DA:226,13
DA:227,13
DA:235,191
DA:240,204
DA:252,208
DA:253,143
DA:254,143
DA:277,207
DA:278,132
DA:279,132
DA:280,132
DA:281,132
DA:282,132
DA:308,207
DA:309,204
DA:310,391
DA:311,392
DA:312,204
DA:314,204
DA:315,204
DA:316,204
DA:317,204
DA:319,204
DA:320,13
DA:321,39
DA:322,13
DA:323,13
DA:324,13
DA:325,13
DA:327,13
DA:328,13
DA:333,191
DA:339,204
DA:359,207
DA:360,132
DA:361,132
DA:363,132
DA:364,132
DA:366,132
DA:367,132
DA:368,14
DA:369,14
DA:370,14
DA:371,14
DA:372,14
DA:373,14
DA:375,132
DA:403,207
DA:404,135
DA:405,135
DA:429,207
DA:430,132
DA:431,132
DA:432,132
DA:433,132
DA:434,132
DA:435,132
DA:436,132
DA:437,14
DA:438,55
DA:439,14
DA:440,14
DA:441,42
DA:442,42
DA:444,14
DA:445,14
DA:446,14
DA:447,14
DA:448,14
DA:451,132
DA:452,132
DA:453,132
DA:454,132
DA:455,13
DA:456,13
DA:457,13
DA:458,13
DA:459,26
DA:460,13
DA:461,13
DA:462,13
DA:465,132
DA:466,99
DA:473,33
DA:478,33
DA:479,33
DA:480,33
DA:481,0
DA:482,33
DA:483,1
DA:485,32
DA:488,132
DA:500,207
DA:501,207
DA:502,207
DA:503,207
DA:504,207
DA:505,207
DA:506,207
DA:507,207
DA:508,207
DA:509,207
DA:510,207
DA:511,207
DA:512,207
DA:513,207
DA:514,207
DA:515,207
DA:516,207
DA:517,207
DA:518,207
DA:520,207
DA:521,207
DA:522,207
DA:523,207
DA:524,207
DA:525,207
DA:526,207
DA:527,35
DA:528,35
DA:529,33
DA:530,33
DA:533,2
DA:534,2
DA:536,172
DA:537,0
DA:538,0
DA:539,0
DA:540,0
DA:541,0
DA:542,0
DA:543,0
DA:548,207
DA:549,24
DA:550,24
DA:552,183
DA:554,207
DA:555,207
DA:556,207
DA:557,207
DA:559,0
DA:562,207
DA:563,23
DA:564,23
DA:565,23
DA:568,207
DA:569,207
DA:570,2
DA:571,2
DA:574,207
DA:575,207
DA:576,207
DA:577,207
DA:578,207
DA:580,207
DA:581,207
DA:586,207
DA:622,206
DA:624,141
DA:625,141
DA:626,141
DA:627,141
DA:628,141
DA:629,141
DA:630,141
DA:631,141
DA:632,141
DA:633,1
DA:634,1
DA:635,1
DA:640,141
DA:660,207
DA:661,204
DA:662,204
DA:663,204
DA:665,204
DA:666,204
DA:667,204
DA:668,204
DA:669,21
DA:670,21
DA:671,21
DA:672,21
DA:673,21
DA:674,21
DA:675,21
DA:676,21
DA:677,21
DA:679,204
DA:680,204
DA:701,209
DA:702,209
DA:703,209
DA:704,209
DA:705,209
DA:706,209
DA:707,209
DA:709,209
DA:710,2
DA:711,2
DA:712,2
DA:714,0
DA:716,2
DA:717,2
DA:718,2
DA:720,0
DA:722,2
DA:723,2
DA:724,2
DA:725,2
DA:726,2
DA:729,207
DA:732,209
DA:733,17
DA:734,17
DA:735,17
DA:736,17
DA:737,17
DA:738,17
DA:739,17
DA:741,192
DA:743,209
DA:744,17
DA:745,17
DA:746,17
DA:749,209
DA:750,26
DA:751,26
DA:752,26
DA:754,183
DA:756,209
DA:757,591
DA:758,209
DA:759,209
DA:760,209
DA:761,209
DA:773,207
DA:774,207
DA:775,207
DA:776,207
DA:778,207
DA:779,205
DA:781,3
DA:782,2
DA:783,2
DA:784,2
DA:797,207
DA:798,207
DA:800,207
DA:801,207
DA:802,207
DA:803,207
DA:804,207
DA:805,207
DA:806,207
DA:807,207
DA:809,207
DA:810,207
DA:811,207
DA:813,207
DA:814,207
DA:815,207
DA:816,207
DA:819,207
DA:832,207
DA:833,207
DA:835,207
DA:836,207
DA:837,207
DA:838,207
DA:839,207
DA:841,207
DA:842,1
DA:843,1
DA:844,1
DA:845,1
DA:846,1
DA:849,207
DA:850,207
DA:851,207
DA:852,207
DA:853,207
DA:854,207
DA:855,207
DA:856,207
DA:857,207
DA:858,207
DA:859,207
DA:860,207
DA:861,207
DA:862,207
DA:863,207
DA:864,207
DA:865,207
DA:866,207
DA:867,207
DA:870,207
DA:883,207
DA:884,207
DA:885,207
DA:886,207
DA:887,185
DA:889,22
DA:890,22
DA:892,22
DA:893,94
DA:895,22
DA:896,22
DA:897,116
DA:898,116
DA:899,22
DA:902,116
DA:903,22
DA:905,22
DA:906,22
DA:907,22
DA:908,8
DA:909,28
DA:910,28
DA:911,28
DA:912,28
DA:916,22
DA:917,22
DA:918,8
DA:919,28
DA:920,140
DA:921,28
DA:924,22
DA:926,56
DA:927,22
DA:928,22
DA:929,22
DA:930,22
DA:931,22
DA:933,22
DA:934,22
DA:935,22
DA:936,22
DA:937,22
DA:939,22
DA:940,33
DA:941,16
DA:942,16
DA:944,16
DA:945,16
DA:947,17
DA:948,16
DA:949,16
DA:952,16
DA:953,7
DA:954,3
DA:955,3
DA:956,3
DA:960,22
DA:961,22
DA:963,22
DA:964,14
DA:966,8
DA:967,8
DA:968,8
DA:969,8
DA:970,8
DA:971,8
DA:972,8
DA:973,8
DA:974,8
DA:975,8
DA:977,22
DA:989,207
DA:991,207
DA:992,207
DA:993,207
DA:994,207
DA:995,207
DA:996,207
DA:998,21
DA:999,21
DA:1000,7
DA:1001,32
DA:1002,32
DA:1003,32
DA:1004,14
DA:1005,0
DA:1008,21
DA:1009,21
DA:1010,37
DA:1012,21
DA:1013,21
DA:1015,21
DA:1017,21
DA:1018,21
DA:1020,21
DA:1021,21
DA:1022,21
DA:1023,21
DA:1024,18
DA:1025,7
DA:1026,14
DA:1027,3
DA:1028,3
DA:1029,3
DA:1030,10
DA:1031,10
DA:1032,9
DA:1033,9
DA:1038,7
DA:1039,7
DA:1040,32
DA:1041,32
DA:1042,32
DA:1043,32
DA:1044,1
DA:1045,1
DA:1047,31
DA:1048,31
DA:1052,30
DA:1053,7
DA:1054,5
DA:1055,5
DA:1056,5
DA:1057,5
DA:1058,5
DA:1059,1
DA:1063,21
DA:1064,21
DA:1065,21
DA:1067,21
DA:1068,21
DA:1069,21
DA:1070,21
DA:1072,21
DA:1073,21
DA:1074,21
DA:1075,21
DA:1076,21
DA:1078,21
DA:1079,21
DA:1081,21
DA:1082,21
DA:1084,21
DA:1085,21
DA:1089,207
DA:1100,207
DA:1101,207
DA:1102,207
DA:1103,207
DA:1104,207
DA:1105,14
DA:1106,14
DA:1108,207
DA:1120,207
DA:1121,207
DA:1122,207
DA:1123,207
DA:1142,207
DA:1143,207
DA:1144,207
DA:1145,207
DA:1147,207
DA:1148,207
DA:1149,207
DA:1150,13
DA:1151,13
DA:1152,13
DA:1153,13
DA:1155,207
DA:1174,207
DA:1175,207
DA:1176,207
DA:1178,207
DA:1179,207
DA:1180,207
DA:1181,207
DA:1201,207
DA:1202,207
DA:1203,207
DA:1204,207
DA:1205,207
DA:1207,23
DA:1208,2
DA:1210,2
DA:1211,2
DA:1212,2
DA:1213,2
DA:1214,2
DA:1215,2
DA:1219,23
DA:1220,23
DA:1223,23
DA:1224,23
DA:1225,23
DA:1226,17
DA:1227,17
DA:1229,17
DA:1230,17
DA:1231,17
DA:1232,17
DA:1233,17
DA:1235,17
DA:1236,17
DA:1237,17
DA:1238,4
DA:1239,4
DA:1240,4
DA:1241,4
DA:1242,4
DA:1243,4
DA:1246,17
DA:1247,0
DA:1248,0
DA:1249,0
DA:1250,0
DA:1251,0
DA:1252,0
DA:1253,0
DA:1254,0
DA:1256,17
DA:1258,17
DA:1259,17
DA:1260,4
DA:1261,550
DA:1262,550
DA:1263,550
DA:1264,550
DA:1265,550
DA:1266,550
DA:1269,17
DA:1270,17
DA:1271,17
DA:1272,17
DA:1273,17
DA:1274,17
DA:1275,17
DA:1276,17
DA:1277,17
DA:1278,17
DA:1279,17
DA:1280,17
DA:1282,23
DA:1283,23
DA:1292,207
DA:1303,207
DA:1304,207
DA:1305,207
DA:1306,207
DA:1307,207
DA:1309,25
DA:1310,6
DA:1312,6
DA:1313,12
DA:1314,6
DA:1315,6
DA:1316,6
DA:1317,6
DA:1318,6
DA:1319,3
DA:1321,12
DA:1323,6
DA:1324,4
DA:1325,4
DA:1326,4
DA:1327,4
DA:1328,8
DA:1329,8
DA:1330,8
DA:1331,8
DA:1332,7
DA:1333,7
DA:1334,7
DA:1335,7
DA:1336,1
DA:1338,7
DA:1339,7
DA:1342,4
DA:1343,4
DA:1344,4
DA:1345,4
DA:1346,4
DA:1347,2
DA:1352,25
DA:1353,25
DA:1354,25
DA:1355,25
DA:1356,25
DA:1357,25
DA:1358,25
DA:1359,25
DA:1360,25
DA:1361,25
DA:1362,25
DA:1363,25
DA:1364,25
DA:1365,25
DA:1366,2
DA:1367,2
DA:1370,25
DA:1371,25
DA:1372,25
DA:1373,25
DA:1374,25
DA:1375,25
DA:1376,25
DA:1377,25
DA:1379,5
DA:1380,10
DA:1381,10
DA:1383,8
DA:1387,10
DA:1388,5
DA:1390,25
DA:1391,25
DA:1392,25
DA:1394,25
DA:1395,5
DA:1396,5
DA:1397,5
DA:1398,5
DA:1399,10
DA:1400,14
DA:1401,14
DA:1402,14
DA:1403,14
DA:1406,8
DA:1407,5
DA:1408,5
DA:1409,5
DA:1410,5
DA:1413,25
DA:1414,1
DA:1417,25
DA:1419,25
DA:1420,25
DA:1421,4
DA:1422,4
DA:1425,25
DA:1426,3
DA:1427,3
DA:1428,6
DA:1429,6
DA:1430,6
DA:1433,3
DA:1435,25
DA:1436,25
DA:1439,25
DA:1440,3
DA:1443,207
DA:1455,207
DA:1456,207
DA:1457,207
DA:1458,207
DA:1459,207
DA:1460,21
DA:1461,21
DA:1462,21
DA:1463,21
DA:1464,21
DA:1465,21
DA:1467,21
DA:1468,21
DA:1469,21
DA:1470,21
DA:1471,21
DA:1472,21
DA:1474,21
DA:1476,21
DA:1477,21
DA:1478,20
DA:1479,20
DA:1480,170
DA:1481,170
DA:1482,168
DA:1485,21
DA:1487,21
DA:1488,21
DA:1489,17
DA:1490,469
DA:1491,446
DA:1492,17
DA:1493,446
DA:1494,17
DA:1496,21
DA:1498,21
DA:1499,21
DA:1500,21
DA:1501,21
DA:1502,21
DA:1504,21
DA:1505,21
DA:1506,3
DA:1507,3
DA:1508,3
DA:1509,3
DA:1511,3
DA:1513,21
DA:1515,21
DA:1516,21
DA:1517,21
DA:1518,15
DA:1519,15
DA:1520,15
DA:1521,15
DA:1522,429
DA:1524,15
DA:1525,15
DA:1527,21
DA:1528,21
DA:1530,21
DA:1531,47
DA:1533,21
DA:1534,21
DA:1536,21
DA:1537,21
DA:1538,21
DA:1539,21
DA:1540,21
DA:1541,21
DA:1542,21
DA:1543,21
DA:1544,21
DA:1545,21
DA:1546,21
DA:1547,21
DA:1548,21
DA:1549,21
DA:1550,21
DA:1553,207
DA:1565,207
DA:1567,207
DA:1568,204
DA:1569,204
DA:1571,1874
DA:1572,204
DA:1573,204
DA:1574,204
DA:1575,1174
DA:1576,1174
DA:1577,34046
DA:1578,2774
DA:1579,2774
DA:1583,204
DA:1585,559
DA:1586,204
DA:1587,204
DA:1588,89
DA:1589,559
DA:1592,204
DA:1593,204
DA:1595,11819
DA:1596,236
DA:1597,204
DA:1599,204
DA:1607,1224
DA:1609,204
DA:1610,204
DA:1612,204
DA:1613,204
DA:1614,204
DA:1615,204
DA:1616,204
DA:1617,204
DA:1618,204
DA:1619,204
DA:1620,204
DA:1621,204
DA:1622,204
DA:1623,51
DA:1624,51
DA:1625,0
DA:1626,51
DA:1627,51
DA:1628,51
DA:1629,153
DA:1630,134
DA:1632,204
DA:1637,114
DA:1656,212
DA:1657,212
DA:1658,212
DA:1659,212
DA:1660,212
DA:1662,212
DA:1663,0
DA:1664,0
DA:1665,0
DA:1666,0
DA:1667,0
DA:1670,212
DA:1671,0
DA:1673,212
DA:1674,212
DA:1675,212
DA:1676,212
DA:1677,212
DA:1678,212
DA:1679,212
DA:1681,212
DA:1682,212
DA:1683,212
DA:1690,13
DA:1691,13
DA:1692,13
DA:1694,0
DA:1698,18
DA:1707,207
DA:1708,207
DA:1709,207
DA:1710,207
DA:1711,207
DA:1712,207
DA:1723,207
DA:1724,207
DA:1725,207
DA:1726,207
DA:1727,207
DA:1728,207
DA:1729,207
DA:1730,207
DA:1731,207
DA:1732,27
DA:1733,27
DA:1734,27
DA:1737,207
DA:1738,27
DA:1740,27
DA:1741,0
DA:1744,27
DA:1745,27
DA:1746,27
DA:1748,27
DA:1749,27
DA:1750,27
DA:1751,27
DA:1753,27
DA:1754,0
DA:1755,27
DA:1756,3
DA:1758,27
DA:1759,27
DA:1760,27
DA:1762,27
DA:1763,1
DA:1766,27
DA:1767,13
DA:1768,13
DA:1769,13
DA:1770,13
DA:1771,1
DA:1776,27
DA:1777,2
DA:1778,2
DA:1779,2
DA:1780,4
DA:1781,2
DA:1782,2
DA:1783,2
DA:1786,27
DA:1787,1
DA:1789,27
DA:1790,27
DA:1791,27
DA:1792,27
DA:1793,27
DA:1796,207
DA:1797,207
DA:1798,207
DA:1809,207
DA:1810,207
DA:1811,207
DA:1812,207
DA:1813,207
DA:1814,207
DA:1815,207
DA:1821,18
DA:1830,207
DA:1831,207
DA:1832,207
DA:1833,207
DA:1834,207
DA:1835,16
DA:1836,16
DA:1837,33
DA:1838,16
DA:1839,16
DA:1840,33
DA:1841,33
DA:1842,16
DA:1843,16
DA:1845,16
DA:1846,16
DA:1847,0
DA:1849,16
DA:1850,16
DA:1859,207
DA:1872,207
DA:1873,207
DA:1874,207
DA:1875,24
DA:1877,24
DA:1878,24
DA:1879,24
DA:1880,3
DA:1881,8
DA:1882,8
DA:1884,24
DA:1886,24
DA:1887,24
DA:1888,24
DA:1889,24
DA:1890,24
DA:1891,24
DA:1892,24
DA:1893,24
DA:1894,24
DA:1895,24
DA:1896,24
DA:1897,24
DA:1898,24
DA:1899,24
DA:1900,24
DA:1902,24
DA:1903,24
DA:1905,24
DA:1906,24
DA:1908,24
DA:1909,24
DA:1910,24
DA:1911,24
DA:1912,24
DA:1913,24
DA:1914,24
DA:1915,24
DA:1916,24
DA:1917,24
DA:1929,24
DA:1947,24
DA:1948,24
DA:1949,24
DA:1950,24
DA:1951,24
DA:1952,24
DA:1964,207
DA:1965,207
DA:1966,207
DA:1967,17
DA:1968,17
DA:1969,17
DA:1970,17
DA:1971,17
DA:1972,17
DA:1973,17
DA:1974,17
DA:1981,18
DA:1990,207
DA:1991,207
DA:1992,207
DA:1993,21
DA:1994,21
DA:1995,21
DA:1996,21
DA:1997,21
DA:1998,21
DA:1999,21
DA:2000,21
DA:2001,21
DA:2002,21
DA:2003,21
DA:2014,207
DA:2015,207
DA:2016,207
DA:2017,194
DA:2019,13
DA:2020,13
DA:2023,13
DA:2036,207
DA:2037,207
DA:2038,207
DA:2039,23
DA:2040,23
DA:2041,23
DA:2042,23
DA:2043,23
DA:2044,23
DA:2045,23
DA:2046,23
DA:2047,23
DA:2049,23
DA:2050,23
DA:2052,23
DA:2053,23
DA:2054,23
DA:2055,23
DA:2056,23
DA:2058,23
DA:2059,23
DA:2060,23
DA:2061,23
DA:2062,23
DA:2063,15
DA:2064,15
DA:2065,15
DA:2067,8
DA:2068,8
DA:2069,8
DA:2070,8
DA:2072,23
DA:2073,23
DA:2086,207
DA:2087,207
DA:2088,207
DA:2089,207
DA:2090,207
DA:2091,207
DA:2092,207
DA:2093,207
DA:2095,207
DA:2096,5
DA:2097,5
DA:2098,10
DA:2099,5
DA:2100,5
DA:2101,5
DA:2102,2
DA:2105,0
DA:2106,0
DA:2109,5
DA:2110,10
DA:2111,5
DA:2113,207
DA:2115,207
DA:2116,207
DA:2117,207
DA:2118,207
DA:2119,207
DA:2121,207
DA:2122,1
DA:2123,1
DA:2124,1
DA:2127,207
DA:2128,179
DA:2129,8
DA:2130,3
DA:2131,6
DA:2132,3
DA:2133,3
DA:2134,5
DA:2135,2
DA:2137,3
DA:2140,171
DA:2144,207
DA:2145,15
DA:2146,15
DA:2147,15
DA:2148,15
DA:2151,207
DA:2152,1
DA:2154,207
DA:2156,207
DA:2157,28
DA:2162,28
DA:2163,28
DA:2164,28
DA:2166,179
DA:2167,179
DA:2168,8
DA:2170,171
DA:2173,207
DA:2174,207
DA:2186,207
DA:2187,207
DA:2188,207
DA:2189,207
DA:2190,17
DA:2191,17
DA:2192,17
DA:2193,17
DA:2197,17
DA:2209,207
DA:2210,207
DA:2211,207
DA:2212,207
DA:2213,207
DA:2214,13
DA:2215,13
DA:2216,13
DA:2217,13
DA:2218,13
DA:2219,13
DA:2220,13
DA:2221,13
DA:2222,13
DA:2224,0
DA:2225,0
DA:2226,0
DA:2229,13
DA:2237,13
DA:2249,207
DA:2250,207
DA:2251,207
DA:2252,207
DA:2253,17
DA:2255,17
DA:2256,17
DA:2257,17
DA:2259,17
DA:2260,17
DA:2262,17
DA:2263,17
DA:2264,17
DA:2265,17
DA:2266,17
DA:2278,207
DA:2279,207
DA:2287,207
DA:2288,199
DA:2290,8
DA:2291,8
DA:2292,8
DA:2293,8
DA:2294,8
DA:2296,8
DA:2297,8
DA:2298,8
DA:2299,8
DA:2300,8
DA:2301,8
DA:2302,8
DA:2303,8
DA:2304,8
DA:2305,0
DA:2306,0
DA:2307,0
DA:2309,8
DA:2310,8
DA:2311,8
DA:2313,8
DA:2314,8
DA:2326,207
DA:2327,207
DA:2328,207
DA:2329,15
DA:2330,15
DA:2331,15
DA:2332,44
DA:2333,15
DA:2334,15
DA:2335,15
DA:2336,15
DA:2338,15
DA:2339,1
DA:2340,1
DA:2341,1
DA:2342,3
DA:2343,3
DA:2345,3
DA:2346,3
DA:2347,3
DA:2348,3
DA:2353,15
DA:2354,15
DA:2355,15
DA:2357,0
DA:2358,15
DA:2359,15
DA:2361,15
DA:2363,0
DA:2366,15
DA:2367,32
DA:2368,15
DA:2369,32
DA:2370,15
DA:2372,15
DA:2374,0
DA:2376,15
DA:2377,15
DA:2379,15
DA:2380,15
DA:2382,15
DA:2383,15
DA:2385,15
DA:2387,15
DA:2389,15
DA:2390,3
DA:2391,7
DA:2392,3
DA:2394,7
DA:2395,3
DA:2398,15
DA:2399,15
DA:2400,15
DA:2401,15
DA:2404,15
DA:2409,18
DA:2414,18
DA:2415,1566
DA:2417,18
DA:2418,1728
DA:2420,18
DA:2421,6156
DA:2424,18
DA:2425,214
DA:2426,36636
LF:1316
LH:1270
BRDA:35,0,0,207
BRDA:35,0,1,21
BRDA:40,1,0,3
BRDA:40,2,0,207
BRDA:40,2,1,3
BRDA:41,3,0,204
BRDA:45,4,0,3
BRDA:45,4,1,0
BRDA:47,5,0,0
BRDA:47,6,0,3
BRDA:47,6,1,3
BRDA:47,6,2,3
BRDA:50,7,0,0
BRDA:50,8,0,3
BRDA:50,8,1,3
BRDA:50,8,2,0
BRDA:53,9,0,2
BRDA:55,10,0,1
BRDA:55,10,1,1
BRDA:55,11,0,2
BRDA:55,11,1,1
BRDA:61,12,0,0
BRDA:62,13,0,0
BRDA:67,14,0,1
BRDA:67,14,1,2
BRDA:68,15,0,0
BRDA:68,15,1,1
BRDA:72,16,0,3
BRDA:85,17,0,207
BRDA:85,17,1,21
BRDA:87,18,0,200
BRDA:92,19,0,7
BRDA:92,19,1,0
BRDA:93,20,0,1
BRDA:95,21,0,1
BRDA:95,22,0,7
BRDA:95,22,1,7
BRDA:96,23,0,0
BRDA:96,24,0,7
BRDA:96,24,1,7
BRDA:97,25,0,0
BRDA:97,26,0,7
BRDA:97,26,1,7
BRDA:98,27,0,2
BRDA:98,28,0,7
BRDA:98,28,1,7
BRDA:100,29,0,0
BRDA:100,30,0,7
BRDA:100,30,1,7
BRDA:101,31,0,1
BRDA:101,32,0,7
BRDA:101,32,1,7
BRDA:103,33,0,3
BRDA:105,34,0,3
BRDA:105,35,0,3
BRDA:105,35,1,3
BRDA:107,36,0,1
BRDA:107,37,0,3
BRDA:107,37,1,1
BRDA:107,38,0,1
BRDA:107,38,1,0
BRDA:112,39,0,3
BRDA:112,40,0,3
BRDA:112,40,1,3
BRDA:112,40,2,3
BRDA:112,40,3,3
BRDA:115,41,0,1
BRDA:115,42,0,3
BRDA:115,42,1,3
BRDA:115,42,2,2
BRDA:118,43,0,1
BRDA:123,44,0,2
BRDA:123,44,1,5
BRDA:124,45,0,1
BRDA:124,45,1,1
BRDA:126,46,0,2
BRDA:126,46,1,5
BRDA:127,47,0,2
BRDA:127,47,1,1
BRDA:127,48,0,2
BRDA:127,48,1,0
BRDA:127,49,0,2
BRDA:127,49,1,0
BRDA:127,50,0,2
BRDA:127,50,1,0
BRDA:142,51,0,136
BRDA:142,51,1,24
BRDA:147,52,0,27
BRDA:148,53,0,27
BRDA:148,54,0,136
BRDA:148,54,1,27
BRDA:148,54,2,0
BRDA:150,55,0,136
BRDA:150,55,1,107
BRDA:150,55,2,107
BRDA:150,55,3,107
BRDA:153,56,0,136
BRDA:153,56,1,29
BRDA:153,56,2,0
BRDA:153,56,3,29
BRDA:153,56,4,0
BRDA:157,57,0,27
BRDA:157,57,1,109
BRDA:159,58,0,27
BRDA:159,59,0,27
BRDA:159,59,1,27
BRDA:160,60,0,27
BRDA:160,60,1,27
BRDA:160,60,2,27
BRDA:161,61,0,27
BRDA:161,61,1,27
BRDA:161,61,2,27
BRDA:162,62,0,27
BRDA:162,62,1,24
BRDA:162,62,2,22
BRDA:163,63,0,5
BRDA:164,64,0,0
BRDA:164,64,1,5
BRDA:167,65,0,0
BRDA:169,66,0,0
BRDA:169,66,1,0
BRDA:169,66,2,0
BRDA:169,66,3,0
BRDA:170,67,0,0
BRDA:172,68,0,136
BRDA:172,68,1,107
BRDA:172,68,2,107
BRDA:174,69,0,29
BRDA:175,70,0,29
BRDA:176,71,0,28
BRDA:177,72,0,29
BRDA:178,73,0,29
BRDA:179,74,0,5
BRDA:181,75,0,102
BRDA:181,75,1,34
BRDA:182,76,0,22
BRDA:182,76,1,80
BRDA:182,77,0,0
BRDA:182,77,1,80
BRDA:183,78,0,21
BRDA:183,78,1,81
BRDA:183,79,0,1
BRDA:183,79,1,80
BRDA:184,80,0,22
BRDA:184,80,1,80
BRDA:211,81,0,204
BRDA:211,81,1,180
BRDA:211,81,2,180
BRDA:212,82,0,204
BRDA:212,82,1,180
BRDA:212,82,2,177
BRDA:214,83,0,204
BRDA:214,83,1,19
BRDA:217,84,0,204
BRDA:217,84,1,24
BRDA:219,85,0,13
BRDA:219,85,1,191
BRDA:219,86,0,204
BRDA:219,86,1,13
BRDA:221,87,0,13
BRDA:221,87,1,13
BRDA:221,87,2,13
BRDA:221,87,3,13
BRDA:221,87,4,13
BRDA:222,88,0,13
BRDA:222,88,1,0
BRDA:223,89,0,13
BRDA:223,89,1,0
BRDA:225,90,0,13
BRDA:225,90,1,0
BRDA:226,91,0,13
BRDA:226,91,1,13
BRDA:226,91,2,13
BRDA:226,91,3,13
BRDA:226,91,4,13
BRDA:227,92,0,13
BRDA:227,92,1,0
BRDA:228,93,0,0
BRDA:228,93,1,0
BRDA:229,94,0,0
BRDA:229,94,1,0
BRDA:230,95,0,0
BRDA:230,95,1,0
BRDA:231,96,0,0
BRDA:231,96,1,0
BRDA:232,97,0,0
BRDA:232,97,1,0
BRDA:235,98,0,10
BRDA:235,98,1,181
BRDA:236,99,0,181
BRDA:236,99,1,180
BRDA:237,100,0,181
BRDA:237,100,1,177
BRDA:253,101,0,143
BRDA:253,101,1,107
BRDA:259,102,0,105
BRDA:259,102,1,38
BRDA:260,103,0,38
BRDA:260,103,1,36
BRDA:261,104,0,38
BRDA:261,104,1,38
BRDA:281,105,0,132
BRDA:281,105,1,98
BRDA:281,105,2,13
BRDA:281,105,3,98
BRDA:281,105,4,40
BRDA:287,106,0,40
BRDA:287,106,1,92
BRDA:288,107,0,92
BRDA:288,107,1,34
BRDA:289,108,0,92
BRDA:289,108,1,34
BRDA:290,109,0,92
BRDA:290,109,1,92
BRDA:291,110,0,92
BRDA:291,110,1,26
BRDA:292,111,0,92
BRDA:292,111,1,0
BRDA:295,112,0,40
BRDA:295,112,1,92
BRDA:314,113,0,204
BRDA:314,113,1,23
BRDA:317,114,0,204
BRDA:317,114,1,23
BRDA:319,115,0,13
BRDA:319,115,1,191
BRDA:319,116,0,204
BRDA:319,116,1,13
BRDA:327,117,0,13
BRDA:327,117,1,13
BRDA:328,118,0,13
BRDA:328,118,1,0
BRDA:328,119,0,13
BRDA:328,119,1,0
BRDA:328,120,0,13
BRDA:328,120,1,0
BRDA:329,121,0,0
BRDA:329,121,1,0
BRDA:330,122,0,0
BRDA:330,122,1,0
BRDA:333,123,0,9
BRDA:333,123,1,182
BRDA:333,124,0,1
BRDA:333,124,1,8
BRDA:335,125,0,182
BRDA:335,125,1,181
BRDA:336,126,0,182
BRDA:336,126,1,182
BRDA:363,127,0,132
BRDA:363,127,1,99
BRDA:363,127,2,15
BRDA:364,128,0,18
BRDA:364,128,1,114
BRDA:364,129,0,84
BRDA:364,129,1,30
BRDA:367,130,0,14
BRDA:369,131,0,14
BRDA:369,131,1,0
BRDA:370,132,0,14
BRDA:370,132,1,0
BRDA:372,133,0,14
BRDA:372,133,1,14
BRDA:372,133,2,14
BRDA:372,133,3,14
BRDA:373,134,0,14
BRDA:373,134,1,0
BRDA:373,135,0,14
BRDA:373,135,1,0
BRDA:373,136,0,0
BRDA:373,136,1,14
BRDA:380,137,0,99
BRDA:380,137,1,33
BRDA:381,138,0,15
BRDA:381,138,1,84
BRDA:383,139,0,33
BRDA:383,139,1,33
BRDA:384,140,0,33
BRDA:384,140,1,30
BRDA:384,141,0,33
BRDA:384,141,1,33
BRDA:385,142,0,33
BRDA:385,142,1,0
BRDA:385,142,2,0
BRDA:385,143,0,0
BRDA:385,143,1,0
BRDA:386,144,0,33
BRDA:386,144,1,0
BRDA:386,144,2,0
BRDA:386,145,0,0
BRDA:386,145,1,0
BRDA:387,146,0,33
BRDA:387,146,1,0
BRDA:387,146,2,0
BRDA:404,147,0,135
BRDA:404,147,1,101
BRDA:404,147,2,101
BRDA:410,148,0,88
BRDA:410,148,1,47
BRDA:411,149,0,47
BRDA:411,149,1,34
BRDA:412,150,0,47
BRDA:412,150,1,34
BRDA:413,151,0,47
BRDA:413,151,1,47
BRDA:434,152,0,132
BRDA:434,152,1,100
BRDA:434,152,2,100
BRDA:436,153,0,14
BRDA:436,154,0,132
BRDA:436,154,1,14
BRDA:436,154,2,14
BRDA:437,155,0,14
BRDA:437,155,1,0
BRDA:442,156,0,15
BRDA:445,157,0,14
BRDA:445,157,1,1
BRDA:446,158,0,14
BRDA:446,158,1,13
BRDA:446,158,2,13
BRDA:447,159,0,14
BRDA:447,159,1,14
BRDA:448,160,0,13
BRDA:448,160,1,1
BRDA:451,161,0,132
BRDA:451,161,1,17
BRDA:451,161,2,13
BRDA:452,162,0,13
BRDA:452,162,1,119
BRDA:454,163,0,13
BRDA:455,164,0,13
BRDA:455,164,1,0
BRDA:456,165,0,0
BRDA:457,166,0,0
BRDA:457,167,0,13
BRDA:457,167,1,13
BRDA:457,168,0,13
BRDA:457,168,1,0
BRDA:457,169,0,13
BRDA:457,169,1,0
BRDA:458,170,0,13
BRDA:458,170,1,0
BRDA:459,171,0,26
BRDA:459,171,1,0
BRDA:461,172,0,0
BRDA:461,173,0,13
BRDA:461,173,1,13
BRDA:462,174,0,0
BRDA:465,175,0,99
BRDA:465,175,1,33
BRDA:467,176,0,0
BRDA:467,176,1,99
BRDA:468,177,0,0
BRDA:468,177,1,99
BRDA:469,178,0,13
BRDA:469,178,1,86
BRDA:470,179,0,17
BRDA:470,179,1,82
BRDA:471,180,0,13
BRDA:471,180,1,86
BRDA:474,181,0,33
BRDA:474,181,1,32
BRDA:475,182,0,33
BRDA:475,182,1,32
BRDA:476,183,0,33
BRDA:476,183,1,32
BRDA:480,184,0,0
BRDA:480,184,1,33
BRDA:480,185,0,33
BRDA:480,185,1,0
BRDA:480,185,2,0
BRDA:482,186,0,1
BRDA:482,186,1,32
BRDA:482,187,0,33
BRDA:482,187,1,1
BRDA:482,187,2,1
BRDA:485,188,0,0
BRDA:485,188,1,32
BRDA:500,189,0,207
BRDA:500,189,1,44
BRDA:501,190,0,207
BRDA:501,190,1,44
BRDA:502,191,0,207
BRDA:502,191,1,23
BRDA:503,192,0,207
BRDA:503,192,1,159
BRDA:505,193,0,207
BRDA:505,193,1,204
BRDA:508,194,0,207
BRDA:508,194,1,20
BRDA:509,195,0,20
BRDA:509,195,1,187
BRDA:510,196,0,207
BRDA:510,196,1,20
BRDA:511,197,0,207
BRDA:511,197,1,184
BRDA:515,198,0,207
BRDA:515,198,1,206
BRDA:516,199,0,207
BRDA:516,199,1,187
BRDA:517,200,0,207
BRDA:517,200,1,185
BRDA:518,201,0,207
BRDA:518,201,1,20
BRDA:523,202,0,207
BRDA:523,202,1,35
BRDA:524,203,0,207
BRDA:524,203,1,35
BRDA:526,204,0,35
BRDA:526,204,1,172
BRDA:526,205,0,207
BRDA:526,205,1,35
BRDA:528,206,0,33
BRDA:528,206,1,2
BRDA:530,207,0,24
BRDA:536,208,0,0
BRDA:538,209,0,0
BRDA:538,209,1,0
BRDA:540,210,0,0
BRDA:540,210,1,0
BRDA:541,211,0,0
BRDA:548,212,0,24
BRDA:548,212,1,183
BRDA:548,213,0,207
BRDA:548,213,1,196
BRDA:548,213,2,172
BRDA:548,213,3,0
BRDA:549,214,0,24
BRDA:549,214,1,13
BRDA:550,215,0,13
BRDA:550,216,0,24
BRDA:550,216,1,13
BRDA:552,217,0,183
BRDA:552,217,1,11
BRDA:552,217,2,10
BRDA:554,218,0,183
BRDA:555,219,0,175
BRDA:556,220,0,196
BRDA:557,221,0,23
BRDA:559,222,0,0
BRDA:559,222,1,0
BRDA:562,223,0,23
BRDA:563,224,0,23
BRDA:563,224,1,4
BRDA:564,225,0,23
BRDA:564,225,1,17
BRDA:565,226,0,23
BRDA:565,226,1,17
BRDA:569,227,0,2
BRDA:574,228,0,207
BRDA:574,228,1,184
BRDA:575,229,0,207
BRDA:575,229,1,20
BRDA:575,229,2,20
BRDA:576,230,0,207
BRDA:576,230,1,19
BRDA:577,231,0,207
BRDA:577,231,1,25
BRDA:577,231,2,24
BRDA:577,231,3,17
BRDA:577,231,4,16
BRDA:578,232,0,207
BRDA:578,232,1,172
BRDA:578,232,2,172
BRDA:578,232,3,172
BRDA:580,233,0,35
BRDA:580,233,1,172
BRDA:580,234,0,172
BRDA:580,234,1,172
BRDA:580,234,2,172
BRDA:580,234,3,106
BRDA:580,234,4,105
BRDA:580,234,5,67
BRDA:580,234,6,105
BRDA:582,235,0,207
BRDA:582,235,1,66
BRDA:582,236,0,207
BRDA:582,236,1,77
BRDA:583,237,0,207
BRDA:583,237,1,78
BRDA:583,238,0,207
BRDA:583,238,1,78
BRDA:584,239,0,207
BRDA:584,239,1,67
BRDA:584,240,0,207
BRDA:584,240,1,78
BRDA:591,241,0,121
BRDA:591,241,1,86
BRDA:592,242,0,16
BRDA:592,242,1,105
BRDA:593,243,0,16
BRDA:593,243,1,0
BRDA:593,244,0,16
BRDA:593,244,1,0
BRDA:593,245,0,16
BRDA:593,245,1,0
BRDA:593,246,0,16
BRDA:593,246,1,0
BRDA:593,247,0,0
BRDA:593,247,1,0
BRDA:593,248,0,0
BRDA:593,248,1,16
BRDA:593,249,0,0
BRDA:593,249,1,16
BRDA:593,250,0,16
BRDA:593,250,1,0
BRDA:593,251,0,16
BRDA:593,251,1,0
BRDA:593,252,0,16
BRDA:593,252,1,0
BRDA:593,253,0,0
BRDA:593,253,1,16
BRDA:595,254,0,2
BRDA:595,254,1,84
BRDA:597,255,0,3
BRDA:597,255,1,81
BRDA:599,256,0,77
BRDA:599,256,1,4
BRDA:601,257,0,1
BRDA:601,257,1,3
BRDA:603,258,0,0
BRDA:603,258,1,3
BRDA:605,259,0,3
BRDA:605,259,1,0
BRDA:609,260,0,23
BRDA:609,260,1,184
BRDA:626,261,0,1
BRDA:626,261,1,140
BRDA:632,262,0,1
BRDA:634,263,0,1
BRDA:634,263,1,1
BRDA:635,264,0,0
BRDA:635,264,1,1
BRDA:636,265,0,1
BRDA:636,265,1,0
BRDA:637,266,0,1
BRDA:637,266,1,1
BRDA:668,267,0,21
BRDA:668,268,0,204
BRDA:668,268,1,21
BRDA:670,269,0,21
BRDA:670,269,1,1
BRDA:671,270,0,21
BRDA:671,270,1,8
BRDA:672,271,0,13
BRDA:672,271,1,8
BRDA:672,272,0,13
BRDA:672,272,1,0
BRDA:672,273,0,8
BRDA:672,273,1,1
BRDA:674,274,0,21
BRDA:674,274,1,13
BRDA:674,274,2,13
BRDA:674,275,0,13
BRDA:674,275,1,0
BRDA:676,276,0,20
BRDA:677,277,0,20
BRDA:685,278,0,15
BRDA:685,278,1,189
BRDA:687,279,0,21
BRDA:687,279,1,183
BRDA:701,280,0,209
BRDA:701,280,1,21
BRDA:702,281,0,209
BRDA:702,281,1,209
BRDA:709,282,0,2
BRDA:709,282,1,207
BRDA:709,283,0,209
BRDA:709,283,1,2
BRDA:710,284,0,2
BRDA:710,284,1,0
BRDA:710,285,0,2
BRDA:710,285,1,2
BRDA:712,286,0,1
BRDA:716,287,0,2
BRDA:716,287,1,0
BRDA:716,288,0,2
BRDA:716,288,1,2
BRDA:718,289,0,1
BRDA:722,290,0,2
BRDA:722,290,1,2
BRDA:724,291,0,2
BRDA:724,292,0,2
BRDA:724,292,1,2
BRDA:726,293,0,1
BRDA:732,294,0,17
BRDA:732,294,1,192
BRDA:732,295,0,209
BRDA:732,295,1,17
BRDA:732,295,2,17
BRDA:739,296,0,2
BRDA:743,297,0,17
BRDA:745,298,0,2
BRDA:746,299,0,0
BRDA:749,300,0,26
BRDA:749,300,1,183
BRDA:749,301,0,209
BRDA:749,301,1,26
BRDA:751,302,0,26
BRDA:751,302,1,26
BRDA:752,303,0,2
BRDA:757,304,0,591
BRDA:757,304,1,9
BRDA:759,305,0,205
BRDA:759,305,1,4
BRDA:760,306,0,205
BRDA:760,306,1,4
BRDA:773,307,0,207
BRDA:773,307,1,21
BRDA:774,308,0,207
BRDA:774,308,1,189
BRDA:775,309,0,2
BRDA:775,309,1,205
BRDA:776,310,0,3
BRDA:776,310,1,204
BRDA:778,311,0,205
BRDA:783,312,0,1
BRDA:783,312,1,1
BRDA:784,313,0,1
BRDA:784,313,1,1
BRDA:797,314,0,207
BRDA:797,314,1,21
BRDA:798,315,0,207
BRDA:798,315,1,65
BRDA:801,316,0,7
BRDA:803,317,0,207
BRDA:803,317,1,114
BRDA:803,317,2,114
BRDA:803,317,3,114
BRDA:804,318,0,207
BRDA:804,318,1,206
BRDA:809,319,0,2
BRDA:809,320,0,207
BRDA:809,320,1,5
BRDA:810,321,0,89
BRDA:810,322,0,207
BRDA:810,322,1,202
BRDA:810,322,2,90
BRDA:813,323,0,93
BRDA:813,323,1,114
BRDA:813,324,0,207
BRDA:813,324,1,114
BRDA:816,325,0,116
BRDA:816,325,1,91
BRDA:817,326,0,3
BRDA:817,326,1,113
BRDA:817,327,0,4
BRDA:817,327,1,112
BRDA:817,328,0,1
BRDA:817,328,1,115
BRDA:832,329,0,207
BRDA:832,329,1,21
BRDA:841,330,0,1
BRDA:841,331,0,207
BRDA:841,331,1,200
BRDA:843,332,0,1
BRDA:843,333,0,1
BRDA:843,333,1,1
BRDA:843,333,2,1
BRDA:846,334,0,1
BRDA:846,334,1,0
BRDA:852,335,0,199
BRDA:852,336,0,207
BRDA:852,336,1,8
BRDA:853,337,0,207
BRDA:853,337,1,199
BRDA:854,338,0,201
BRDA:855,339,0,2
BRDA:855,340,0,207
BRDA:855,340,1,8
BRDA:856,341,0,1
BRDA:856,342,0,207
BRDA:856,342,1,2
BRDA:857,343,0,1
BRDA:857,344,0,207
BRDA:857,344,1,3
BRDA:858,345,0,1
BRDA:858,346,0,207
BRDA:858,346,1,2
BRDA:860,347,0,2
BRDA:860,347,1,205
BRDA:860,348,0,207
BRDA:860,348,1,7
BRDA:860,348,2,6
BRDA:862,349,0,8
BRDA:863,350,0,2
BRDA:864,351,0,3
BRDA:865,352,0,2
BRDA:866,353,0,207
BRDA:866,353,1,199
BRDA:867,354,0,2
BRDA:867,354,1,205
BRDA:883,355,0,207
BRDA:883,355,1,21
BRDA:886,356,0,185
BRDA:889,357,0,22
BRDA:889,357,1,0
BRDA:890,358,0,22
BRDA:890,358,1,0
BRDA:890,359,0,0
BRDA:890,359,1,0
BRDA:893,360,0,19
BRDA:896,361,0,22
BRDA:899,362,0,22
BRDA:899,362,1,0
BRDA:903,363,0,22
BRDA:903,363,1,0
BRDA:905,364,0,0
BRDA:905,364,1,22
BRDA:905,365,0,22
BRDA:905,365,1,0
BRDA:907,366,0,8
BRDA:912,367,0,7
BRDA:917,368,0,8
BRDA:924,369,0,8
BRDA:924,369,1,14
BRDA:926,370,0,8
BRDA:926,370,1,14
BRDA:926,371,0,14
BRDA:926,371,1,0
BRDA:939,372,0,16
BRDA:939,373,0,22
BRDA:939,373,1,16
BRDA:940,374,0,33
BRDA:940,374,1,33
BRDA:941,375,0,16
BRDA:945,376,0,1
BRDA:952,377,0,3
BRDA:952,378,0,16
BRDA:952,378,1,3
BRDA:954,379,0,3
BRDA:956,380,0,1
BRDA:960,381,0,22
BRDA:960,381,1,18
BRDA:960,381,2,17
BRDA:960,381,3,16
BRDA:960,381,4,16
BRDA:960,381,5,16
BRDA:960,381,6,15
BRDA:961,382,0,16
BRDA:961,382,1,6
BRDA:961,383,0,22
BRDA:961,383,1,22
BRDA:963,384,0,14
BRDA:963,384,1,8
BRDA:964,385,0,14
BRDA:964,385,1,0
BRDA:967,386,0,4
BRDA:968,387,0,3
BRDA:969,388,0,5
BRDA:970,389,0,4
BRDA:971,390,0,5
BRDA:972,391,0,1
BRDA:972,392,0,8
BRDA:972,392,1,1
BRDA:973,393,0,1
BRDA:973,394,0,8
BRDA:973,394,1,1
BRDA:974,395,0,0
BRDA:991,396,0,207
BRDA:991,396,1,200
BRDA:991,396,2,187
BRDA:995,397,0,21
BRDA:995,397,1,186
BRDA:996,398,0,21
BRDA:999,399,0,7
BRDA:999,399,1,14
BRDA:1001,400,0,0
BRDA:1001,400,1,32
BRDA:1004,401,0,0
BRDA:1012,402,0,1
BRDA:1012,403,0,21
BRDA:1012,403,1,14
BRDA:1013,404,0,15
BRDA:1015,405,0,6
BRDA:1015,406,0,21
BRDA:1015,406,1,7
BRDA:1017,407,0,21
BRDA:1017,407,1,2
BRDA:1017,407,2,2
BRDA:1018,408,0,2
BRDA:1023,409,0,7
BRDA:1024,410,0,18
BRDA:1024,410,1,18
BRDA:1025,411,0,3
BRDA:1026,412,0,12
BRDA:1026,412,1,0
BRDA:1026,413,0,12
BRDA:1026,413,1,12
BRDA:1027,414,0,3
BRDA:1031,415,0,1
BRDA:1033,416,0,0
BRDA:1033,417,0,9
BRDA:1033,417,1,6
BRDA:1040,418,0,0
BRDA:1040,419,0,32
BRDA:1040,419,1,32
BRDA:1041,420,0,32
BRDA:1041,420,1,14
BRDA:1042,421,0,0
BRDA:1043,422,0,1
BRDA:1043,422,1,31
BRDA:1044,423,0,0
BRDA:1047,424,0,1
BRDA:1047,425,0,31
BRDA:1047,425,1,26
BRDA:1053,426,0,5
BRDA:1054,427,0,5
BRDA:1054,427,1,0
BRDA:1055,428,0,5
BRDA:1055,428,1,5
BRDA:1056,429,0,5
BRDA:1056,429,1,0
BRDA:1057,430,0,5
BRDA:1057,430,1,0
BRDA:1058,431,0,1
BRDA:1058,432,0,5
BRDA:1058,432,1,1
BRDA:1058,432,2,1
BRDA:1059,433,0,1
BRDA:1059,434,0,1
BRDA:1059,434,1,0
BRDA:1063,435,0,1
BRDA:1064,436,0,0
BRDA:1065,437,0,1
BRDA:1067,438,0,21
BRDA:1067,438,1,1
BRDA:1073,439,0,21
BRDA:1073,439,1,20
BRDA:1073,439,2,1
BRDA:1073,439,3,0
BRDA:1074,440,0,21
BRDA:1074,440,1,14
BRDA:1075,441,0,21
BRDA:1075,441,1,14
BRDA:1076,442,0,21
BRDA:1076,442,1,1
BRDA:1076,442,2,1
BRDA:1078,443,0,20
BRDA:1078,443,1,1
BRDA:1078,444,0,20
BRDA:1078,444,1,1
BRDA:1078,444,2,1
BRDA:1079,445,0,1
BRDA:1079,446,0,21
BRDA:1079,446,1,19
BRDA:1082,447,0,0
BRDA:1085,448,0,2
BRDA:1085,448,1,19
BRDA:1104,449,0,14
BRDA:1104,450,0,207
BRDA:1104,450,1,16
BRDA:1104,450,2,14
BRDA:1104,450,3,14
BRDA:1104,450,4,14
BRDA:1105,451,0,14
BRDA:1105,451,1,14
BRDA:1105,451,2,14
BRDA:1106,452,0,14
BRDA:1106,452,1,0
BRDA:1108,453,0,16
BRDA:1108,453,1,191
BRDA:1122,454,0,207
BRDA:1122,454,1,15
BRDA:1122,454,2,15
BRDA:1128,455,0,15
BRDA:1128,455,1,192
BRDA:1128,456,0,15
BRDA:1128,456,1,15
BRDA:1144,457,0,207
BRDA:1144,457,1,14
BRDA:1145,458,0,14
BRDA:1145,458,1,193
BRDA:1149,459,0,13
BRDA:1149,460,0,207
BRDA:1149,460,1,14
BRDA:1150,461,0,13
BRDA:1150,461,1,0
BRDA:1151,462,0,13
BRDA:1151,462,1,0
BRDA:1152,463,0,13
BRDA:1152,463,1,13
BRDA:1152,463,2,13
BRDA:1153,464,0,13
BRDA:1153,464,1,0
BRDA:1153,465,0,0
BRDA:1153,465,1,0
BRDA:1153,466,0,0
BRDA:1153,466,1,0
BRDA:1179,467,0,207
BRDA:1179,467,1,206
BRDA:1186,468,0,14
BRDA:1186,468,1,193
BRDA:1186,469,0,1
BRDA:1186,469,1,13
BRDA:1186,470,0,1
BRDA:1186,470,1,1
BRDA:1186,471,0,0
BRDA:1186,471,1,193
BRDA:1186,472,0,0
BRDA:1186,472,1,0
BRDA:1205,473,0,23
BRDA:1205,474,0,207
BRDA:1205,474,1,23
BRDA:1207,475,0,2
BRDA:1207,476,0,23
BRDA:1207,476,1,7
BRDA:1225,477,0,17
BRDA:1227,478,0,17
BRDA:1227,478,1,0
BRDA:1229,479,0,17
BRDA:1229,479,1,0
BRDA:1229,479,2,0
BRDA:1229,479,3,0
BRDA:1230,480,0,17
BRDA:1230,480,1,17
BRDA:1231,481,0,17
BRDA:1231,481,1,17
BRDA:1232,482,0,17
BRDA:1232,482,1,17
BRDA:1233,483,0,17
BRDA:1233,483,1,17
BRDA:1237,484,0,4
BRDA:1246,485,0,0
BRDA:1246,486,0,17
BRDA:1246,486,1,13
BRDA:1246,486,2,0
BRDA:1254,487,0,0
BRDA:1256,488,0,17
BRDA:1256,488,1,4
BRDA:1259,489,0,4
BRDA:1259,490,0,17
BRDA:1259,490,1,4
BRDA:1266,491,0,0
BRDA:1266,492,0,550
BRDA:1266,492,1,550
BRDA:1269,493,0,17
BRDA:1269,493,1,17
BRDA:1269,493,2,17
BRDA:1269,493,3,17
BRDA:1269,493,4,17
BRDA:1269,493,5,17
BRDA:1269,493,6,17
BRDA:1269,493,7,16
BRDA:1269,493,8,15
BRDA:1269,493,9,15
BRDA:1270,494,0,0
BRDA:1271,495,0,0
BRDA:1272,496,0,0
BRDA:1273,497,0,0
BRDA:1274,498,0,0
BRDA:1275,499,0,0
BRDA:1276,500,0,0
BRDA:1277,501,0,1
BRDA:1278,502,0,1
BRDA:1279,503,0,1
BRDA:1280,504,0,0
BRDA:1282,505,0,23
BRDA:1282,505,1,18
BRDA:1282,505,2,18
BRDA:1282,505,3,18
BRDA:1282,505,4,18
BRDA:1282,505,5,18
BRDA:1283,506,0,16
BRDA:1283,506,1,7
BRDA:1283,507,0,16
BRDA:1283,507,1,0
BRDA:1283,508,0,16
BRDA:1283,508,1,0
BRDA:1284,509,0,7
BRDA:1284,509,1,5
BRDA:1285,510,0,7
BRDA:1285,510,1,5
BRDA:1286,511,0,7
BRDA:1286,511,1,0
BRDA:1287,512,0,7
BRDA:1287,512,1,0
BRDA:1288,513,0,7
BRDA:1288,513,1,0
BRDA:1289,514,0,7
BRDA:1289,514,1,2
BRDA:1292,515,0,23
BRDA:1292,515,1,184
BRDA:1307,516,0,25
BRDA:1307,517,0,207
BRDA:1307,517,1,25
BRDA:1309,518,0,6
BRDA:1309,519,0,25
BRDA:1309,519,1,6
BRDA:1315,520,0,6
BRDA:1315,520,1,5
BRDA:1315,520,2,2
BRDA:1318,521,0,3
BRDA:1318,522,0,6
BRDA:1318,522,1,3
BRDA:1321,523,0,6
BRDA:1321,523,1,6
BRDA:1323,524,0,4
BRDA:1331,525,0,1
BRDA:1331,526,0,8
BRDA:1331,526,1,8
BRDA:1332,527,0,7
BRDA:1332,527,1,0
BRDA:1335,528,0,1
BRDA:1338,529,0,6
BRDA:1338,529,1,1
BRDA:1339,530,0,7
BRDA:1339,530,1,4
BRDA:1339,531,0,7
BRDA:1339,531,1,0
BRDA:1343,532,0,4
BRDA:1343,532,1,4
BRDA:1346,533,0,2
BRDA:1355,534,0,25
BRDA:1355,534,1,25
BRDA:1356,535,0,25
BRDA:1356,535,1,7
BRDA:1357,536,0,1
BRDA:1357,536,1,24
BRDA:1357,537,0,25
BRDA:1357,537,1,24
BRDA:1358,538,0,25
BRDA:1358,538,1,23
BRDA:1360,539,0,25
BRDA:1360,539,1,25
BRDA:1361,540,0,0
BRDA:1362,541,0,2
BRDA:1362,542,0,25
BRDA:1362,542,1,9
BRDA:1363,543,0,3
BRDA:1364,544,0,1
BRDA:1364,545,0,25
BRDA:1364,545,1,3
BRDA:1365,546,0,2
BRDA:1366,547,0,2
BRDA:1366,547,1,2
BRDA:1366,547,2,1
BRDA:1367,548,0,1
BRDA:1370,549,0,5
BRDA:1370,549,1,20
BRDA:1371,550,0,25
BRDA:1371,550,1,23
BRDA:1372,551,0,25
BRDA:1372,551,1,23
BRDA:1377,552,0,5
BRDA:1380,553,0,2
BRDA:1380,554,0,10
BRDA:1380,554,1,10
BRDA:1381,555,0,8
BRDA:1381,556,0,10
BRDA:1381,556,1,10
BRDA:1383,557,0,2
BRDA:1388,558,0,4
BRDA:1390,559,0,1
BRDA:1391,560,0,1
BRDA:1392,561,0,1
BRDA:1394,562,0,5
BRDA:1399,563,0,10
BRDA:1399,563,1,0
BRDA:1401,564,0,14
BRDA:1401,564,1,9
BRDA:1402,565,0,2
BRDA:1403,566,0,1
BRDA:1403,567,0,14
BRDA:1403,567,1,14
BRDA:1407,568,0,1
BRDA:1408,569,0,1
BRDA:1413,570,0,1
BRDA:1413,571,0,25
BRDA:1413,571,1,2
BRDA:1417,572,0,1
BRDA:1419,573,0,2
BRDA:1420,574,0,4
BRDA:1420,575,0,25
BRDA:1420,575,1,4
BRDA:1422,576,0,2
BRDA:1425,577,0,3
BRDA:1425,578,0,25
BRDA:1425,578,1,5
BRDA:1428,579,0,6
BRDA:1428,580,0,6
BRDA:1428,580,1,6
BRDA:1429,581,0,6
BRDA:1429,581,1,0
BRDA:1430,582,0,0
BRDA:1433,583,0,0
BRDA:1436,584,0,18
BRDA:1436,584,1,7
BRDA:1437,585,0,18
BRDA:1437,585,1,0
BRDA:1437,586,0,18
BRDA:1437,586,1,15
BRDA:1437,587,0,2
BRDA:1437,587,1,16
BRDA:1437,588,0,16
BRDA:1437,588,1,15
BRDA:1437,589,0,1
BRDA:1437,589,1,17
BRDA:1438,590,0,1
BRDA:1438,590,1,6
BRDA:1439,591,0,3
BRDA:1439,592,0,25
BRDA:1439,592,1,7
BRDA:1439,592,2,3
BRDA:1443,593,0,25
BRDA:1443,593,1,182
BRDA:1459,594,0,21
BRDA:1459,595,0,207
BRDA:1459,595,1,21
BRDA:1460,596,0,21
BRDA:1460,596,1,1
BRDA:1461,597,0,21
BRDA:1461,597,1,1
BRDA:1462,598,0,20
BRDA:1462,598,1,1
BRDA:1463,599,0,21
BRDA:1463,599,1,1
BRDA:1464,600,0,20
BRDA:1464,600,1,1
BRDA:1465,601,0,21
BRDA:1465,601,1,1
BRDA:1468,602,0,7
BRDA:1469,603,0,5
BRDA:1471,604,0,21
BRDA:1471,604,1,1
BRDA:1474,605,0,21
BRDA:1474,605,1,6
BRDA:1477,606,0,20
BRDA:1477,607,0,21
BRDA:1477,607,1,20
BRDA:1481,608,0,2
BRDA:1485,609,0,21
BRDA:1485,609,1,2
BRDA:1488,610,0,17
BRDA:1488,611,0,21
BRDA:1488,611,1,18
BRDA:1490,612,0,469
BRDA:1490,612,1,446
BRDA:1496,613,0,21
BRDA:1496,613,1,1
BRDA:1498,614,0,3
BRDA:1498,614,1,18
BRDA:1499,615,0,3
BRDA:1499,615,1,18
BRDA:1500,616,0,3
BRDA:1500,616,1,18
BRDA:1501,617,0,3
BRDA:1501,617,1,18
BRDA:1502,618,0,21
BRDA:1502,618,1,3
BRDA:1502,618,2,3
BRDA:1502,618,3,3
BRDA:1505,619,0,3
BRDA:1506,620,0,3
BRDA:1506,620,1,0
BRDA:1506,621,0,0
BRDA:1506,621,1,0
BRDA:1507,622,0,3
BRDA:1508,623,0,1
BRDA:1508,624,0,3
BRDA:1508,624,1,2
BRDA:1508,624,2,2
BRDA:1509,625,0,0
BRDA:1509,626,0,3
BRDA:1509,626,1,3
BRDA:1511,627,0,0
BRDA:1511,628,0,3
BRDA:1511,628,1,3
BRDA:1513,629,0,21
BRDA:1513,629,1,3
BRDA:1517,630,0,15
BRDA:1517,631,0,21
BRDA:1517,631,1,0
BRDA:1517,631,2,21
BRDA:1517,631,3,20
BRDA:1517,631,4,15
BRDA:1522,632,0,234
BRDA:1522,633,0,234
BRDA:1524,634,0,15
BRDA:1525,635,0,15
BRDA:1527,636,0,21
BRDA:1527,636,1,15
BRDA:1528,637,0,21
BRDA:1528,637,1,15
BRDA:1530,638,0,14
BRDA:1530,638,1,7
BRDA:1531,639,0,21
BRDA:1531,639,1,14
BRDA:1531,640,0,47
BRDA:1531,640,1,47
BRDA:1534,641,0,21
BRDA:1534,641,1,14
BRDA:1536,642,0,21
BRDA:1536,642,1,20
BRDA:1536,642,2,19
BRDA:1536,642,3,18
BRDA:1536,642,4,17
BRDA:1536,642,5,17
BRDA:1536,642,6,16
BRDA:1536,642,7,16
BRDA:1536,642,8,16
BRDA:1536,642,9,16
BRDA:1536,642,10,16
BRDA:1536,642,11,16
BRDA:1538,643,0,1
BRDA:1539,644,0,2
BRDA:1540,645,0,2
BRDA:1541,646,0,3
BRDA:1542,647,0,2
BRDA:1543,648,0,4
BRDA:1543,649,0,4
BRDA:1543,649,1,1
BRDA:1544,650,0,1
BRDA:1545,651,0,1
BRDA:1546,652,0,1
BRDA:1547,653,0,1
BRDA:1548,654,0,0
BRDA:1549,655,0,0
BRDA:1550,656,0,16
BRDA:1550,656,1,5
BRDA:1550,657,0,16
BRDA:1550,657,1,0
BRDA:1550,658,0,16
BRDA:1550,658,1,16
BRDA:1550,659,0,16
BRDA:1550,659,1,2
BRDA:1550,660,0,16
BRDA:1550,660,1,15
BRDA:1550,661,0,16
BRDA:1550,661,1,15
BRDA:1550,662,0,16
BRDA:1550,662,1,15
BRDA:1551,663,0,5
BRDA:1551,663,1,1
BRDA:1551,664,0,5
BRDA:1551,664,1,3
BRDA:1551,665,0,5
BRDA:1551,665,1,5
BRDA:1551,666,0,5
BRDA:1551,666,1,3
BRDA:1551,667,0,5
BRDA:1551,667,1,3
BRDA:1551,668,0,5
BRDA:1551,668,1,3
BRDA:1553,669,0,21
BRDA:1553,669,1,186
BRDA:1565,670,0,207
BRDA:1565,670,1,21
BRDA:1568,671,0,204
BRDA:1568,671,1,0
BRDA:1571,672,0,1874
BRDA:1571,672,1,1874
BRDA:1577,673,0,2774
BRDA:1579,674,0,2774
BRDA:1579,674,1,559
BRDA:1583,675,0,184
BRDA:1583,675,1,20
BRDA:1587,676,0,89
BRDA:1592,677,0,89
BRDA:1592,677,1,115
BRDA:1592,678,0,89
BRDA:1592,678,1,0
BRDA:1593,679,0,53
BRDA:1593,679,1,151
BRDA:1597,680,0,184
BRDA:1597,680,1,20
BRDA:1617,681,0,204
BRDA:1617,681,1,66
BRDA:1618,682,0,204
BRDA:1618,682,1,66
BRDA:1619,683,0,204
BRDA:1619,683,1,0
BRDA:1620,684,0,204
BRDA:1620,684,1,86
BRDA:1622,685,0,51
BRDA:1622,685,1,153
BRDA:1622,686,0,204
BRDA:1622,686,1,153
BRDA:1622,686,2,0
BRDA:1622,686,3,0
BRDA:1624,687,0,51
BRDA:1624,687,1,0
BRDA:1626,688,0,0
BRDA:1627,689,0,10
BRDA:1628,690,0,48
BRDA:1629,691,0,134
BRDA:1637,692,0,19
BRDA:1637,692,1,185
BRDA:1638,693,0,51
BRDA:1638,693,1,134
BRDA:1641,694,0,71
BRDA:1641,694,1,133
BRDA:1642,695,0,19
BRDA:1642,695,1,185
BRDA:1656,696,0,212
BRDA:1656,696,1,26
BRDA:1657,697,0,212
BRDA:1657,697,1,162
BRDA:1658,698,0,212
BRDA:1658,698,1,176
BRDA:1659,699,0,32
BRDA:1659,699,1,180
BRDA:1663,700,0,0
BRDA:1663,700,1,0
BRDA:1664,701,0,0
BRDA:1664,701,1,0
BRDA:1665,702,0,0
BRDA:1665,702,1,0
BRDA:1666,703,0,0
BRDA:1666,703,1,0
BRDA:1667,704,0,0
BRDA:1670,705,0,0
BRDA:1670,706,0,212
BRDA:1670,706,1,0
BRDA:1670,707,0,212
BRDA:1670,707,1,212
BRDA:1675,708,0,2
BRDA:1676,709,0,2
BRDA:1677,710,0,0
BRDA:1678,711,0,0
BRDA:1679,712,0,212
BRDA:1679,712,1,0
BRDA:1679,713,0,212
BRDA:1679,713,1,210
BRDA:1690,714,0,0
BRDA:1708,715,0,207
BRDA:1708,715,1,19
BRDA:1710,716,0,207
BRDA:1710,716,1,33
BRDA:1710,716,2,0
BRDA:1710,716,3,0
BRDA:1711,717,0,33
BRDA:1711,717,1,174
BRDA:1711,718,0,0
BRDA:1711,718,1,33
BRDA:1711,719,0,0
BRDA:1711,719,1,0
BRDA:1711,720,0,33
BRDA:1711,720,1,0
BRDA:1712,721,0,33
BRDA:1712,721,1,174
BRDA:1724,722,0,207
BRDA:1724,722,1,19
BRDA:1727,723,0,207
BRDA:1727,723,1,191
BRDA:1731,724,0,27
BRDA:1733,725,0,27
BRDA:1733,725,1,27
BRDA:1733,725,2,27
BRDA:1734,726,0,27
BRDA:1734,726,1,0
BRDA:1737,727,0,27
BRDA:1737,728,0,207
BRDA:1737,728,1,27
BRDA:1737,728,2,27
BRDA:1740,729,0,0
BRDA:1745,730,0,27
BRDA:1745,730,1,13
BRDA:1746,731,0,27
BRDA:1746,731,1,13
BRDA:1748,732,0,27
BRDA:1748,732,1,27
BRDA:1749,733,0,27
BRDA:1749,733,1,27
BRDA:1749,734,0,27
BRDA:1749,734,1,0
BRDA:1750,735,0,27
BRDA:1750,735,1,27
BRDA:1751,736,0,0
BRDA:1751,736,1,27
BRDA:1751,737,0,27
BRDA:1751,737,1,0
BRDA:1753,738,0,0
BRDA:1753,738,1,27
BRDA:1754,739,0,0
BRDA:1754,739,1,0
BRDA:1755,740,0,3
BRDA:1756,741,0,3
BRDA:1756,741,1,3
BRDA:1758,742,0,2
BRDA:1758,743,0,2
BRDA:1758,743,1,2
BRDA:1759,744,0,0
BRDA:1759,745,0,0
BRDA:1759,745,1,0
BRDA:1760,746,0,0
BRDA:1760,747,0,27
BRDA:1760,747,1,0
BRDA:1760,748,0,0
BRDA:1760,748,1,0
BRDA:1762,749,0,1
BRDA:1762,750,0,27
BRDA:1762,750,1,13
BRDA:1762,750,2,13
BRDA:1762,750,3,13
BRDA:1763,751,0,1
BRDA:1763,751,1,1
BRDA:1766,752,0,13
BRDA:1768,753,0,13
BRDA:1769,754,0,13
BRDA:1769,754,1,0
BRDA:1770,755,0,1
BRDA:1770,756,0,13
BRDA:1770,756,1,13
BRDA:1770,756,2,13
BRDA:1771,757,0,1
BRDA:1771,757,1,1
BRDA:1776,758,0,2
BRDA:1776,759,0,27
BRDA:1776,759,1,15
BRDA:1776,759,2,2
BRDA:1780,760,0,4
BRDA:1780,760,1,0
BRDA:1783,761,0,1
BRDA:1783,762,0,2
BRDA:1783,762,1,1
BRDA:1783,763,0,1
BRDA:1783,763,1,1
BRDA:1786,764,0,1
BRDA:1786,765,0,27
BRDA:1786,765,1,27
BRDA:1786,765,2,1
BRDA:1786,765,3,1
BRDA:1787,766,0,1
BRDA:1787,766,1,1
BRDA:1790,767,0,27
BRDA:1790,767,1,27
BRDA:1791,768,0,26
BRDA:1791,768,1,1
BRDA:1791,769,0,1
BRDA:1791,769,1,0
BRDA:1792,770,0,13
BRDA:1792,770,1,14
BRDA:1793,771,0,18
BRDA:1793,771,1,9
BRDA:1793,772,0,9
BRDA:1793,772,1,0
BRDA:1797,773,0,13
BRDA:1797,774,0,207
BRDA:1797,774,1,27
BRDA:1797,774,2,14
BRDA:1810,775,0,207
BRDA:1810,775,1,19
BRDA:1812,776,0,207
BRDA:1812,776,1,174
BRDA:1814,777,0,207
BRDA:1814,777,1,0
BRDA:1830,778,0,207
BRDA:1830,778,1,21
BRDA:1834,779,0,16
BRDA:1835,780,0,16
BRDA:1835,780,1,0
BRDA:1836,781,0,16
BRDA:1836,781,1,16
BRDA:1837,782,0,33
BRDA:1837,782,1,0
BRDA:1842,783,0,16
BRDA:1842,783,1,0
BRDA:1843,784,0,13
BRDA:1843,784,1,3
BRDA:1846,785,0,0
BRDA:1849,786,0,16
BRDA:1849,786,1,16
BRDA:1849,786,2,16
BRDA:1849,786,3,15
BRDA:1849,786,4,15
BRDA:1850,787,0,15
BRDA:1850,787,1,1
BRDA:1852,788,0,1
BRDA:1852,788,1,0
BRDA:1853,789,0,1
BRDA:1853,789,1,0
BRDA:1854,790,0,1
BRDA:1854,790,1,1
BRDA:1855,791,0,1
BRDA:1855,791,1,0
BRDA:1856,792,0,1
BRDA:1856,792,1,0
BRDA:1859,793,0,16
BRDA:1859,793,1,191
BRDA:1872,794,0,207
BRDA:1872,794,1,21
BRDA:1873,795,0,207
BRDA:1873,795,1,183
BRDA:1874,796,0,183
BRDA:1875,797,0,24
BRDA:1875,797,1,24
BRDA:1875,797,2,24
BRDA:1877,798,0,24
BRDA:1877,798,1,0
BRDA:1877,799,0,24
BRDA:1877,799,1,24
BRDA:1879,800,0,3
BRDA:1879,801,0,24
BRDA:1879,801,1,3
BRDA:1879,801,2,3
BRDA:1884,802,0,24
BRDA:1884,802,1,24
BRDA:1891,803,0,24
BRDA:1891,803,1,10
BRDA:1894,804,0,24
BRDA:1894,804,1,15
BRDA:1895,805,0,24
BRDA:1895,805,1,1
BRDA:1896,806,0,24
BRDA:1896,806,1,0
BRDA:1897,807,0,24
BRDA:1897,807,1,0
BRDA:1898,808,0,24
BRDA:1898,808,1,14
BRDA:1899,809,0,24
BRDA:1899,809,1,0
BRDA:1900,810,0,24
BRDA:1900,810,1,24
BRDA:1902,811,0,24
BRDA:1902,811,1,15
BRDA:1902,811,2,14
BRDA:1903,812,0,24
BRDA:1903,812,1,14
BRDA:1903,812,2,14
BRDA:1909,813,0,24
BRDA:1909,813,1,24
BRDA:1909,813,2,24
BRDA:1911,814,0,24
BRDA:1911,814,1,24
BRDA:1913,815,0,24
BRDA:1913,815,1,24
BRDA:1914,816,0,24
BRDA:1914,816,1,0
BRDA:1916,817,0,24
BRDA:1916,817,1,24
BRDA:1916,817,2,24
BRDA:1916,817,3,23
BRDA:1916,817,4,22
BRDA:1916,817,5,21
BRDA:1916,817,6,20
BRDA:1916,817,7,20
BRDA:1916,817,8,20
BRDA:1916,817,9,19
BRDA:1916,817,10,18
BRDA:1916,817,11,17
BRDA:1916,817,12,16
BRDA:1916,817,13,15
BRDA:1916,817,14,15
BRDA:1916,817,15,15
BRDA:1917,818,0,14
BRDA:1917,818,1,10
BRDA:1919,819,0,14
BRDA:1919,819,1,0
BRDA:1920,820,0,14
BRDA:1920,820,1,0
BRDA:1921,821,0,13
BRDA:1921,821,1,1
BRDA:1921,822,0,13
BRDA:1921,822,1,0
BRDA:1922,823,0,13
BRDA:1922,823,1,1
BRDA:1923,824,0,13
BRDA:1923,824,1,1
BRDA:1924,825,0,0
BRDA:1924,825,1,14
BRDA:1924,826,0,0
BRDA:1924,826,1,0
BRDA:1925,827,0,13
BRDA:1925,827,1,1
BRDA:1926,828,0,13
BRDA:1926,828,1,1
BRDA:1927,829,0,14
BRDA:1927,829,1,0
BRDA:1929,830,0,10
BRDA:1929,830,1,14
BRDA:1930,831,0,10
BRDA:1930,831,1,0
BRDA:1931,832,0,10
BRDA:1931,832,1,0
BRDA:1932,833,0,10
BRDA:1932,833,1,1
BRDA:1933,834,0,10
BRDA:1933,834,1,1
BRDA:1934,835,0,10
BRDA:1934,835,1,1
BRDA:1935,836,0,10
BRDA:1935,836,1,1
BRDA:1936,837,0,10
BRDA:1936,837,1,0
BRDA:1937,838,0,10
BRDA:1937,838,1,1
BRDA:1938,839,0,10
BRDA:1938,839,1,1
BRDA:1939,840,0,10
BRDA:1939,840,1,1
BRDA:1940,841,0,10
BRDA:1940,841,1,1
BRDA:1941,842,0,10
BRDA:1941,842,1,1
BRDA:1942,843,0,10
BRDA:1942,843,1,1
BRDA:1943,844,0,10
BRDA:1943,844,1,1
BRDA:1944,845,0,10
BRDA:1944,845,1,1
BRDA:1945,846,0,10
BRDA:1945,846,1,1
BRDA:1948,847,0,1
BRDA:1949,848,0,1
BRDA:1949,849,0,24
BRDA:1949,849,1,23
BRDA:1950,850,0,1
BRDA:1950,851,0,24
BRDA:1950,851,1,23
BRDA:1950,851,2,23
BRDA:1951,852,0,14
BRDA:1951,852,1,10
BRDA:1964,853,0,207
BRDA:1964,853,1,21
BRDA:1965,854,0,207
BRDA:1965,854,1,206
BRDA:1966,855,0,190
BRDA:1967,856,0,17
BRDA:1967,856,1,16
BRDA:1967,856,2,16
BRDA:1968,857,0,17
BRDA:1968,857,1,16
BRDA:1969,858,0,17
BRDA:1969,858,1,16
BRDA:1970,859,0,17
BRDA:1970,859,1,1
BRDA:1970,859,2,1
BRDA:1971,860,0,17
BRDA:1971,860,1,1
BRDA:1971,860,2,1
BRDA:1972,861,0,17
BRDA:1972,861,1,1
BRDA:1972,861,2,1
BRDA:1973,862,0,1
BRDA:1973,862,1,16
BRDA:1973,863,0,1
BRDA:1973,863,1,0
BRDA:1973,864,0,16
BRDA:1973,864,1,16
BRDA:1973,865,0,16
BRDA:1973,865,1,16
BRDA:1973,866,0,16
BRDA:1973,866,1,16
BRDA:1990,867,0,207
BRDA:1990,867,1,21
BRDA:1992,868,0,186
BRDA:1993,869,0,21
BRDA:1993,869,1,18
BRDA:1994,870,0,21
BRDA:1994,870,1,20
BRDA:1995,871,0,20
BRDA:1995,871,1,1
BRDA:1996,872,0,20
BRDA:1996,872,1,1
BRDA:2001,873,0,21
BRDA:2001,873,1,2
BRDA:2001,873,2,1
BRDA:2001,873,3,1
BRDA:2001,873,4,1
BRDA:2002,874,0,1
BRDA:2002,874,1,20
BRDA:2014,875,0,207
BRDA:2014,875,1,21
BRDA:2016,876,0,194
BRDA:2016,877,0,207
BRDA:2016,877,1,13
BRDA:2016,877,2,13
BRDA:2016,877,3,13
BRDA:2016,877,4,13
BRDA:2019,878,0,13
BRDA:2019,878,1,13
BRDA:2019,878,2,13
BRDA:2020,879,0,13
BRDA:2020,879,1,0
BRDA:2036,880,0,207
BRDA:2036,880,1,21
BRDA:2038,881,0,184
BRDA:2040,882,0,23
BRDA:2040,882,1,0
BRDA:2041,883,0,23
BRDA:2041,883,1,0
BRDA:2042,884,0,23
BRDA:2042,884,1,23
BRDA:2042,885,0,23
BRDA:2042,885,1,0
BRDA:2043,886,0,2
BRDA:2045,887,0,0
BRDA:2047,888,0,1
BRDA:2049,889,0,13
BRDA:2049,889,1,10
BRDA:2050,890,0,2
BRDA:2052,891,0,1
BRDA:2052,891,1,22
BRDA:2053,892,0,1
BRDA:2053,892,1,22
BRDA:2054,893,0,1
BRDA:2056,894,0,1
BRDA:2058,895,0,1
BRDA:2058,895,1,22
BRDA:2059,896,0,1
BRDA:2062,897,0,15
BRDA:2062,897,1,8
BRDA:2065,898,0,0
BRDA:2068,899,0,2
BRDA:2069,900,0,1
BRDA:2070,901,0,1
BRDA:2072,902,0,15
BRDA:2072,902,1,8
BRDA:2072,903,0,15
BRDA:2072,903,1,8
BRDA:2073,904,0,15
BRDA:2073,904,1,8
BRDA:2086,905,0,207
BRDA:2086,905,1,21
BRDA:2087,906,0,207
BRDA:2087,906,1,74
BRDA:2087,906,2,133
BRDA:2088,907,0,207
BRDA:2088,907,1,157
BRDA:2091,908,0,207
BRDA:2091,908,1,184
BRDA:2091,908,2,178
BRDA:2092,909,0,207
BRDA:2092,909,1,184
BRDA:2095,910,0,5
BRDA:2095,911,0,207
BRDA:2095,911,1,5
BRDA:2098,912,0,10
BRDA:2098,912,1,6
BRDA:2101,913,0,2
BRDA:2109,914,0,5
BRDA:2110,915,0,5
BRDA:2110,915,1,0
BRDA:2110,916,0,10
BRDA:2110,916,1,10
BRDA:2111,917,0,5
BRDA:2111,917,1,0
BRDA:2118,918,0,207
BRDA:2118,918,1,184
BRDA:2118,918,2,182
BRDA:2118,918,3,181
BRDA:2118,918,4,180
BRDA:2121,919,0,1
BRDA:2121,920,0,207
BRDA:2121,920,1,2
BRDA:2124,921,0,1
BRDA:2127,922,0,179
BRDA:2128,923,0,8
BRDA:2128,923,1,171
BRDA:2129,924,0,3
BRDA:2129,924,1,5
BRDA:2130,925,0,3
BRDA:2131,926,0,3
BRDA:2131,926,1,0
BRDA:2131,927,0,6
BRDA:2131,927,1,6
BRDA:2132,928,0,1
BRDA:2133,929,0,1
BRDA:2134,930,0,2
BRDA:2134,930,1,3
BRDA:2135,931,0,2
BRDA:2144,932,0,15
BRDA:2145,933,0,0
BRDA:2146,934,0,14
BRDA:2147,935,0,0
BRDA:2148,936,0,14
BRDA:2151,937,0,1
BRDA:2151,938,0,207
BRDA:2151,938,1,3
BRDA:2154,939,0,28
BRDA:2154,939,1,179
BRDA:2156,940,0,28
BRDA:2156,940,1,179
BRDA:2157,941,0,23
BRDA:2157,941,1,5
BRDA:2158,942,0,2
BRDA:2158,942,1,3
BRDA:2159,943,0,1
BRDA:2159,943,1,2
BRDA:2160,944,0,1
BRDA:2160,944,1,1
BRDA:2161,945,0,1
BRDA:2161,945,1,0
BRDA:2162,946,0,2
BRDA:2162,946,1,26
BRDA:2162,947,0,0
BRDA:2162,947,1,2
BRDA:2163,948,0,28
BRDA:2163,948,1,1
BRDA:2163,949,0,28
BRDA:2163,949,1,1
BRDA:2163,950,0,28
BRDA:2163,950,1,1
BRDA:2164,951,0,3
BRDA:2164,951,1,25
BRDA:2166,952,0,179
BRDA:2166,952,1,0
BRDA:2167,953,0,8
BRDA:2167,953,1,171
BRDA:2168,954,0,8
BRDA:2168,954,1,0
BRDA:2187,955,0,207
BRDA:2187,955,1,19
BRDA:2189,956,0,190
BRDA:2191,957,0,17
BRDA:2191,957,1,0
BRDA:2191,958,0,17
BRDA:2191,958,1,16
BRDA:2191,958,2,16
BRDA:2191,959,0,17
BRDA:2191,959,1,0
BRDA:2191,960,0,16
BRDA:2191,960,1,0
BRDA:2191,961,0,16
BRDA:2191,961,1,0
BRDA:2191,962,0,16
BRDA:2191,962,1,0
BRDA:2192,963,0,17
BRDA:2192,963,1,16
BRDA:2193,964,0,15
BRDA:2193,964,1,2
BRDA:2194,965,0,2
BRDA:2194,965,1,1
BRDA:2195,966,0,2
BRDA:2195,966,1,1
BRDA:2210,967,0,207
BRDA:2210,967,1,19
BRDA:2213,968,0,194
BRDA:2214,969,0,13
BRDA:2214,969,1,13
BRDA:2214,969,2,13
BRDA:2214,969,3,13
BRDA:2214,969,4,13
BRDA:2215,970,0,13
BRDA:2215,970,1,13
BRDA:2215,971,0,13
BRDA:2215,971,1,13
BRDA:2217,972,0,13
BRDA:2217,972,1,0
BRDA:2219,973,0,13
BRDA:2219,973,1,0
BRDA:2220,974,0,13
BRDA:2220,974,1,13
BRDA:2220,974,2,0
BRDA:2220,974,3,0
BRDA:2220,974,4,0
BRDA:2220,974,5,0
BRDA:2222,975,0,0
BRDA:2222,976,0,13
BRDA:2222,976,1,0
BRDA:2224,977,0,0
BRDA:2224,977,1,0
BRDA:2224,977,2,0
BRDA:2224,977,3,0
BRDA:2224,978,0,0
BRDA:2224,978,1,0
BRDA:2224,979,0,0
BRDA:2224,979,1,0
BRDA:2224,980,0,0
BRDA:2224,980,1,0
BRDA:2225,981,0,0
BRDA:2229,982,0,0
BRDA:2229,982,1,13
BRDA:2229,983,0,0
BRDA:2229,983,1,0
BRDA:2230,984,0,13
BRDA:2230,984,1,0
BRDA:2231,985,0,13
BRDA:2231,985,1,13
BRDA:2232,986,0,13
BRDA:2232,986,1,0
BRDA:2233,987,0,13
BRDA:2233,987,1,0
BRDA:2234,988,0,13
BRDA:2234,988,1,0
BRDA:2235,989,0,13
BRDA:2235,989,1,0
BRDA:2250,990,0,207
BRDA:2250,990,1,19
BRDA:2252,991,0,190
BRDA:2255,992,0,17
BRDA:2255,992,1,0
BRDA:2256,993,0,17
BRDA:2256,993,1,0
BRDA:2257,994,0,1
BRDA:2257,995,0,17
BRDA:2257,995,1,16
BRDA:2260,996,0,1
BRDA:2263,997,0,1
BRDA:2265,998,0,14
BRDA:2265,998,1,3
BRDA:2278,999,0,207
BRDA:2278,999,1,21
BRDA:2287,1000,0,199
BRDA:2292,1001,0,0
BRDA:2293,1002,0,8
BRDA:2293,1002,1,3
BRDA:2293,1002,2,3
BRDA:2293,1002,3,3
BRDA:2294,1003,0,3
BRDA:2294,1004,0,8
BRDA:2294,1004,1,8
BRDA:2296,1005,0,8
BRDA:2296,1005,1,6
BRDA:2297,1006,0,2
BRDA:2297,1007,0,8
BRDA:2297,1007,1,7
BRDA:2299,1008,0,0
BRDA:2300,1009,0,8
BRDA:2300,1009,1,2
BRDA:2304,1010,0,0
BRDA:2304,1011,0,8
BRDA:2304,1011,1,3
BRDA:2305,1012,0,0
BRDA:2306,1013,0,0
BRDA:2307,1014,0,0
BRDA:2310,1015,0,3
BRDA:2310,1015,1,2
BRDA:2310,1016,0,0
BRDA:2310,1016,1,2
BRDA:2310,1017,0,2
BRDA:2310,1017,1,0
BRDA:2310,1018,0,0
BRDA:2310,1018,1,0
BRDA:2311,1019,0,3
BRDA:2311,1019,1,5
BRDA:2313,1020,0,3
BRDA:2313,1020,1,5
BRDA:2313,1021,0,8
BRDA:2313,1021,1,3
BRDA:2313,1021,2,3
BRDA:2313,1021,3,3
BRDA:2313,1021,4,0
BRDA:2326,1022,0,207
BRDA:2326,1022,1,21
BRDA:2328,1023,0,192
BRDA:2330,1024,0,15
BRDA:2330,1024,1,0
BRDA:2331,1025,0,1
BRDA:2333,1026,0,3
BRDA:2334,1027,0,1
BRDA:2335,1028,0,1
BRDA:2336,1029,0,0
BRDA:2338,1030,0,1
BRDA:2338,1031,0,15
BRDA:2338,1031,1,1
BRDA:2338,1031,2,1
BRDA:2342,1032,0,0
BRDA:2342,1033,0,3
BRDA:2342,1033,1,3
BRDA:2343,1034,0,3
BRDA:2343,1034,1,2
BRDA:2347,1035,0,1
BRDA:2353,1036,0,15
BRDA:2353,1036,1,0
BRDA:2353,1037,0,15
BRDA:2353,1037,1,15
BRDA:2355,1038,0,0
BRDA:2355,1038,1,15
BRDA:2355,1039,0,15
BRDA:2355,1039,1,0
BRDA:2358,1040,0,15
BRDA:2361,1041,0,1
BRDA:2366,1042,0,15
BRDA:2366,1042,1,0
BRDA:2366,1043,0,15
BRDA:2366,1043,1,15
BRDA:2367,1044,0,32
BRDA:2367,1044,1,32
BRDA:2368,1045,0,0
BRDA:2370,1046,0,15
BRDA:2372,1047,0,1
BRDA:2372,1048,0,15
BRDA:2372,1048,1,14
BRDA:2376,1049,0,1
BRDA:2377,1050,0,0
BRDA:2379,1051,0,1
BRDA:2380,1052,0,0
BRDA:2382,1053,0,2
BRDA:2383,1054,0,0
BRDA:2385,1055,0,1
BRDA:2385,1056,0,15
BRDA:2385,1056,1,14
BRDA:2385,1056,2,1
BRDA:2387,1057,0,1
BRDA:2387,1058,0,15
BRDA:2387,1058,1,2
BRDA:2389,1059,0,3
BRDA:2389,1060,0,15
BRDA:2389,1060,1,3
BRDA:2390,1061,0,3
BRDA:2392,1062,0,1
BRDA:2395,1063,0,1
BRDA:2398,1064,0,1
BRDA:2399,1065,0,0
BRDA:2401,1066,0,1
BRDA:2401,1066,1,14
BRDA:2415,1067,0,54
BRDA:2418,1068,0,54
BRDA:2421,1069,0,162
BRF:2000
BRH:1672
end_of_record
TN:
SF:src\constants.ts
FN:14,parseOverridePQDate
FN:19,(anonymous_1)
FN:39,parseSpecVersion
FN:40,(anonymous_3)
FN:43,isVersionLE
FN:54,(anonymous_5)
FN:67,sanitizeName
FNF:7
FNH:7
FNDA:144,parseOverridePQDate
FNDA:6,(anonymous_1)
FNDA:18404,parseSpecVersion
FNDA:36808,(anonymous_3)
FNDA:9202,isVersionLE
FNDA:23,(anonymous_5)
FNDA:33,sanitizeName
DA:4,23
DA:5,23
DA:11,23
DA:12,23
DA:14,23
DA:15,144
DA:17,4
DA:18,4
DA:19,6
DA:20,2
DA:22,2
DA:23,2
DA:24,1
DA:26,1
DA:29,23
DA:30,23
DA:32,23
DA:36,23
DA:39,23
DA:40,36808
DA:43,23
DA:44,9202
DA:45,9202
DA:46,18404
DA:47,18404
DA:49,7062
DA:53,23
DA:54,23
DA:55,23
DA:56,23
DA:57,23
DA:58,23
DA:66,23
DA:67,23
DA:68,33
DA:70,32
DA:73,32
DA:75,32
DA:77,32
DA:78,32
DA:79,32
DA:80,1
DA:82,32
DA:86,23
DA:87,23
DA:88,23
DA:89,23
DA:90,23
DA:91,23
DA:92,23
LF:50
LH:50
BRDA:15,0,0,140
BRDA:18,1,0,2
BRDA:20,2,0,2
BRDA:20,3,0,2
BRDA:20,3,1,2
BRDA:20,3,2,2
BRDA:23,4,0,1
BRDA:40,5,0,36808
BRDA:40,5,1,2140
BRDA:46,6,0,18404
BRDA:46,6,1,2140
BRDA:46,7,0,18404
BRDA:46,7,1,0
BRDA:47,8,0,2140
BRDA:47,9,0,0
BRDA:56,10,0,0
BRDA:56,10,1,23
BRDA:57,11,0,0
BRDA:57,12,0,23
BRDA:57,12,1,0
BRDA:68,13,0,1
BRDA:78,14,0,0
BRDA:79,15,0,1
BRF:23
BRH:17
end_of_record
TN:
SF:src\format.ts
FN:7,missingList
FNF:1
FNH:1
FNDA:897,missingList
DA:7,18
DA:8,897
LF:2
LH:2
BRF:0
BRH:0
end_of_record
TN:
SF:src\governance-parser.ts
FN:21,parseQuorumCertificates
FN:29,(anonymous_10)
FN:39,deriveGovernanceMetrics
FN:40,(anonymous_12)
FN:47,(anonymous_13)
FN:48,(anonymous_14)
FN:52,validateQuorumCertificates
FN:73,(anonymous_16)
FN:108,evaluateHistoricalDiversity
FN:115,(anonymous_18)
FN:124,evaluateHistoricalDiversityAdvanced
FN:152,(anonymous_20)
FN:153,(anonymous_21)
FNF:13
FNH:13
FNDA:6,parseQuorumCertificates
FNDA:15,(anonymous_10)
FNDA:2,deriveGovernanceMetrics
FNDA:10,(anonymous_12)
FNDA:10,(anonymous_13)
FNDA:10,(anonymous_14)
FNDA:6,validateQuorumCertificates
FNDA:13,(anonymous_16)
FNDA:1,evaluateHistoricalDiversity
FNDA:336,(anonymous_18)
FNDA:1,evaluateHistoricalDiversityAdvanced
FNDA:168,(anonymous_20)
FNDA:168,(anonymous_21)
DA:1,3
DA:21,3
DA:22,6
DA:23,6
DA:24,12
DA:25,12
DA:26,12
DA:27,12
DA:28,12
DA:29,15
DA:30,12
DA:31,12
DA:32,12
DA:36,6
DA:39,3
DA:40,10
DA:41,2
DA:42,2
DA:43,2
DA:44,10
DA:45,10
DA:47,10
DA:48,10
DA:49,2
DA:52,3
DA:53,6
DA:54,6
DA:55,6
DA:57,6
DA:58,6
DA:59,12
DA:60,12
DA:61,12
DA:62,12
DA:63,10
DA:64,9
DA:67,5
DA:68,5
DA:71,5
DA:72,5
DA:73,13
DA:74,10
DA:75,10
DA:76,0
DA:77,0
DA:79,10
DA:80,8
DA:81,8
DA:82,8
DA:83,7
DA:84,7
DA:85,7
DA:86,7
DA:87,7
DA:89,7
DA:90,1
DA:91,1
DA:92,1
DA:93,1
DA:94,1
DA:97,7
DA:99,0
DA:100,0
DA:105,3
DA:108,3
DA:109,1
DA:110,1
DA:111,1
DA:112,1
DA:113,168
DA:114,168
DA:115,336
DA:116,168
DA:117,168
DA:119,1
DA:120,1
DA:121,1
DA:124,3
DA:125,1
DA:126,1
DA:127,1
DA:130,1
DA:131,168
DA:132,168
DA:133,168
DA:134,168
DA:135,501
DA:136,501
DA:137,501
DA:139,168
DA:141,168
DA:142,167
DA:143,167
DA:144,501
DA:145,501
DA:146,501
DA:149,168
DA:151,1
DA:152,168
DA:153,168
DA:154,1
DA:156,1
DA:157,1
LF:103
LH:99
BRDA:26,0,0,12
BRDA:26,1,0,12
BRDA:26,1,1,12
BRDA:27,2,0,12
BRDA:27,2,1,0
BRDA:27,2,2,0
BRDA:28,3,0,12
BRDA:28,3,1,0
BRDA:28,3,2,0
BRDA:29,4,0,12
BRDA:29,4,1,0
BRDA:29,5,0,15
BRDA:29,5,1,5
BRDA:29,5,2,0
BRDA:29,6,0,15
BRDA:29,6,1,5
BRDA:29,6,2,0
BRDA:29,7,0,15
BRDA:29,7,1,8
BRDA:29,7,2,8
BRDA:30,8,0,12
BRDA:30,8,1,12
BRDA:30,8,2,12
BRDA:31,9,0,12
BRDA:31,9,1,2
BRDA:31,9,2,2
BRDA:40,10,0,2
BRDA:40,10,1,0
BRDA:44,11,0,10
BRDA:44,12,0,10
BRDA:44,12,1,10
BRDA:45,13,0,10
BRDA:45,14,0,10
BRDA:45,14,1,10
BRDA:52,15,0,0
BRDA:54,16,0,0
BRDA:59,17,0,0
BRDA:61,18,0,0
BRDA:61,19,0,12
BRDA:61,19,1,8
BRDA:62,20,0,10
BRDA:63,21,0,1
BRDA:63,22,0,10
BRDA:63,22,1,5
BRDA:67,23,0,5
BRDA:67,23,1,5
BRDA:74,24,0,0
BRDA:74,24,1,10
BRDA:75,25,0,0
BRDA:79,26,0,8
BRDA:82,27,0,1
BRDA:82,28,0,8
BRDA:82,28,1,8
BRDA:83,29,0,7
BRDA:83,29,1,0
BRDA:89,30,0,1
BRDA:97,31,0,1
BRDA:108,32,0,1
BRDA:109,33,0,0
BRDA:109,34,0,1
BRDA:109,34,1,1
BRDA:113,35,0,168
BRDA:113,35,1,0
BRDA:114,36,0,0
BRDA:117,37,0,168
BRDA:117,37,1,0
BRDA:117,38,0,168
BRDA:117,38,1,0
BRDA:120,39,0,1
BRDA:120,39,1,1
BRDA:124,40,0,1
BRDA:124,41,0,1
BRDA:125,42,0,0
BRDA:125,43,0,1
BRDA:125,43,1,1
BRDA:135,44,0,501
BRDA:135,44,1,0
BRDA:136,45,0,0
BRDA:141,46,0,167
BRDA:142,47,0,167
BRDA:142,47,1,0
BRDA:144,48,0,501
BRDA:144,48,1,0
BRDA:145,49,0,501
BRDA:145,49,1,0
BRDA:145,50,0,501
BRDA:145,50,1,0
BRDA:149,51,0,168
BRDA:149,51,1,0
BRDA:156,52,0,1
BRDA:156,52,1,1
BRDA:156,52,2,1
BRF:92
BRH:64
end_of_record
TN:
SF:src\heuristics.ts
FN:9,(anonymous_0)
FN:12,(anonymous_1)
FN:14,detectCrypto
FN:32,detectNetwork
FN:39,(anonymous_4)
FN:50,detectSCION
FN:57,(anonymous_6)
FN:61,detectDHT
FN:80,detectLedger
FN:88,detectPayment
FN:103,detectBuildProvenance
FN:112,evaluatePrivacyTokens
FN:117,(anonymous_12)
FN:117,(anonymous_13)
FNF:14
FNH:14
FNDA:872,(anonymous_0)
FNDA:25,(anonymous_1)
FNDA:104,detectCrypto
FNDA:40,detectNetwork
FNDA:160,(anonymous_4)
FNDA:37,detectSCION
FNDA:26,(anonymous_6)
FNDA:38,detectDHT
FNDA:37,detectLedger
FNDA:38,detectPayment
FNDA:37,detectBuildProvenance
FNDA:210,evaluatePrivacyTokens
FNDA:630,(anonymous_12)
FNDA:2730,(anonymous_13)
DA:9,872
DA:12,25
DA:14,22
DA:15,104
DA:16,104
DA:18,104
DA:21,104
DA:32,22
DA:33,40
DA:34,40
DA:35,40
DA:37,40
DA:38,40
DA:39,160
DA:40,40
DA:41,40
DA:42,40
DA:44,40
DA:46,40
DA:47,40
DA:50,22
DA:51,37
DA:52,37
DA:53,37
DA:54,37
DA:56,37
DA:57,37
DA:58,37
DA:61,22
DA:62,38
DA:63,38
DA:64,38
DA:65,38
DA:66,38
DA:68,38
DA:69,93
DA:70,93
DA:71,55
DA:72,55
DA:74,38
DA:75,38
DA:76,38
DA:77,38
DA:80,22
DA:81,37
DA:82,37
DA:83,37
DA:84,37
DA:85,37
DA:88,22
DA:89,38
DA:90,38
DA:92,38
DA:93,38
DA:95,38
DA:96,38
DA:97,38
DA:99,38
DA:100,38
DA:103,22
DA:104,37
DA:105,37
DA:106,37
DA:107,37
DA:108,37
DA:112,22
DA:113,210
DA:114,210
DA:115,210
DA:116,210
DA:117,2730
DA:118,210
DA:119,210
DA:120,210
DA:121,210
DA:123,210
DA:124,210
LF:77
LH:77
BRDA:18,0,0,104
BRDA:18,0,1,100
BRDA:22,1,0,104
BRDA:22,1,1,59
BRDA:23,2,0,104
BRDA:23,2,1,59
BRDA:24,3,0,104
BRDA:24,3,1,104
BRDA:25,4,0,104
BRDA:25,4,1,101
BRDA:26,5,0,104
BRDA:26,5,1,4
BRDA:28,6,0,104
BRDA:28,6,1,104
BRDA:37,7,0,40
BRDA:37,7,1,27
BRDA:37,7,2,27
BRDA:39,8,0,14
BRDA:39,8,1,146
BRDA:41,9,0,40
BRDA:41,9,1,25
BRDA:42,10,0,40
BRDA:42,10,1,39
BRDA:46,11,0,40
BRDA:46,11,1,39
BRDA:53,12,0,37
BRDA:53,12,1,13
BRDA:56,13,0,37
BRDA:56,13,1,24
BRDA:63,14,0,38
BRDA:63,14,1,24
BRDA:64,15,0,38
BRDA:64,15,1,14
BRDA:70,16,0,38
BRDA:72,17,0,55
BRDA:75,18,0,38
BRDA:75,18,1,38
BRDA:75,18,2,38
BRDA:96,19,0,38
BRDA:96,19,1,38
BRDA:97,20,0,38
BRDA:97,20,1,38
BRDA:105,21,0,37
BRDA:105,21,1,23
BRDA:117,22,0,163
BRDA:117,22,1,2567
BRDA:123,23,0,210
BRDA:123,23,1,15
BRDA:123,23,2,15
BRDA:123,23,3,195
BRDA:123,23,4,3
BRDA:123,23,5,2
BRF:52
BRH:52
end_of_record
TN:
SF:src\index.ts
FN:17,(anonymous_9)
FN:23,(anonymous_10)
FN:27,(anonymous_11)
FN:36,(anonymous_12)
FN:68,(anonymous_13)
FN:72,(anonymous_14)
FN:94,(anonymous_15)
FN:98,(anonymous_16)
FN:265,(anonymous_17)
FN:266,(anonymous_18)
FN:266,(anonymous_19)
FN:308,(anonymous_20)
FN:318,(anonymous_21)
FN:392,(anonymous_22)
FN:394,(anonymous_23)
FN:399,(anonymous_24)
FN:400,(anonymous_25)
FN:405,(anonymous_26)
FN:408,(anonymous_27)
FN:490,(anonymous_28)
FN:491,(anonymous_29)
FN:492,(anonymous_30)
FN:493,(anonymous_31)
FN:496,(anonymous_32)
FN:503,(anonymous_33)
FN:509,(anonymous_34)
FN:510,(anonymous_35)
FN:526,(anonymous_36)
FN:532,(anonymous_37)
FN:532,(anonymous_38)
FN:552,(anonymous_39)
FN:559,(anonymous_40)
FN:561,(anonymous_41)
FN:564,(anonymous_42)
FN:567,(anonymous_43)
FN:571,(anonymous_44)
FN:572,(anonymous_45)
FN:573,(anonymous_46)
FN:574,(anonymous_47)
FN:579,(anonymous_48)
FN:593,(anonymous_49)
FN:594,(anonymous_50)
FN:597,(anonymous_51)
FN:599,(anonymous_52)
FN:601,(anonymous_53)
FN:602,(anonymous_54)
FN:608,(anonymous_55)
FN:610,(anonymous_56)
FN:610,(anonymous_57)
FN:611,(anonymous_58)
FN:617,(anonymous_59)
FN:630,(anonymous_60)
FN:633,(anonymous_61)
FN:637,(anonymous_62)
FN:644,(anonymous_63)
FN:645,(anonymous_64)
FN:653,(anonymous_65)
FN:663,(anonymous_66)
FN:664,(anonymous_67)
FN:664,(anonymous_68)
FN:664,(anonymous_69)
FN:669,(anonymous_70)
FN:669,(anonymous_71)
FN:669,(anonymous_72)
FN:669,(anonymous_73)
FN:672,(anonymous_74)
FN:674,(anonymous_75)
FN:674,(anonymous_76)
FN:676,(anonymous_77)
FN:681,(anonymous_78)
FN:681,(anonymous_79)
FN:681,(anonymous_80)
FN:682,(anonymous_81)
FN:684,(anonymous_82)
FN:685,(anonymous_83)
FN:686,(anonymous_84)
FN:687,(anonymous_85)
FN:694,(anonymous_86)
FN:702,(anonymous_87)
FN:724,(anonymous_88)
FN:727,(anonymous_89)
FN:730,(anonymous_90)
FN:738,(anonymous_91)
FN:756,(anonymous_92)
FN:772,(anonymous_93)
FN:783,(anonymous_94)
FN:799,(anonymous_95)
FN:809,(anonymous_96)
FN:827,(anonymous_97)
FN:834,(anonymous_98)
FN:845,(anonymous_99)
FN:857,(anonymous_100)
FN:861,(anonymous_101)
FN:887,(anonymous_102)
FN:900,(anonymous_103)
FN:906,(anonymous_104)
FN:932,(anonymous_105)
FN:960,(anonymous_106)
FNF:98
FNH:86
FNDA:272,(anonymous_9)
FNDA:259,(anonymous_10)
FNDA:215,(anonymous_11)
FNDA:215,(anonymous_12)
FNDA:3,(anonymous_13)
FNDA:1,(anonymous_14)
FNDA:7,(anonymous_15)
FNDA:3,(anonymous_16)
FNDA:4,(anonymous_17)
FNDA:4,(anonymous_18)
FNDA:5,(anonymous_19)
FNDA:2,(anonymous_20)
FNDA:6,(anonymous_21)
FNDA:1,(anonymous_22)
FNDA:1,(anonymous_23)
FNDA:2,(anonymous_24)
FNDA:2,(anonymous_25)
FNDA:0,(anonymous_26)
FNDA:4,(anonymous_27)
FNDA:214,(anonymous_28)
FNDA:9202,(anonymous_29)
FNDA:301,(anonymous_30)
FNDA:43,(anonymous_31)
FNDA:214,(anonymous_32)
FNDA:8396,(anonymous_33)
FNDA:3158,(anonymous_34)
FNDA:3158,(anonymous_35)
FNDA:8907,(anonymous_36)
FNDA:0,(anonymous_37)
FNDA:0,(anonymous_38)
FNDA:17700,(anonymous_39)
FNDA:8793,(anonymous_40)
FNDA:25808,(anonymous_41)
FNDA:214,(anonymous_42)
FNDA:8907,(anonymous_43)
FNDA:8867,(anonymous_44)
FNDA:8867,(anonymous_45)
FNDA:7310,(anonymous_46)
FNDA:8867,(anonymous_47)
FNDA:175,(anonymous_48)
FNDA:214,(anonymous_49)
FNDA:9202,(anonymous_50)
FNDA:214,(anonymous_51)
FNDA:2782,(anonymous_52)
FNDA:5350,(anonymous_53)
FNDA:84613,(anonymous_54)
FNDA:2782,(anonymous_55)
FNDA:5350,(anonymous_56)
FNDA:84613,(anonymous_57)
FNDA:5176,(anonymous_58)
FNDA:1669,(anonymous_59)
FNDA:2879,(anonymous_60)
FNDA:102,(anonymous_61)
FNDA:102,(anonymous_62)
FNDA:23,(anonymous_63)
FNDA:46,(anonymous_64)
FNDA:16,(anonymous_65)
FNDA:15,(anonymous_66)
FNDA:300,(anonymous_67)
FNDA:420,(anonymous_68)
FNDA:390,(anonymous_69)
FNDA:207,(anonymous_70)
FNDA:828,(anonymous_71)
FNDA:920,(anonymous_72)
FNDA:4760,(anonymous_73)
FNDA:19,(anonymous_74)
FNDA:323,(anonymous_75)
FNDA:81,(anonymous_76)
FNDA:209,(anonymous_77)
FNDA:102,(anonymous_78)
FNDA:1632,(anonymous_79)
FNDA:1632,(anonymous_80)
FNDA:99,(anonymous_81)
FNDA:1386,(anonymous_82)
FNDA:2871,(anonymous_83)
FNDA:3069,(anonymous_84)
FNDA:792,(anonymous_85)
FNDA:121,(anonymous_86)
FNDA:1089,(anonymous_87)
FNDA:1284,(anonymous_88)
FNDA:209,(anonymous_89)
FNDA:25557,(anonymous_90)
FNDA:0,(anonymous_91)
FNDA:16,(anonymous_92)
FNDA:1,(anonymous_93)
FNDA:15,(anonymous_94)
FNDA:0,(anonymous_95)
FNDA:2,(anonymous_96)
FNDA:0,(anonymous_97)
FNDA:0,(anonymous_98)
FNDA:0,(anonymous_99)
FNDA:2,(anonymous_100)
FNDA:0,(anonymous_101)
FNDA:3,(anonymous_102)
FNDA:0,(anonymous_103)
FNDA:0,(anonymous_104)
FNDA:1,(anonymous_105)
FNDA:0,(anonymous_106)
DA:1,17
DA:3,17
DA:4,17
DA:5,17
DA:6,17
DA:7,17
DA:8,17
DA:9,17
DA:10,17
DA:11,17
DA:14,17
DA:19,272
DA:24,259
DA:29,215
DA:30,214
DA:31,214
DA:32,214
DA:37,215
DA:38,214
DA:39,38
DA:42,214
DA:44,214
DA:46,214
DA:48,214
DA:49,37
DA:50,37
DA:51,37
DA:52,37
DA:55,37
DA:56,3
DA:57,3
DA:58,3
DA:60,3
DA:61,3
DA:62,3
DA:63,3
DA:64,3
DA:65,3
DA:66,3
DA:68,3
DA:69,3
DA:71,3
DA:72,1
DA:74,3
DA:75,0
DA:76,0
DA:80,3
DA:82,3
DA:83,3
DA:84,3
DA:87,34
DA:89,7
DA:90,7
DA:91,7
DA:92,7
DA:93,7
DA:94,7
DA:95,7
DA:97,7
DA:98,3
DA:100,27
DA:102,18
DA:103,17
DA:105,1
DA:112,18
DA:113,320
DA:114,300
DA:118,9
DA:119,16
DA:122,37
DA:124,37
DA:125,37
DA:126,1
DA:127,1
DA:128,1
DA:130,1
DA:131,0
DA:132,0
DA:133,1
DA:134,1
DA:135,1
DA:136,1
DA:137,1
DA:138,1
DA:139,1
DA:140,1
DA:144,37
DA:145,1
DA:146,1
DA:147,1
DA:148,1
DA:151,1
DA:152,0
DA:153,0
DA:154,1
DA:155,1
DA:157,0
DA:160,1
DA:161,1
DA:162,1
DA:163,1
DA:165,1
DA:167,1
DA:168,1
DA:170,0
DA:171,0
DA:173,1
DA:174,0
DA:177,1
DA:178,1
DA:183,1
DA:184,1
DA:185,1
DA:186,1
DA:187,1
DA:188,1
DA:189,1
DA:190,0
DA:191,0
DA:193,1
DA:194,0
DA:195,1
DA:197,1
DA:205,1
DA:206,1
DA:207,1
DA:208,1
DA:209,1
DA:210,1
DA:211,1
DA:212,1
DA:213,1
DA:215,0
DA:216,0
DA:217,0
DA:218,0
DA:219,0
DA:222,0
DA:223,0
DA:224,0
DA:229,37
DA:230,37
DA:231,2
DA:232,2
DA:233,2
DA:234,2
DA:235,2
DA:236,2
DA:237,2
DA:238,2
DA:239,2
DA:240,3
DA:241,3
[...]
DA:351,0
DA:352,0
DA:354,0
DA:355,0
DA:356,0
DA:357,0
DA:358,0
DA:359,0
DA:360,0
DA:361,0
DA:362,0
DA:363,0
DA:366,0
DA:367,0
DA:369,4
DA:370,4
DA:372,4
DA:373,4
DA:374,1
DA:375,1
DA:377,1
DA:378,1
DA:379,1
DA:380,1
DA:381,1
DA:385,4
DA:386,4
DA:387,3
DA:388,3
DA:390,3
DA:391,3
DA:392,3
DA:393,1
DA:394,1
DA:398,3
DA:399,2
DA:400,2
DA:404,3
DA:405,0
DA:407,3
DA:408,4
DA:409,3
DA:410,3
DA:415,0
DA:419,214
DA:420,214
DA:421,2
DA:422,2
DA:423,2
DA:424,2
DA:425,2
DA:426,2
DA:427,2
DA:428,2
DA:429,2
DA:430,2
DA:431,2
DA:432,2
DA:433,2
DA:434,0
DA:439,214
DA:440,214
DA:441,1
DA:442,1
DA:443,1
DA:444,1
DA:445,1
DA:446,1
DA:448,1
DA:449,0
DA:451,1
DA:453,1
DA:458,214
DA:459,4
DA:460,4
DA:461,4
DA:462,4
DA:463,4
DA:464,4
DA:465,4
DA:466,4
DA:467,1
DA:468,1
DA:470,1
DA:471,1
DA:472,1
DA:473,1
DA:474,1
DA:475,1
DA:476,1
DA:477,1
DA:478,1
DA:482,0
DA:486,214
DA:487,0
DA:491,9202
DA:492,301
DA:493,214
DA:494,214
DA:497,214
DA:498,214
DA:499,214
DA:500,214
DA:501,214
DA:502,214
DA:503,214
DA:504,8396
DA:505,8396
DA:506,2928
DA:507,854
DA:508,854
DA:509,3158
DA:510,3158
DA:512,854
DA:513,854
DA:514,854
DA:515,264
DA:516,264
DA:517,264
DA:518,264
DA:520,854
DA:522,854
DA:523,854
DA:526,214
DA:527,8907
DA:529,8907
DA:530,8907
DA:532,0
DA:534,8907
DA:535,8907
DA:536,8396
DA:537,8396
DA:538,8396
DA:539,8396
DA:540,8396
DA:541,8396
DA:543,511
DA:544,511
DA:545,511
DA:546,511
DA:550,214
DA:551,214
DA:552,214
DA:553,17700
DA:554,8907
DA:555,8907
DA:556,8907
DA:558,214
DA:559,8793
DA:560,214
DA:561,25808
DA:562,214
DA:565,214
DA:566,214
DA:567,8907
DA:569,214
DA:570,214
DA:571,8867
DA:572,8867
DA:573,7310
DA:574,8867
DA:575,214
DA:576,214
DA:578,214
DA:579,175
DA:580,5
DA:581,5
DA:584,0
DA:588,214
DA:589,214
DA:590,44
DA:591,44
DA:593,214
DA:594,9202
DA:595,214
DA:597,214
DA:599,214
DA:600,2782
DA:601,2782
DA:602,84613
DA:603,5350
DA:605,2782
DA:608,214
DA:609,2782
DA:610,84613
DA:611,5176
DA:612,2782
DA:613,2782
DA:614,2782
DA:615,1927
DA:617,1669
DA:618,855
DA:619,704
DA:620,704
DA:621,704
DA:623,151
DA:624,151
DA:627,2782
DA:629,2782
DA:630,2879
DA:632,214
DA:634,102
DA:635,102
DA:636,102
DA:637,102
DA:638,102
DA:639,102
DA:640,102
DA:641,102
DA:642,102
DA:645,46
DA:646,23
DA:647,23
DA:648,23
DA:649,23
DA:650,23
DA:651,23
DA:654,16
DA:655,16
DA:656,16
DA:657,16
DA:658,16
DA:659,16
DA:660,16
DA:661,16
DA:664,420
DA:665,15
DA:666,15
DA:667,15
DA:669,4760
DA:673,19
DA:674,323
DA:675,19
DA:676,209
DA:677,19
DA:678,19
DA:679,19
DA:681,1632
DA:683,99
DA:684,1386
DA:685,2871
DA:686,3069
DA:687,792
DA:688,99
DA:689,99
DA:690,99
DA:695,121
DA:696,121
DA:697,121
DA:698,121
DA:699,121
DA:700,121
DA:701,121
DA:702,1089
DA:706,214
DA:708,214
DA:709,214
DA:710,8907
DA:711,8907
DA:713,214
DA:714,214
DA:722,214
DA:723,214
DA:724,1284
DA:725,214
DA:726,214
DA:727,214
DA:728,209
DA:729,209
DA:730,25557
DA:731,209
DA:732,209
DA:733,209
DA:734,209
DA:735,44
DA:736,44
DA:740,214
DA:741,214
DA:742,214
DA:744,214
DA:745,214
DA:746,43
DA:747,171
DA:748,0
DA:750,214
DA:751,214
DA:758,16
DA:759,1
DA:760,1
DA:761,1
DA:762,1
DA:763,1
DA:764,1
DA:765,1
DA:766,1
DA:767,1
DA:768,1
DA:769,1
DA:770,1
DA:771,1
DA:772,1
DA:773,1
DA:776,15
DA:777,4
DA:780,15
DA:781,15
DA:783,15
DA:784,15
DA:785,13
DA:786,8
DA:787,6
DA:789,15
DA:791,15
DA:793,2
DA:794,2
DA:795,2
DA:797,2
DA:798,0
DA:799,0
DA:800,0
DA:801,0
DA:802,0
DA:803,0
DA:806,0
DA:809,2
DA:810,2
DA:811,2
DA:812,2
DA:814,2
DA:815,2
DA:816,0
DA:817,0
DA:818,0
DA:819,0
DA:820,0
DA:821,0
DA:822,0
DA:823,0
DA:824,0
DA:825,0
DA:826,0
DA:827,0
DA:828,0
DA:830,0
DA:831,0
DA:832,0
DA:833,0
DA:834,0
DA:835,0
DA:836,0
DA:837,0
DA:838,0
DA:839,0
DA:840,0
DA:842,0
DA:844,0
DA:845,0
DA:847,2
DA:857,2
DA:861,0
DA:871,2
DA:872,2
DA:874,13
DA:876,5
DA:877,8
DA:878,2
DA:881,6
DA:884,15
DA:888,3
DA:889,3
DA:890,3
DA:891,3
DA:892,3
DA:893,3
DA:894,3
DA:895,3
DA:896,3
DA:897,0
DA:898,0
DA:899,0
DA:900,0
DA:902,0
DA:904,3
DA:905,0
DA:906,0
DA:907,0
DA:909,3
DA:910,0
DA:911,0
DA:912,0
DA:913,0
DA:915,0
DA:918,3
DA:919,1
DA:920,1
DA:923,2
DA:924,1
DA:925,1
DA:929,1
DA:930,1
DA:932,1
DA:933,1
DA:934,1
DA:935,1
DA:937,1
DA:938,1
DA:939,1
DA:940,1
DA:941,0
DA:943,1
DA:946,1
DA:947,1
DA:948,1
DA:949,1
DA:950,1
DA:951,1
DA:952,1
DA:953,1
DA:954,0
DA:955,0
DA:956,0
DA:957,0
DA:959,0
DA:960,0
DA:962,0
DA:963,0
LF:661
LH:550
BRDA:27,0,0,17
BRDA:37,1,0,1
BRDA:38,2,0,38
BRDA:38,3,0,214
BRDA:38,3,1,177
BRDA:48,4,0,37
BRDA:48,5,0,214
BRDA:48,5,1,37
BRDA:55,6,0,3
BRDA:55,6,1,34
BRDA:55,7,0,37
BRDA:55,7,1,3
BRDA:55,7,2,3
BRDA:60,8,0,3
BRDA:61,9,0,3
BRDA:61,9,1,3
BRDA:63,10,0,3
BRDA:63,10,1,0
BRDA:64,11,0,3
BRDA:65,12,0,3
BRDA:69,13,0,3
BRDA:71,14,0,1
BRDA:72,15,0,1
BRDA:72,15,1,0
BRDA:74,16,0,0
BRDA:76,17,0,0
BRDA:80,18,0,3
BRDA:80,19,0,3
BRDA:80,19,1,3
BRDA:82,20,0,3
BRDA:82,20,1,0
BRDA:87,21,0,7
BRDA:87,21,1,27
BRDA:87,22,0,34
BRDA:87,22,1,8
BRDA:89,23,0,7
BRDA:89,23,1,7
BRDA:91,24,0,7
BRDA:92,25,0,7
BRDA:95,26,0,7
BRDA:97,27,0,2
BRDA:98,28,0,3
BRDA:98,28,1,0
BRDA:100,29,0,18
BRDA:100,29,1,9
BRDA:100,30,0,27
BRDA:100,30,1,26
BRDA:102,31,0,17
BRDA:102,31,1,1
BRDA:102,32,0,18
BRDA:102,32,1,17
BRDA:113,33,0,20
BRDA:113,34,0,320
BRDA:113,34,1,303
BRDA:113,34,2,302
BRDA:113,34,3,301
BRDA:125,35,0,1
BRDA:125,36,0,37
BRDA:125,36,1,1
BRDA:125,36,2,1
BRDA:125,36,3,1
BRDA:130,37,0,0
BRDA:130,37,1,1
BRDA:135,38,0,0
BRDA:138,39,0,1
BRDA:138,39,1,0
BRDA:140,40,0,0
BRDA:144,41,0,1
BRDA:144,42,0,37
BRDA:144,42,1,1
BRDA:144,42,2,1
BRDA:144,42,3,1
BRDA:151,43,0,0
BRDA:151,43,1,1
BRDA:154,44,0,1
BRDA:154,44,1,0
BRDA:160,45,0,1
BRDA:160,45,1,0
BRDA:168,46,0,0
BRDA:177,47,0,1
BRDA:184,48,0,1
BRDA:184,49,0,1
BRDA:184,49,1,1
BRDA:185,50,0,1
BRDA:185,50,1,0
BRDA:189,51,0,0
BRDA:195,52,0,1
BRDA:205,53,0,1
BRDA:205,53,1,0
BRDA:207,54,0,1
BRDA:207,54,1,0
BRDA:208,55,0,1
BRDA:208,55,1,0
BRDA:215,56,0,0
BRDA:215,56,1,0
BRDA:222,57,0,0
BRDA:222,57,1,0
BRDA:224,58,0,0
BRDA:224,58,1,0
BRDA:230,59,0,2
BRDA:230,60,0,37
BRDA:230,60,1,2
BRDA:235,61,0,2
BRDA:235,62,0,2
BRDA:235,62,1,2
BRDA:235,62,2,2
BRDA:240,63,0,3
BRDA:240,63,1,0
BRDA:240,63,2,0
BRDA:241,64,0,3
BRDA:241,64,1,0
BRDA:242,65,0,0
BRDA:244,66,0,0
BRDA:245,67,0,0
BRDA:249,68,0,0
BRDA:249,68,1,3
BRDA:255,69,0,3
BRDA:255,69,1,0
BRDA:256,70,0,3
BRDA:261,71,0,0
BRDA:264,72,0,2
BRDA:264,73,0,2
BRDA:264,73,1,2
BRDA:265,74,0,2
BRDA:265,74,1,0
BRDA:266,75,0,5
BRDA:266,75,1,3
BRDA:267,76,0,0
BRDA:267,76,1,2
BRDA:268,77,0,2
BRDA:268,77,1,0
BRDA:271,78,0,1
BRDA:272,79,0,1
BRDA:273,80,0,1
BRDA:281,81,0,1
BRDA:281,82,0,37
BRDA:281,82,1,1
BRDA:283,83,0,1
BRDA:291,84,0,2
BRDA:291,84,1,0
BRDA:292,85,0,0
BRDA:292,86,0,2
BRDA:292,86,1,2
BRDA:292,86,2,2
BRDA:293,87,0,2
BRDA:293,87,1,0
BRDA:297,88,0,0
BRDA:297,88,1,2
BRDA:315,89,0,5
BRDA:317,90,0,5
BRDA:318,91,0,6
BRDA:318,91,1,6
BRDA:325,92,0,16
BRDA:325,93,0,37
BRDA:325,93,1,21
BRDA:325,93,2,21
BRDA:325,93,3,21
BRDA:327,94,0,0
BRDA:333,95,0,16
BRDA:337,96,0,16
BRDA:345,97,0,4
BRDA:345,98,0,214
BRDA:345,98,1,4
BRDA:349,99,0,4
BRDA:349,99,1,0
BRDA:351,100,0,0
BRDA:351,100,1,0
BRDA:358,101,0,0
BRDA:358,101,1,0
BRDA:359,102,0,0
BRDA:360,103,0,0
BRDA:360,103,1,0
BRDA:362,104,0,0
BRDA:366,105,0,0
BRDA:369,106,0,4
BRDA:373,107,0,1
BRDA:373,108,0,4
BRDA:373,108,1,1
BRDA:373,108,2,1
BRDA:373,108,3,1
BRDA:377,109,0,0
BRDA:377,109,1,1
BRDA:378,110,0,0
BRDA:381,111,0,1
BRDA:381,112,0,1
BRDA:381,112,1,0
BRDA:381,113,0,0
BRDA:386,114,0,3
BRDA:386,115,0,4
BRDA:386,115,1,3
BRDA:390,116,0,1
BRDA:390,116,1,2
BRDA:390,117,0,3
BRDA:390,117,1,1
BRDA:390,118,0,2
BRDA:390,118,1,2
BRDA:391,119,0,3
BRDA:393,120,0,1
BRDA:393,120,1,0
BRDA:393,120,2,0
BRDA:394,121,0,1
BRDA:394,122,0,1
BRDA:394,123,0,1
BRDA:394,123,1,0
BRDA:398,124,0,2
BRDA:400,125,0,2
BRDA:400,126,0,2
BRDA:400,127,0,2
BRDA:400,127,1,2
BRDA:404,128,0,0
BRDA:405,129,0,0
BRDA:408,130,0,4
BRDA:408,130,1,4
BRDA:420,131,0,2
BRDA:420,132,0,214
BRDA:420,132,1,2
BRDA:423,133,0,2
BRDA:423,133,1,2
BRDA:424,134,0,2
BRDA:424,134,1,2
BRDA:426,135,0,2
BRDA:426,136,0,2
BRDA:426,136,1,2
BRDA:426,136,2,2
BRDA:426,136,3,2
BRDA:430,137,0,0
BRDA:430,137,1,2
BRDA:431,138,0,1
BRDA:433,139,0,1
BRDA:440,140,0,1
BRDA:440,141,0,214
BRDA:440,141,1,1
BRDA:444,142,0,1
BRDA:444,143,0,1
BRDA:444,143,1,1
BRDA:445,144,0,1
BRDA:445,144,1,1
BRDA:448,145,0,0
BRDA:448,145,1,1
BRDA:448,146,0,1
BRDA:448,146,1,0
BRDA:458,147,0,4
BRDA:458,148,0,214
BRDA:458,148,1,4
BRDA:463,149,0,4
BRDA:463,149,1,4
BRDA:464,150,0,3
BRDA:465,151,0,3
BRDA:466,152,0,1
BRDA:471,153,0,1
BRDA:471,153,1,0
BRDA:475,154,0,1
BRDA:475,154,1,0
BRDA:486,155,0,0
BRDA:486,156,0,214
BRDA:486,156,1,214
BRDA:486,156,2,0
BRDA:492,157,0,7
BRDA:493,158,0,1
BRDA:500,159,0,3
BRDA:500,159,1,211
BRDA:500,160,0,214
BRDA:500,160,1,3
BRDA:501,161,0,0
BRDA:501,161,1,214
BRDA:501,162,0,214
BRDA:501,162,1,0
BRDA:506,163,0,2074
BRDA:507,164,0,854
BRDA:507,164,1,43
BRDA:514,165,0,264
BRDA:514,166,0,854
BRDA:514,166,1,280
BRDA:515,167,0,0
BRDA:516,168,0,264
BRDA:517,169,0,0
BRDA:518,170,0,0
BRDA:520,171,0,0
BRDA:520,172,0,854
BRDA:520,172,1,140
BRDA:522,173,0,547
BRDA:522,174,0,854
BRDA:522,174,1,590
BRDA:523,175,0,811
BRDA:530,176,0,0
BRDA:530,176,1,8907
BRDA:537,177,0,0
BRDA:543,178,0,0
BRDA:546,179,0,0
BRDA:546,179,1,511
BRDA:546,180,0,511
BRDA:546,180,1,511
BRDA:546,181,0,511
BRDA:546,181,1,0
BRDA:553,182,0,8793
BRDA:558,183,0,214
BRDA:558,183,1,1
BRDA:566,184,0,1
BRDA:566,184,1,213
BRDA:571,185,0,8867
BRDA:571,185,1,1874
BRDA:571,185,2,1874
BRDA:572,186,0,8867
BRDA:572,186,1,1874
BRDA:572,186,2,843
BRDA:573,187,0,170
BRDA:573,187,1,44
BRDA:573,188,0,214
BRDA:573,188,1,214
BRDA:574,189,0,8867
BRDA:574,189,1,624
BRDA:575,190,0,1
BRDA:575,190,1,213
BRDA:576,191,0,214
BRDA:576,191,1,213
BRDA:576,191,2,0
BRDA:578,192,0,5
BRDA:580,193,0,5
BRDA:580,193,1,0
BRDA:581,194,0,2
BRDA:589,195,0,44
BRDA:589,196,0,214
BRDA:589,196,1,214
BRDA:591,197,0,43
BRDA:593,198,0,79
BRDA:593,199,0,214
BRDA:593,199,1,214
BRDA:603,200,0,986
BRDA:603,201,0,5350
BRDA:603,201,1,5176
BRDA:603,202,0,986
BRDA:603,202,1,0
BRDA:608,203,0,0
BRDA:609,204,0,2782
BRDA:609,204,1,338
BRDA:614,205,0,1927
BRDA:614,205,1,855
BRDA:617,206,0,1669
BRDA:617,206,1,986
BRDA:617,206,2,986
BRDA:618,207,0,704
BRDA:618,207,1,151
BRDA:620,208,0,704
BRDA:620,208,1,135
BRDA:624,209,0,94
BRDA:627,210,0,188
BRDA:627,210,1,2594
BRDA:627,211,0,667
BRDA:627,211,1,1927
BRDA:629,212,0,188
BRDA:634,213,0,102
BRDA:634,213,1,89
BRDA:634,213,2,89
BRDA:634,213,3,87
BRDA:636,214,0,102
BRDA:636,214,1,22
BRDA:636,214,2,22
BRDA:636,214,3,22
BRDA:638,215,0,102
BRDA:638,215,1,102
BRDA:639,216,0,80
BRDA:640,217,0,78
BRDA:641,218,0,80
BRDA:642,219,0,102
BRDA:642,219,1,22
BRDA:642,219,2,22
BRDA:646,220,0,23
BRDA:646,220,1,23
BRDA:646,220,2,0
BRDA:646,220,3,0
BRDA:646,220,4,0
BRDA:648,221,0,23
BRDA:648,222,0,23
BRDA:648,222,1,23
BRDA:649,223,0,0
BRDA:649,224,0,23
BRDA:649,224,1,23
BRDA:649,224,2,0
BRDA:650,225,0,23
BRDA:657,226,0,16
BRDA:657,226,1,13
BRDA:657,226,2,13
BRDA:658,227,0,16
BRDA:658,227,1,13
BRDA:658,227,2,13
BRDA:658,227,3,13
BRDA:658,227,4,13
BRDA:659,228,0,3
BRDA:660,229,0,3
BRDA:661,230,0,16
BRDA:661,230,1,13
BRDA:665,231,0,15
BRDA:665,231,1,14
BRDA:665,231,2,13
BRDA:666,232,0,1
BRDA:666,233,0,2
BRDA:666,234,0,14
BRDA:669,235,0,207
BRDA:669,235,1,40
BRDA:669,236,0,207
BRDA:669,236,1,0
BRDA:674,237,0,19
BRDA:674,237,1,3
BRDA:675,238,0,2
BRDA:677,239,0,4
BRDA:678,240,0,19
BRDA:678,240,1,17
BRDA:681,241,0,18
BRDA:681,241,1,84
BRDA:688,242,0,85
BRDA:688,243,0,84
BRDA:688,244,0,85
BRDA:688,245,0,0
BRDA:689,246,0,99
BRDA:689,246,1,14
BRDA:689,246,2,13
BRDA:689,246,3,13
BRDA:695,247,0,121
BRDA:695,247,1,100
BRDA:696,248,0,121
BRDA:696,248,1,16
BRDA:696,249,0,16
BRDA:696,249,1,16
BRDA:697,250,0,121
BRDA:697,250,1,102
BRDA:699,251,0,105
BRDA:700,252,0,102
BRDA:701,253,0,0
BRDA:702,254,0,121
BRDA:702,254,1,121
BRDA:702,254,2,16
BRDA:702,254,3,16
BRDA:710,255,0,8907
BRDA:710,255,1,511
BRDA:711,256,0,1879
BRDA:711,257,0,8907
BRDA:711,257,1,8907
BRDA:723,258,0,214
BRDA:723,258,1,26
BRDA:726,259,0,211
BRDA:726,259,1,3
BRDA:728,260,0,209
BRDA:728,260,1,0
BRDA:730,261,0,1436
BRDA:731,262,0,184
BRDA:731,262,1,25
BRDA:732,263,0,209
BRDA:732,263,1,59
BRDA:734,264,0,44
BRDA:735,265,0,44
BRDA:735,265,1,32
BRDA:745,266,0,43
BRDA:745,266,1,171
BRDA:745,267,0,214
BRDA:745,267,1,43
BRDA:745,267,2,43
BRDA:747,268,0,0
BRDA:747,269,0,171
BRDA:747,269,1,0
BRDA:750,270,0,43
BRDA:751,271,0,1
BRDA:751,272,0,214
BRDA:751,272,1,1
BRDA:756,273,0,0
BRDA:758,274,0,1
BRDA:758,275,0,16
BRDA:758,275,1,3
BRDA:760,276,0,1
BRDA:760,276,1,1
BRDA:776,277,0,4
BRDA:784,278,0,2
BRDA:785,279,0,5
BRDA:786,280,0,2
BRDA:789,281,0,15
BRDA:789,281,1,4
BRDA:791,282,0,2
BRDA:791,282,1,13
BRDA:794,283,0,2
BRDA:794,283,1,0
BRDA:795,284,0,2
BRDA:795,284,1,0
BRDA:797,285,0,0
BRDA:797,286,0,2
BRDA:797,286,1,2
BRDA:800,287,0,0
BRDA:800,287,1,0
BRDA:800,288,0,0
BRDA:800,288,1,0
BRDA:801,289,0,0
BRDA:801,289,1,0
BRDA:803,290,0,0
BRDA:803,291,0,0
BRDA:803,291,1,0
BRDA:811,292,0,0
BRDA:811,292,1,2
BRDA:812,293,0,0
BRDA:812,293,1,2
BRDA:814,294,0,2
BRDA:814,294,1,0
BRDA:815,295,0,0
BRDA:815,295,1,2
BRDA:821,296,0,0
BRDA:821,296,1,0
BRDA:822,297,0,0
BRDA:822,297,1,0
BRDA:823,298,0,0
BRDA:823,298,1,0
BRDA:824,299,0,0
BRDA:824,299,1,0
BRDA:825,300,0,0
BRDA:825,301,0,0
BRDA:825,301,1,0
BRDA:832,302,0,0
BRDA:836,303,0,0
BRDA:836,303,1,0
BRDA:837,304,0,0
BRDA:837,304,1,0
BRDA:838,305,0,0
BRDA:838,305,1,0
BRDA:839,306,0,0
BRDA:853,307,0,2
BRDA:853,307,1,0
BRDA:854,308,0,2
BRDA:854,308,1,0
BRDA:855,309,0,2
BRDA:855,309,1,0
BRDA:856,310,0,2
BRDA:856,310,1,0
BRDA:857,311,0,2
BRDA:857,311,1,0
BRDA:860,312,0,0
BRDA:860,312,1,2
BRDA:862,313,0,0
BRDA:862,313,1,0
BRDA:863,314,0,0
BRDA:863,314,1,0
BRDA:864,315,0,0
BRDA:864,315,1,0
BRDA:874,316,0,5
BRDA:874,316,1,8
BRDA:877,317,0,2
BRDA:877,317,1,6
BRDA:887,318,0,0
BRDA:894,319,0,0
BRDA:894,319,1,3
BRDA:896,320,0,0
BRDA:899,321,0,0
BRDA:899,322,0,0
BRDA:899,322,1,0
BRDA:904,323,0,0
BRDA:904,324,0,3
BRDA:904,324,1,0
BRDA:909,325,0,0
BRDA:910,326,0,0
BRDA:910,326,1,0
BRDA:912,327,0,0
BRDA:918,328,0,1
BRDA:923,329,0,1
BRDA:933,330,0,1
BRDA:933,330,1,0
BRDA:934,331,0,1
BRDA:934,331,1,0
BRDA:935,332,0,0
BRDA:935,332,1,1
BRDA:935,333,0,1
BRDA:935,333,1,0
BRDA:940,334,0,0
BRDA:940,335,0,1
BRDA:940,335,1,0
BRDA:953,336,0,0
BRDA:956,337,0,0
BRDA:960,338,0,0
BRDA:960,338,1,0
BRF:573
BRH:409
end_of_record
TN:
SF:src\safe-exec.ts
FN:16,isToolSkipped
FN:19,(anonymous_2)
FN:24,safeExec
FN:75,getConfiguredTimeout
FNF:4
FNH:4
FNDA:976,isToolSkipped
FNDA:1029,(anonymous_2)
FNDA:616,safeExec
FNDA:1,getConfiguredTimeout
DA:1,23
DA:15,23
DA:16,23
DA:17,976
DA:19,1029
DA:21,976
DA:24,23
DA:25,616
DA:26,616
DA:27,7
DA:39,609
DA:40,609
DA:44,567
DA:45,567
DA:46,567
DA:59,0
DA:60,0
DA:61,0
DA:75,23
DA:76,1
LF:20
LH:17
BRDA:15,0,0,23
BRDA:15,0,1,23
BRDA:17,1,0,976
BRDA:17,1,1,871
BRDA:24,2,0,0
BRDA:26,3,0,7
BRDA:41,4,0,609
BRDA:41,4,1,229
BRDA:45,5,0,567
BRDA:45,5,1,559
BRDA:47,6,0,567
BRDA:47,6,1,567
BRDA:48,7,0,567
BRDA:48,7,1,6
BRDA:50,8,0,567
BRDA:50,8,1,559
BRDA:55,9,0,567
BRDA:55,9,1,0
BRDA:55,10,0,8
BRDA:55,10,1,559
BRDA:55,11,0,559
BRDA:55,11,1,0
BRDA:55,11,2,0
BRDA:62,12,0,0
BRDA:62,12,1,0
BRDA:63,13,0,0
BRDA:63,13,1,0
BRDA:64,14,0,0
BRDA:64,14,1,0
BRDA:65,15,0,0
BRDA:65,15,1,0
BRDA:70,16,0,0
BRDA:70,16,1,0
BRDA:70,17,0,0
BRDA:70,17,1,0
BRDA:70,17,2,0
BRF:36
BRH:19
end_of_record
TN:
SF:src\static-parsers.ts
FN:57,parseClientHelloStrings
FN:105,detectNoisePattern
FN:118,detectVoucherStruct
FN:120,(anonymous_12)
FN:121,(anonymous_13)
FN:121,(anonymous_14)
FN:140,extractStaticPatterns
FN:149,(anonymous_16)
FN:151,(anonymous_17)
FN:151,(anonymous_18)
FN:154,(anonymous_19)
FN:155,(anonymous_20)
FN:157,(anonymous_21)
FN:169,(anonymous_22)
FN:174,(anonymous_23)
FN:203,(anonymous_24)
FNF:16
FNH:16
FNDA:369,parseClientHelloStrings
FNDA:370,detectNoisePattern
FNDA:369,detectVoucherStruct
FNDA:318,(anonymous_12)
FNDA:1107,(anonymous_13)
FNDA:897,(anonymous_14)
FNDA:368,extractStaticPatterns
FNDA:312,(anonymous_16)
FNDA:2944,(anonymous_17)
FNDA:2461,(anonymous_18)
FNDA:23,(anonymous_19)
FNDA:23,(anonymous_20)
FNDA:21,(anonymous_21)
FNDA:22,(anonymous_22)
FNDA:26,(anonymous_23)
FNDA:26,(anonymous_24)
DA:5,23
DA:57,23
DA:58,369
DA:59,369
DA:60,369
DA:61,317
DA:62,1585
DA:65,369
DA:67,5
DA:88,5
DA:89,5
DA:90,5
DA:91,5
DA:92,17
DA:93,323
DA:94,4
DA:95,4
DA:99,5
DA:100,5
DA:101,5
DA:105,23
DA:106,370
DA:107,370
DA:108,370
DA:109,148
DA:111,222
DA:112,1
DA:114,221
DA:118,23
DA:119,369
DA:120,369
DA:121,1107
DA:122,369
DA:124,6
DA:125,6
DA:126,6
DA:127,6
DA:128,18
DA:129,18
DA:130,18
DA:131,18
DA:134,6
DA:136,6
DA:137,6
DA:140,23
DA:141,368
DA:142,368
DA:143,368
DA:144,368
DA:145,368
DA:146,368
DA:147,368
DA:149,368
DA:150,368
DA:151,2944
DA:152,368
DA:154,23
DA:155,23
DA:156,2
DA:157,21
DA:159,2
DA:160,2
DA:161,2
DA:162,23
DA:163,23
DA:164,3
DA:165,3
DA:169,22
DA:170,2
DA:173,368
DA:174,26
DA:178,5
DA:179,3
DA:180,2
DA:181,1
DA:182,1
DA:184,3
DA:186,5
DA:187,5
DA:188,5
DA:189,5
DA:190,1
DA:191,1
DA:192,1
DA:193,1
DA:194,1
DA:196,1
DA:197,1
DA:203,26
DA:204,5
DA:205,1
DA:206,1
DA:207,1
DA:209,5
DA:211,368
LF:95
LH:95
BRDA:62,0,0,10
BRDA:62,1,0,1585
BRDA:62,1,1,1581
BRDA:62,1,2,10
BRDA:65,2,0,364
BRDA:93,3,0,4
BRDA:93,4,0,323
BRDA:93,4,1,4
BRDA:108,5,0,148
BRDA:111,6,0,1
BRDA:111,7,0,222
BRDA:111,7,1,1
BRDA:122,8,0,363
BRDA:124,9,0,6
BRDA:129,10,0,18
BRDA:130,11,0,6
BRDA:131,12,0,15
BRDA:134,13,0,6
BRDA:134,14,0,6
BRDA:134,14,1,6
BRDA:136,15,0,6
BRDA:136,15,1,6
BRDA:136,15,2,6
BRDA:143,16,0,4
BRDA:145,17,0,147
BRDA:147,18,0,5
BRDA:152,19,0,2
BRDA:152,20,0,368
BRDA:152,20,1,153
BRDA:157,21,0,21
BRDA:157,21,1,20
BRDA:163,22,0,3
BRDA:165,23,0,3
BRDA:165,24,0,3
BRDA:165,24,1,3
BRDA:173,25,0,5
BRDA:174,26,0,26
BRDA:174,26,1,24
BRDA:179,27,0,2
BRDA:179,27,1,1
BRDA:180,28,0,1
BRDA:180,28,1,1
BRDA:180,29,0,1
BRDA:180,30,0,1
BRDA:180,30,1,1
BRDA:181,31,0,1
BRDA:181,32,0,1
BRDA:181,32,1,1
BRDA:184,33,0,1
BRDA:184,34,0,3
BRDA:184,34,1,3
BRDA:184,34,2,2
BRDA:189,35,0,1
BRDA:189,36,0,5
BRDA:189,36,1,1
BRDA:189,36,2,1
BRDA:193,37,0,1
BRDA:193,37,1,1
BRDA:193,37,2,1
BRDA:194,38,0,1
BRDA:203,39,0,26
BRDA:203,39,1,1
BRDA:203,39,2,0
BRDA:204,40,0,1
BRDA:207,41,0,1
BRDA:207,41,1,0
BRDA:207,42,0,1
BRDA:207,42,1,0
BRDA:209,43,0,5
BRDA:209,43,1,1
BRF:70
BRH:67
end_of_record
TN:
SF:src\sbom\sbom-validators.ts
FN:10,validateCycloneDXShape
FN:26,(anonymous_1)
FN:35,validateSPDXTagValue
FN:38,(anonymous_3)
FN:41,(anonymous_4)
FN:43,(anonymous_5)
FN:50,validateCycloneDXStrict
FN:60,(anonymous_7)
FN:67,(anonymous_8)
FN:76,(anonymous_9)
FN:78,(anonymous_10)
FN:82,(anonymous_11)
FN:89,validateSPDXTagValueStrict
FNF:13
FNH:13
FNDA:5,validateCycloneDXShape
FNDA:1,(anonymous_1)
FNDA:7,validateSPDXTagValue
FNDA:57,(anonymous_3)
FNDA:86,(anonymous_4)
FNDA:51,(anonymous_5)
FNDA:3,validateCycloneDXStrict
FNDA:2,(anonymous_7)
FNDA:1,(anonymous_8)
FNDA:1,(anonymous_9)
FNDA:2,(anonymous_10)
FNDA:2,(anonymous_11)
FNDA:4,validateSPDXTagValueStrict
DA:10,2
DA:11,5
DA:12,5
DA:13,5
DA:14,5
DA:15,5
DA:16,5
DA:17,5
DA:19,4
DA:20,4
DA:21,4
DA:23,5
DA:24,3
DA:26,3
DA:27,1
DA:28,1
DA:32,5
DA:35,2
DA:36,7
DA:37,7
DA:38,57
DA:39,7
DA:40,7
DA:41,86
DA:43,51
DA:44,0
DA:46,7
DA:50,2
DA:51,3
DA:52,3
DA:53,3
DA:55,3
DA:56,3
DA:57,3
DA:58,3
DA:59,2
DA:60,2
DA:61,2
DA:63,2
DA:66,3
DA:67,2
DA:68,1
DA:69,1
DA:70,0
DA:75,3
DA:76,3
DA:77,3
DA:78,2
DA:79,2
DA:80,2
DA:81,2
DA:82,2
DA:86,3
DA:89,2
DA:90,4
DA:91,4
DA:92,4
DA:94,3
DA:96,3
DA:98,3
DA:99,3
LF:61
LH:59
BRDA:12,0,0,0
BRDA:12,1,0,5
BRDA:12,1,1,5
BRDA:13,2,0,1
BRDA:14,3,0,1
BRDA:15,4,0,1
BRDA:17,5,0,1
BRDA:17,5,1,4
BRDA:19,6,0,0
BRDA:20,7,0,0
BRDA:21,8,0,0
BRDA:23,9,0,3
BRDA:24,10,0,0
BRDA:24,10,1,3
BRDA:27,11,0,0
BRDA:28,12,0,0
BRDA:37,13,0,0
BRDA:37,14,0,7
BRDA:37,14,1,7
BRDA:41,15,0,2
BRDA:43,16,0,0
BRDA:53,17,0,0
BRDA:55,18,0,0
BRDA:55,19,0,3
BRDA:55,19,1,0
BRDA:56,20,0,0
BRDA:58,21,0,2
BRDA:59,22,0,0
BRDA:59,22,1,2
BRDA:61,23,0,0
BRDA:63,24,0,0
BRDA:66,25,0,2
BRDA:68,26,0,0
BRDA:68,27,0,1
BRDA:68,27,1,0
BRDA:69,28,0,0
BRDA:70,29,0,0
BRDA:76,30,0,2
BRDA:77,31,0,2
BRDA:79,32,0,0
BRDA:80,33,0,0
BRDA:80,34,0,2
BRDA:80,34,1,2
BRDA:81,35,0,2
BRDA:82,36,0,1
BRDA:92,37,0,1
BRDA:94,38,0,0
BRDA:96,39,0,0
BRDA:98,40,0,1
BRDA:98,41,0,3
BRDA:98,41,1,2
BRF:51
BRH:27
end_of_record
